{"E:\\JavaScript\\FinanceAdvisor\\db\\postgress\\dbPool.js": {"path":"E:\\JavaScript\\FinanceAdvisor\\db\\postgress\\dbPool.js","statementMap":{"0":{"start":{"line":4,"column":0},"end":{"line":4,"column":16}},"1":{"start":{"line":6,"column":17},"end":{"line":6,"column":19}},"2":{"start":{"line":8,"column":13},"end":{"line":14,"column":2}}},"fnMap":{},"branchMap":{},"s":{"0":9,"1":9,"2":9},"f":{},"b":{},"_coverageSchema":"1a1c01bbd47fc00a2c39e90264f33305004495a9","hash":"bcd0e2b32bf648aba1d0a30c1ca060149911991f"}
,"E:\\JavaScript\\FinanceAdvisor\\db\\redis\\redisConfig.js": {"path":"E:\\JavaScript\\FinanceAdvisor\\db\\redis\\redisConfig.js","statementMap":{"0":{"start":{"line":4,"column":0},"end":{"line":4,"column":16}},"1":{"start":{"line":6,"column":11},"end":{"line":11,"column":2}},"2":{"start":{"line":13,"column":0},"end":{"line":13,"column":64}},"3":{"start":{"line":13,"column":24},"end":{"line":13,"column":62}},"4":{"start":{"line":15,"column":0},"end":{"line":21,"column":5}},"5":{"start":{"line":16,"column":2},"end":{"line":20,"column":3}},"6":{"start":{"line":17,"column":4},"end":{"line":17,"column":23}},"7":{"start":{"line":19,"column":4},"end":{"line":19,"column":50}}},"fnMap":{"0":{"name":"(anonymous_0)","decl":{"start":{"line":13,"column":15},"end":{"line":13,"column":16}},"loc":{"start":{"line":13,"column":24},"end":{"line":13,"column":62}},"line":13},"1":{"name":"(anonymous_1)","decl":{"start":{"line":15,"column":1},"end":{"line":15,"column":2}},"loc":{"start":{"line":15,"column":13},"end":{"line":21,"column":1}},"line":15}},"branchMap":{},"s":{"0":1,"1":1,"2":1,"3":0,"4":1,"5":1,"6":1,"7":0},"f":{"0":0,"1":1},"b":{},"_coverageSchema":"1a1c01bbd47fc00a2c39e90264f33305004495a9","hash":"4493d6d6fdd8c33dbcef58a13797dc1089dbfb15"}
,"E:\\JavaScript\\FinanceAdvisor\\db\\redis\\redisRepository.js": {"path":"E:\\JavaScript\\FinanceAdvisor\\db\\redis\\redisRepository.js","statementMap":{"0":{"start":{"line":5,"column":4},"end":{"line":12,"column":5}},"1":{"start":{"line":6,"column":21},"end":{"line":6,"column":65}},"2":{"start":{"line":8,"column":6},"end":{"line":8,"column":20}},"3":{"start":{"line":10,"column":6},"end":{"line":10,"column":63}},"4":{"start":{"line":11,"column":6},"end":{"line":11,"column":18}},"5":{"start":{"line":16,"column":4},"end":{"line":23,"column":5}},"6":{"start":{"line":17,"column":20},"end":{"line":17,"column":71}},"7":{"start":{"line":19,"column":6},"end":{"line":19,"column":19}},"8":{"start":{"line":21,"column":6},"end":{"line":21,"column":69}},"9":{"start":{"line":22,"column":6},"end":{"line":22,"column":18}},"10":{"start":{"line":27,"column":4},"end":{"line":34,"column":5}},"11":{"start":{"line":28,"column":20},"end":{"line":28,"column":72}},"12":{"start":{"line":30,"column":6},"end":{"line":30,"column":19}},"13":{"start":{"line":32,"column":6},"end":{"line":32,"column":70}},"14":{"start":{"line":33,"column":6},"end":{"line":33,"column":18}},"15":{"start":{"line":38,"column":4},"end":{"line":43,"column":5}},"16":{"start":{"line":39,"column":6},"end":{"line":39,"column":49}},"17":{"start":{"line":41,"column":6},"end":{"line":41,"column":68}},"18":{"start":{"line":42,"column":6},"end":{"line":42,"column":18}},"19":{"start":{"line":47,"column":4},"end":{"line":52,"column":5}},"20":{"start":{"line":48,"column":6},"end":{"line":48,"column":48}},"21":{"start":{"line":50,"column":6},"end":{"line":50,"column":67}},"22":{"start":{"line":51,"column":6},"end":{"line":51,"column":18}},"23":{"start":{"line":56,"column":4},"end":{"line":62,"column":5}},"24":{"start":{"line":57,"column":6},"end":{"line":57,"column":62}},"25":{"start":{"line":58,"column":6},"end":{"line":58,"column":60}},"26":{"start":{"line":60,"column":6},"end":{"line":60,"column":63}},"27":{"start":{"line":61,"column":6},"end":{"line":61,"column":18}},"28":{"start":{"line":66,"column":31},"end":{"line":66,"column":52}}},"fnMap":{"0":{"name":"(anonymous_0)","decl":{"start":{"line":4,"column":2},"end":{"line":4,"column":3}},"loc":{"start":{"line":4,"column":28},"end":{"line":13,"column":3}},"line":4},"1":{"name":"(anonymous_1)","decl":{"start":{"line":15,"column":2},"end":{"line":15,"column":3}},"loc":{"start":{"line":15,"column":36},"end":{"line":24,"column":3}},"line":15},"2":{"name":"(anonymous_2)","decl":{"start":{"line":26,"column":2},"end":{"line":26,"column":3}},"loc":{"start":{"line":26,"column":37},"end":{"line":35,"column":3}},"line":26},"3":{"name":"(anonymous_3)","decl":{"start":{"line":37,"column":2},"end":{"line":37,"column":3}},"loc":{"start":{"line":37,"column":31},"end":{"line":44,"column":3}},"line":37},"4":{"name":"(anonymous_4)","decl":{"start":{"line":46,"column":2},"end":{"line":46,"column":3}},"loc":{"start":{"line":46,"column":30},"end":{"line":53,"column":3}},"line":46},"5":{"name":"(anonymous_5)","decl":{"start":{"line":55,"column":2},"end":{"line":55,"column":3}},"loc":{"start":{"line":55,"column":27},"end":{"line":63,"column":3}},"line":55}},"branchMap":{},"s":{"0":0,"1":0,"2":0,"3":0,"4":0,"5":0,"6":0,"7":0,"8":0,"9":0,"10":0,"11":0,"12":0,"13":0,"14":0,"15":0,"16":0,"17":0,"18":0,"19":0,"20":0,"21":0,"22":0,"23":0,"24":0,"25":0,"26":0,"27":0,"28":1},"f":{"0":0,"1":0,"2":0,"3":0,"4":0,"5":0},"b":{},"_coverageSchema":"1a1c01bbd47fc00a2c39e90264f33305004495a9","hash":"09bfa69d9908b26eb8e3e1fc9f859532dc949083"}
,"E:\\JavaScript\\FinanceAdvisor\\src\\routers.js": {"path":"E:\\JavaScript\\FinanceAdvisor\\src\\routers.js","statementMap":{"0":{"start":{"line":12,"column":15},"end":{"line":12,"column":31}},"1":{"start":{"line":14,"column":0},"end":{"line":14,"column":40}},"2":{"start":{"line":15,"column":0},"end":{"line":15,"column":33}},"3":{"start":{"line":16,"column":0},"end":{"line":16,"column":33}},"4":{"start":{"line":17,"column":0},"end":{"line":17,"column":42}},"5":{"start":{"line":18,"column":0},"end":{"line":18,"column":53}},"6":{"start":{"line":19,"column":0},"end":{"line":19,"column":51}},"7":{"start":{"line":20,"column":0},"end":{"line":20,"column":41}},"8":{"start":{"line":21,"column":0},"end":{"line":21,"column":59}},"9":{"start":{"line":22,"column":0},"end":{"line":22,"column":53}}},"fnMap":{},"branchMap":{},"s":{"0":1,"1":1,"2":1,"3":1,"4":1,"5":1,"6":1,"7":1,"8":1,"9":1},"f":{},"b":{},"_coverageSchema":"1a1c01bbd47fc00a2c39e90264f33305004495a9","hash":"a9931d9eb5c0f33c43e8c9ecffa35ece2fdd22d7"}
,"E:\\JavaScript\\FinanceAdvisor\\src\\controllers\\authenticationController.js": {"path":"E:\\JavaScript\\FinanceAdvisor\\src\\controllers\\authenticationController.js","statementMap":{"0":{"start":{"line":3,"column":46},"end":{"line":21,"column":1}},"1":{"start":{"line":4,"column":25},"end":{"line":11,"column":3}},"2":{"start":{"line":13,"column":2},"end":{"line":19,"column":3}},"3":{"start":{"line":14,"column":4},"end":{"line":18,"column":5}},"4":{"start":{"line":15,"column":6},"end":{"line":17,"column":62}},"5":{"start":{"line":20,"column":2},"end":{"line":20,"column":14}},"6":{"start":{"line":25,"column":4},"end":{"line":25,"column":31}},"7":{"start":{"line":27,"column":21},"end":{"line":46,"column":3}},"8":{"start":{"line":28,"column":4},"end":{"line":45,"column":5}},"9":{"start":{"line":29,"column":37},"end":{"line":29,"column":45}},"10":{"start":{"line":31,"column":6},"end":{"line":31,"column":47}},"11":{"start":{"line":33,"column":19},"end":{"line":33,"column":69}},"12":{"start":{"line":34,"column":6},"end":{"line":38,"column":7}},"13":{"start":{"line":35,"column":8},"end":{"line":35,"column":15}},"14":{"start":{"line":37,"column":8},"end":{"line":37,"column":67}},"15":{"start":{"line":40,"column":6},"end":{"line":40,"column":25}},"16":{"start":{"line":41,"column":6},"end":{"line":44,"column":9}},"17":{"start":{"line":49,"column":40},"end":{"line":49,"column":79}}},"fnMap":{"0":{"name":"(anonymous_0)","decl":{"start":{"line":3,"column":46},"end":{"line":3,"column":47}},"loc":{"start":{"line":3,"column":56},"end":{"line":21,"column":1}},"line":3},"1":{"name":"(anonymous_1)","decl":{"start":{"line":24,"column":2},"end":{"line":24,"column":3}},"loc":{"start":{"line":24,"column":25},"end":{"line":26,"column":3}},"line":24},"2":{"name":"(anonymous_2)","decl":{"start":{"line":27,"column":21},"end":{"line":27,"column":22}},"loc":{"start":{"line":27,"column":47},"end":{"line":46,"column":3}},"line":27}},"branchMap":{"0":{"loc":{"start":{"line":14,"column":4},"end":{"line":18,"column":5}},"type":"if","locations":[{"start":{"line":14,"column":4},"end":{"line":18,"column":5}},{"start":{},"end":{}}],"line":14},"1":{"loc":{"start":{"line":34,"column":6},"end":{"line":38,"column":7}},"type":"if","locations":[{"start":{"line":34,"column":6},"end":{"line":38,"column":7}},{"start":{"line":36,"column":13},"end":{"line":38,"column":7}}],"line":34},"2":{"loc":{"start":{"line":34,"column":10},"end":{"line":34,"column":47}},"type":"binary-expr","locations":[{"start":{"line":34,"column":10},"end":{"line":34,"column":26}},{"start":{"line":34,"column":30},"end":{"line":34,"column":47}}],"line":34}},"s":{"0":1,"1":0,"2":0,"3":0,"4":0,"5":0,"6":1,"7":1,"8":0,"9":0,"10":0,"11":0,"12":0,"13":0,"14":0,"15":0,"16":0,"17":1},"f":{"0":0,"1":1,"2":0},"b":{"0":[0,0],"1":[0,0],"2":[0,0]},"_coverageSchema":"1a1c01bbd47fc00a2c39e90264f33305004495a9","hash":"21d83a773172adfc7d703ae2a08747e2251a8041"}
,"E:\\JavaScript\\FinanceAdvisor\\src\\controllers\\documentController.js": {"path":"E:\\JavaScript\\FinanceAdvisor\\src\\controllers\\documentController.js","statementMap":{"0":{"start":{"line":5,"column":4},"end":{"line":5,"column":39}},"1":{"start":{"line":7,"column":19},"end":{"line":25,"column":3}},"2":{"start":{"line":8,"column":4},"end":{"line":24,"column":5}},"3":{"start":{"line":9,"column":20},"end":{"line":13,"column":7}},"4":{"start":{"line":15,"column":6},"end":{"line":17,"column":73}},"5":{"start":{"line":19,"column":6},"end":{"line":19,"column":25}},"6":{"start":{"line":20,"column":6},"end":{"line":23,"column":9}},"7":{"start":{"line":26,"column":36},"end":{"line":40,"column":3}},"8":{"start":{"line":27,"column":4},"end":{"line":39,"column":5}},"9":{"start":{"line":29,"column":8},"end":{"line":31,"column":9}},"10":{"start":{"line":32,"column":6},"end":{"line":32,"column":38}},"11":{"start":{"line":34,"column":6},"end":{"line":34,"column":25}},"12":{"start":{"line":35,"column":6},"end":{"line":38,"column":9}},"13":{"start":{"line":41,"column":27},"end":{"line":61,"column":3}},"14":{"start":{"line":42,"column":4},"end":{"line":60,"column":5}},"15":{"start":{"line":43,"column":6},"end":{"line":47,"column":8}},"16":{"start":{"line":49,"column":6},"end":{"line":53,"column":10}},"17":{"start":{"line":55,"column":6},"end":{"line":55,"column":25}},"18":{"start":{"line":56,"column":6},"end":{"line":59,"column":9}},"19":{"start":{"line":62,"column":19},"end":{"line":73,"column":3}},"20":{"start":{"line":63,"column":4},"end":{"line":72,"column":5}},"21":{"start":{"line":64,"column":6},"end":{"line":64,"column":69}},"22":{"start":{"line":65,"column":6},"end":{"line":65,"column":28}},"23":{"start":{"line":67,"column":6},"end":{"line":67,"column":25}},"24":{"start":{"line":68,"column":6},"end":{"line":71,"column":9}},"25":{"start":{"line":76,"column":34},"end":{"line":76,"column":71}}},"fnMap":{"0":{"name":"(anonymous_0)","decl":{"start":{"line":4,"column":2},"end":{"line":4,"column":3}},"loc":{"start":{"line":4,"column":29},"end":{"line":6,"column":3}},"line":4},"1":{"name":"(anonymous_1)","decl":{"start":{"line":7,"column":19},"end":{"line":7,"column":20}},"loc":{"start":{"line":7,"column":39},"end":{"line":25,"column":3}},"line":7},"2":{"name":"(anonymous_2)","decl":{"start":{"line":26,"column":36},"end":{"line":26,"column":37}},"loc":{"start":{"line":26,"column":56},"end":{"line":40,"column":3}},"line":26},"3":{"name":"(anonymous_3)","decl":{"start":{"line":41,"column":27},"end":{"line":41,"column":28}},"loc":{"start":{"line":41,"column":47},"end":{"line":61,"column":3}},"line":41},"4":{"name":"(anonymous_4)","decl":{"start":{"line":62,"column":19},"end":{"line":62,"column":20}},"loc":{"start":{"line":62,"column":39},"end":{"line":73,"column":3}},"line":62}},"branchMap":{},"s":{"0":1,"1":1,"2":0,"3":0,"4":0,"5":0,"6":0,"7":1,"8":0,"9":0,"10":0,"11":0,"12":0,"13":1,"14":0,"15":0,"16":0,"17":0,"18":0,"19":1,"20":0,"21":0,"22":0,"23":0,"24":0,"25":1},"f":{"0":1,"1":0,"2":0,"3":0,"4":0},"b":{},"_coverageSchema":"1a1c01bbd47fc00a2c39e90264f33305004495a9","hash":"f2cde169d1a0c062e85651d67c4a820fb46aace4"}
,"E:\\JavaScript\\FinanceAdvisor\\src\\controllers\\loanApplicationController.js": {"path":"E:\\JavaScript\\FinanceAdvisor\\src\\controllers\\loanApplicationController.js","statementMap":{"0":{"start":{"line":5,"column":4},"end":{"line":5,"column":53}},"1":{"start":{"line":7,"column":26},"end":{"line":27,"column":3}},"2":{"start":{"line":8,"column":4},"end":{"line":26,"column":5}},"3":{"start":{"line":10,"column":8},"end":{"line":14,"column":9}},"4":{"start":{"line":15,"column":6},"end":{"line":19,"column":10}},"5":{"start":{"line":21,"column":6},"end":{"line":21,"column":25}},"6":{"start":{"line":22,"column":6},"end":{"line":25,"column":9}},"7":{"start":{"line":28,"column":22},"end":{"line":42,"column":3}},"8":{"start":{"line":29,"column":4},"end":{"line":41,"column":5}},"9":{"start":{"line":30,"column":6},"end":{"line":32,"column":8}},"10":{"start":{"line":34,"column":6},"end":{"line":34,"column":74}},"11":{"start":{"line":36,"column":6},"end":{"line":36,"column":25}},"12":{"start":{"line":37,"column":6},"end":{"line":40,"column":9}},"13":{"start":{"line":43,"column":26},"end":{"line":57,"column":3}},"14":{"start":{"line":44,"column":4},"end":{"line":56,"column":5}},"15":{"start":{"line":45,"column":6},"end":{"line":47,"column":8}},"16":{"start":{"line":49,"column":6},"end":{"line":49,"column":28}},"17":{"start":{"line":51,"column":6},"end":{"line":51,"column":25}},"18":{"start":{"line":52,"column":6},"end":{"line":55,"column":9}},"19":{"start":{"line":58,"column":23},"end":{"line":69,"column":3}},"20":{"start":{"line":59,"column":4},"end":{"line":68,"column":5}},"21":{"start":{"line":60,"column":27},"end":{"line":60,"column":79}},"22":{"start":{"line":61,"column":6},"end":{"line":61,"column":41}},"23":{"start":{"line":63,"column":6},"end":{"line":63,"column":25}},"24":{"start":{"line":64,"column":6},"end":{"line":67,"column":9}},"25":{"start":{"line":72,"column":41},"end":{"line":74,"column":1}}},"fnMap":{"0":{"name":"(anonymous_0)","decl":{"start":{"line":4,"column":2},"end":{"line":4,"column":3}},"loc":{"start":{"line":4,"column":36},"end":{"line":6,"column":3}},"line":4},"1":{"name":"(anonymous_1)","decl":{"start":{"line":7,"column":26},"end":{"line":7,"column":27}},"loc":{"start":{"line":7,"column":46},"end":{"line":27,"column":3}},"line":7},"2":{"name":"(anonymous_2)","decl":{"start":{"line":28,"column":22},"end":{"line":28,"column":23}},"loc":{"start":{"line":28,"column":42},"end":{"line":42,"column":3}},"line":28},"3":{"name":"(anonymous_3)","decl":{"start":{"line":43,"column":26},"end":{"line":43,"column":27}},"loc":{"start":{"line":43,"column":46},"end":{"line":57,"column":3}},"line":43},"4":{"name":"(anonymous_4)","decl":{"start":{"line":58,"column":23},"end":{"line":58,"column":24}},"loc":{"start":{"line":58,"column":43},"end":{"line":69,"column":3}},"line":58}},"branchMap":{},"s":{"0":1,"1":1,"2":0,"3":0,"4":0,"5":0,"6":0,"7":1,"8":0,"9":0,"10":0,"11":0,"12":0,"13":1,"14":0,"15":0,"16":0,"17":0,"18":0,"19":1,"20":0,"21":0,"22":0,"23":0,"24":0,"25":1},"f":{"0":1,"1":0,"2":0,"3":0,"4":0},"b":{},"_coverageSchema":"1a1c01bbd47fc00a2c39e90264f33305004495a9","hash":"0f1189bf48f2105a13cb9094ca195fd4104ffa62"}
,"E:\\JavaScript\\FinanceAdvisor\\src\\controllers\\loanTypeController.js": {"path":"E:\\JavaScript\\FinanceAdvisor\\src\\controllers\\loanTypeController.js","statementMap":{"0":{"start":{"line":5,"column":4},"end":{"line":5,"column":39}},"1":{"start":{"line":8,"column":19},"end":{"line":25,"column":3}},"2":{"start":{"line":9,"column":4},"end":{"line":24,"column":5}},"3":{"start":{"line":10,"column":21},"end":{"line":15,"column":7}},"4":{"start":{"line":16,"column":6},"end":{"line":18,"column":78}},"5":{"start":{"line":20,"column":6},"end":{"line":23,"column":9}},"6":{"start":{"line":26,"column":20},"end":{"line":37,"column":3}},"7":{"start":{"line":27,"column":4},"end":{"line":36,"column":5}},"8":{"start":{"line":28,"column":24},"end":{"line":28,"column":66}},"9":{"start":{"line":29,"column":6},"end":{"line":29,"column":38}},"10":{"start":{"line":31,"column":6},"end":{"line":31,"column":25}},"11":{"start":{"line":32,"column":6},"end":{"line":35,"column":9}},"12":{"start":{"line":38,"column":24},"end":{"line":54,"column":3}},"13":{"start":{"line":39,"column":4},"end":{"line":53,"column":5}},"14":{"start":{"line":40,"column":23},"end":{"line":40,"column":43}},"15":{"start":{"line":42,"column":6},"end":{"line":44,"column":7}},"16":{"start":{"line":43,"column":8},"end":{"line":43,"column":70}},"17":{"start":{"line":46,"column":23},"end":{"line":46,"column":72}},"18":{"start":{"line":47,"column":6},"end":{"line":47,"column":37}},"19":{"start":{"line":49,"column":6},"end":{"line":52,"column":9}},"20":{"start":{"line":55,"column":23},"end":{"line":74,"column":3}},"21":{"start":{"line":56,"column":4},"end":{"line":73,"column":5}},"22":{"start":{"line":57,"column":6},"end":{"line":60,"column":8}},"23":{"start":{"line":62,"column":6},"end":{"line":66,"column":10}},"24":{"start":{"line":68,"column":6},"end":{"line":68,"column":25}},"25":{"start":{"line":69,"column":6},"end":{"line":72,"column":9}},"26":{"start":{"line":75,"column":19},"end":{"line":86,"column":3}},"27":{"start":{"line":76,"column":4},"end":{"line":85,"column":5}},"28":{"start":{"line":77,"column":6},"end":{"line":77,"column":71}},"29":{"start":{"line":78,"column":6},"end":{"line":78,"column":28}},"30":{"start":{"line":80,"column":6},"end":{"line":80,"column":25}},"31":{"start":{"line":81,"column":6},"end":{"line":84,"column":9}},"32":{"start":{"line":89,"column":34},"end":{"line":89,"column":71}}},"fnMap":{"0":{"name":"(anonymous_0)","decl":{"start":{"line":4,"column":2},"end":{"line":4,"column":3}},"loc":{"start":{"line":4,"column":29},"end":{"line":6,"column":3}},"line":4},"1":{"name":"(anonymous_1)","decl":{"start":{"line":8,"column":19},"end":{"line":8,"column":20}},"loc":{"start":{"line":8,"column":39},"end":{"line":25,"column":3}},"line":8},"2":{"name":"(anonymous_2)","decl":{"start":{"line":26,"column":20},"end":{"line":26,"column":21}},"loc":{"start":{"line":26,"column":40},"end":{"line":37,"column":3}},"line":26},"3":{"name":"(anonymous_3)","decl":{"start":{"line":38,"column":24},"end":{"line":38,"column":25}},"loc":{"start":{"line":38,"column":44},"end":{"line":54,"column":3}},"line":38},"4":{"name":"(anonymous_4)","decl":{"start":{"line":55,"column":23},"end":{"line":55,"column":24}},"loc":{"start":{"line":55,"column":43},"end":{"line":74,"column":3}},"line":55},"5":{"name":"(anonymous_5)","decl":{"start":{"line":75,"column":19},"end":{"line":75,"column":20}},"loc":{"start":{"line":75,"column":39},"end":{"line":86,"column":3}},"line":75}},"branchMap":{"0":{"loc":{"start":{"line":42,"column":6},"end":{"line":44,"column":7}},"type":"if","locations":[{"start":{"line":42,"column":6},"end":{"line":44,"column":7}},{"start":{},"end":{}}],"line":42}},"s":{"0":5,"1":5,"2":2,"3":2,"4":1,"5":1,"6":5,"7":0,"8":0,"9":0,"10":0,"11":0,"12":5,"13":3,"14":3,"15":3,"16":1,"17":2,"18":1,"19":2,"20":5,"21":0,"22":0,"23":0,"24":0,"25":0,"26":5,"27":0,"28":0,"29":0,"30":0,"31":0,"32":2},"f":{"0":5,"1":2,"2":0,"3":3,"4":0,"5":0},"b":{"0":[1,2]},"_coverageSchema":"1a1c01bbd47fc00a2c39e90264f33305004495a9","hash":"fa0f32b13f705d94345e6c3d4842a358eb6adc30"}
,"E:\\JavaScript\\FinanceAdvisor\\src\\controllers\\maxLoanAmountController.js": {"path":"E:\\JavaScript\\FinanceAdvisor\\src\\controllers\\maxLoanAmountController.js","statementMap":{"0":{"start":{"line":5,"column":4},"end":{"line":5,"column":49}},"1":{"start":{"line":7,"column":16},"end":{"line":26,"column":3}},"2":{"start":{"line":8,"column":4},"end":{"line":25,"column":5}},"3":{"start":{"line":9,"column":17},"end":{"line":12,"column":7}},"4":{"start":{"line":14,"column":6},"end":{"line":18,"column":10}},"5":{"start":{"line":20,"column":6},"end":{"line":20,"column":25}},"6":{"start":{"line":21,"column":6},"end":{"line":24,"column":9}},"7":{"start":{"line":28,"column":21},"end":{"line":42,"column":3}},"8":{"start":{"line":29,"column":4},"end":{"line":41,"column":5}},"9":{"start":{"line":30,"column":33},"end":{"line":32,"column":7}},"10":{"start":{"line":34,"column":6},"end":{"line":34,"column":47}},"11":{"start":{"line":36,"column":6},"end":{"line":36,"column":25}},"12":{"start":{"line":37,"column":6},"end":{"line":40,"column":9}},"13":{"start":{"line":43,"column":29},"end":{"line":56,"column":3}},"14":{"start":{"line":44,"column":4},"end":{"line":55,"column":5}},"15":{"start":{"line":45,"column":6},"end":{"line":47,"column":8}},"16":{"start":{"line":48,"column":6},"end":{"line":48,"column":28}},"17":{"start":{"line":50,"column":6},"end":{"line":50,"column":25}},"18":{"start":{"line":51,"column":6},"end":{"line":54,"column":9}},"19":{"start":{"line":59,"column":39},"end":{"line":61,"column":1}}},"fnMap":{"0":{"name":"(anonymous_0)","decl":{"start":{"line":4,"column":2},"end":{"line":4,"column":3}},"loc":{"start":{"line":4,"column":34},"end":{"line":6,"column":3}},"line":4},"1":{"name":"(anonymous_1)","decl":{"start":{"line":7,"column":16},"end":{"line":7,"column":17}},"loc":{"start":{"line":7,"column":36},"end":{"line":26,"column":3}},"line":7},"2":{"name":"(anonymous_2)","decl":{"start":{"line":28,"column":21},"end":{"line":28,"column":22}},"loc":{"start":{"line":28,"column":41},"end":{"line":42,"column":3}},"line":28},"3":{"name":"(anonymous_3)","decl":{"start":{"line":43,"column":29},"end":{"line":43,"column":30}},"loc":{"start":{"line":43,"column":49},"end":{"line":56,"column":3}},"line":43}},"branchMap":{},"s":{"0":1,"1":1,"2":0,"3":0,"4":0,"5":0,"6":0,"7":1,"8":0,"9":0,"10":0,"11":0,"12":0,"13":1,"14":0,"15":0,"16":0,"17":0,"18":0,"19":1},"f":{"0":1,"1":0,"2":0,"3":0},"b":{},"_coverageSchema":"1a1c01bbd47fc00a2c39e90264f33305004495a9","hash":"21b1a0113d8c35542a20821c1d5c73e8fb0ec612"}
,"E:\\JavaScript\\FinanceAdvisor\\src\\controllers\\notesController.js": {"path":"E:\\JavaScript\\FinanceAdvisor\\src\\controllers\\notesController.js","statementMap":{"0":{"start":{"line":5,"column":4},"end":{"line":5,"column":33}},"1":{"start":{"line":7,"column":16},"end":{"line":19,"column":3}},"2":{"start":{"line":8,"column":4},"end":{"line":18,"column":5}},"3":{"start":{"line":9,"column":21},"end":{"line":9,"column":64}},"4":{"start":{"line":11,"column":6},"end":{"line":11,"column":80}},"5":{"start":{"line":13,"column":6},"end":{"line":13,"column":25}},"6":{"start":{"line":14,"column":6},"end":{"line":17,"column":9}},"7":{"start":{"line":20,"column":36},"end":{"line":34,"column":3}},"8":{"start":{"line":21,"column":4},"end":{"line":33,"column":5}},"9":{"start":{"line":22,"column":20},"end":{"line":24,"column":7}},"10":{"start":{"line":26,"column":6},"end":{"line":26,"column":34}},"11":{"start":{"line":28,"column":6},"end":{"line":28,"column":25}},"12":{"start":{"line":29,"column":6},"end":{"line":32,"column":9}},"13":{"start":{"line":36,"column":24},"end":{"line":52,"column":3}},"14":{"start":{"line":37,"column":4},"end":{"line":51,"column":5}},"15":{"start":{"line":38,"column":6},"end":{"line":38,"column":68}},"16":{"start":{"line":40,"column":6},"end":{"line":44,"column":10}},"17":{"start":{"line":46,"column":6},"end":{"line":46,"column":25}},"18":{"start":{"line":47,"column":6},"end":{"line":50,"column":9}},"19":{"start":{"line":53,"column":15},"end":{"line":64,"column":3}},"20":{"start":{"line":54,"column":4},"end":{"line":63,"column":5}},"21":{"start":{"line":55,"column":6},"end":{"line":55,"column":59}},"22":{"start":{"line":56,"column":6},"end":{"line":56,"column":28}},"23":{"start":{"line":58,"column":6},"end":{"line":58,"column":25}},"24":{"start":{"line":59,"column":6},"end":{"line":62,"column":9}},"25":{"start":{"line":67,"column":31},"end":{"line":67,"column":62}}},"fnMap":{"0":{"name":"(anonymous_0)","decl":{"start":{"line":4,"column":2},"end":{"line":4,"column":3}},"loc":{"start":{"line":4,"column":26},"end":{"line":6,"column":3}},"line":4},"1":{"name":"(anonymous_1)","decl":{"start":{"line":7,"column":16},"end":{"line":7,"column":17}},"loc":{"start":{"line":7,"column":36},"end":{"line":19,"column":3}},"line":7},"2":{"name":"(anonymous_2)","decl":{"start":{"line":20,"column":36},"end":{"line":20,"column":37}},"loc":{"start":{"line":20,"column":56},"end":{"line":34,"column":3}},"line":20},"3":{"name":"(anonymous_3)","decl":{"start":{"line":36,"column":24},"end":{"line":36,"column":25}},"loc":{"start":{"line":36,"column":44},"end":{"line":52,"column":3}},"line":36},"4":{"name":"(anonymous_4)","decl":{"start":{"line":53,"column":15},"end":{"line":53,"column":16}},"loc":{"start":{"line":53,"column":35},"end":{"line":64,"column":3}},"line":53}},"branchMap":{},"s":{"0":1,"1":1,"2":0,"3":0,"4":0,"5":0,"6":0,"7":1,"8":0,"9":0,"10":0,"11":0,"12":0,"13":1,"14":0,"15":0,"16":0,"17":0,"18":0,"19":1,"20":0,"21":0,"22":0,"23":0,"24":0,"25":1},"f":{"0":1,"1":0,"2":0,"3":0,"4":0},"b":{},"_coverageSchema":"1a1c01bbd47fc00a2c39e90264f33305004495a9","hash":"7d5f95fa6910c4d2a7b42f6f6bcd2a846d4a3a6c"}
,"E:\\JavaScript\\FinanceAdvisor\\src\\controllers\\repaymentScheduleController.js": {"path":"E:\\JavaScript\\FinanceAdvisor\\src\\controllers\\repaymentScheduleController.js","statementMap":{"0":{"start":{"line":3,"column":57},"end":{"line":12,"column":1}},"1":{"start":{"line":4,"column":2},"end":{"line":10,"column":3}},"2":{"start":{"line":5,"column":4},"end":{"line":9,"column":8}},"3":{"start":{"line":11,"column":2},"end":{"line":11,"column":14}},"4":{"start":{"line":16,"column":4},"end":{"line":16,"column":57}},"5":{"start":{"line":19,"column":28},"end":{"line":36,"column":3}},"6":{"start":{"line":20,"column":4},"end":{"line":35,"column":5}},"7":{"start":{"line":22,"column":8},"end":{"line":22,"column":75}},"8":{"start":{"line":24,"column":6},"end":{"line":28,"column":10}},"9":{"start":{"line":30,"column":6},"end":{"line":30,"column":25}},"10":{"start":{"line":31,"column":6},"end":{"line":34,"column":9}},"11":{"start":{"line":37,"column":45},"end":{"line":55,"column":3}},"12":{"start":{"line":38,"column":4},"end":{"line":54,"column":5}},"13":{"start":{"line":39,"column":6},"end":{"line":39,"column":59}},"14":{"start":{"line":41,"column":28},"end":{"line":45,"column":7}},"15":{"start":{"line":47,"column":6},"end":{"line":47,"column":63}},"16":{"start":{"line":49,"column":6},"end":{"line":49,"column":25}},"17":{"start":{"line":50,"column":6},"end":{"line":53,"column":9}},"18":{"start":{"line":56,"column":24},"end":{"line":75,"column":3}},"19":{"start":{"line":57,"column":4},"end":{"line":74,"column":5}},"20":{"start":{"line":58,"column":6},"end":{"line":61,"column":8}},"21":{"start":{"line":63,"column":6},"end":{"line":67,"column":10}},"22":{"start":{"line":69,"column":6},"end":{"line":69,"column":25}},"23":{"start":{"line":70,"column":6},"end":{"line":73,"column":9}},"24":{"start":{"line":77,"column":19},"end":{"line":90,"column":3}},"25":{"start":{"line":78,"column":4},"end":{"line":89,"column":5}},"26":{"start":{"line":79,"column":6},"end":{"line":81,"column":8}},"27":{"start":{"line":82,"column":6},"end":{"line":82,"column":28}},"28":{"start":{"line":84,"column":6},"end":{"line":84,"column":25}},"29":{"start":{"line":85,"column":6},"end":{"line":88,"column":9}},"30":{"start":{"line":93,"column":43},"end":{"line":95,"column":1}}},"fnMap":{"0":{"name":"(anonymous_0)","decl":{"start":{"line":3,"column":57},"end":{"line":3,"column":58}},"loc":{"start":{"line":3,"column":69},"end":{"line":12,"column":1}},"line":3},"1":{"name":"(anonymous_1)","decl":{"start":{"line":15,"column":2},"end":{"line":15,"column":3}},"loc":{"start":{"line":15,"column":38},"end":{"line":17,"column":3}},"line":15},"2":{"name":"(anonymous_2)","decl":{"start":{"line":19,"column":28},"end":{"line":19,"column":29}},"loc":{"start":{"line":19,"column":48},"end":{"line":36,"column":3}},"line":19},"3":{"name":"(anonymous_3)","decl":{"start":{"line":37,"column":45},"end":{"line":37,"column":46}},"loc":{"start":{"line":37,"column":65},"end":{"line":55,"column":3}},"line":37},"4":{"name":"(anonymous_4)","decl":{"start":{"line":56,"column":24},"end":{"line":56,"column":25}},"loc":{"start":{"line":56,"column":44},"end":{"line":75,"column":3}},"line":56},"5":{"name":"(anonymous_5)","decl":{"start":{"line":77,"column":19},"end":{"line":77,"column":20}},"loc":{"start":{"line":77,"column":39},"end":{"line":90,"column":3}},"line":77}},"branchMap":{"0":{"loc":{"start":{"line":4,"column":2},"end":{"line":10,"column":3}},"type":"if","locations":[{"start":{"line":4,"column":2},"end":{"line":10,"column":3}},{"start":{},"end":{}}],"line":4},"1":{"loc":{"start":{"line":4,"column":6},"end":{"line":4,"column":68}},"type":"binary-expr","locations":[{"start":{"line":4,"column":6},"end":{"line":4,"column":35}},{"start":{"line":4,"column":39},"end":{"line":4,"column":51}},{"start":{"line":4,"column":55},"end":{"line":4,"column":68}}],"line":4}},"s":{"0":1,"1":0,"2":0,"3":0,"4":1,"5":1,"6":0,"7":0,"8":0,"9":0,"10":0,"11":1,"12":0,"13":0,"14":0,"15":0,"16":0,"17":0,"18":1,"19":0,"20":0,"21":0,"22":0,"23":0,"24":1,"25":0,"26":0,"27":0,"28":0,"29":0,"30":1},"f":{"0":0,"1":1,"2":0,"3":0,"4":0,"5":0},"b":{"0":[0,0],"1":[0,0,0]},"_coverageSchema":"1a1c01bbd47fc00a2c39e90264f33305004495a9","hash":"98a26123d9fa193278d21312d6dfc9a039fe9973"}
,"E:\\JavaScript\\FinanceAdvisor\\src\\controllers\\userController.js": {"path":"E:\\JavaScript\\FinanceAdvisor\\src\\controllers\\userController.js","statementMap":{"0":{"start":{"line":3,"column":41},"end":{"line":18,"column":1}},"1":{"start":{"line":4,"column":25},"end":{"line":12,"column":3}},"2":{"start":{"line":13,"column":2},"end":{"line":17,"column":3}},"3":{"start":{"line":14,"column":4},"end":{"line":16,"column":5}},"4":{"start":{"line":15,"column":6},"end":{"line":15,"column":74}},"5":{"start":{"line":22,"column":4},"end":{"line":22,"column":31}},"6":{"start":{"line":24,"column":17},"end":{"line":47,"column":3}},"7":{"start":{"line":25,"column":4},"end":{"line":46,"column":5}},"8":{"start":{"line":26,"column":6},"end":{"line":26,"column":42}},"9":{"start":{"line":28,"column":17},"end":{"line":38,"column":7}},"10":{"start":{"line":39,"column":6},"end":{"line":39,"column":75}},"11":{"start":{"line":41,"column":6},"end":{"line":41,"column":25}},"12":{"start":{"line":42,"column":6},"end":{"line":45,"column":9}},"13":{"start":{"line":49,"column":16},"end":{"line":61,"column":3}},"14":{"start":{"line":50,"column":4},"end":{"line":60,"column":5}},"15":{"start":{"line":51,"column":20},"end":{"line":51,"column":54}},"16":{"start":{"line":53,"column":6},"end":{"line":53,"column":34}},"17":{"start":{"line":55,"column":6},"end":{"line":55,"column":25}},"18":{"start":{"line":56,"column":6},"end":{"line":59,"column":9}},"19":{"start":{"line":63,"column":16},"end":{"line":74,"column":3}},"20":{"start":{"line":64,"column":4},"end":{"line":73,"column":5}},"21":{"start":{"line":65,"column":19},"end":{"line":65,"column":70}},"22":{"start":{"line":66,"column":6},"end":{"line":66,"column":33}},"23":{"start":{"line":68,"column":6},"end":{"line":68,"column":25}},"24":{"start":{"line":69,"column":6},"end":{"line":72,"column":9}},"25":{"start":{"line":75,"column":22},"end":{"line":89,"column":3}},"26":{"start":{"line":76,"column":4},"end":{"line":88,"column":5}},"27":{"start":{"line":77,"column":20},"end":{"line":77,"column":69}},"28":{"start":{"line":78,"column":6},"end":{"line":80,"column":7}},"29":{"start":{"line":79,"column":8},"end":{"line":79,"column":77}},"30":{"start":{"line":81,"column":6},"end":{"line":81,"column":34}},"31":{"start":{"line":83,"column":6},"end":{"line":83,"column":25}},"32":{"start":{"line":84,"column":6},"end":{"line":87,"column":9}},"33":{"start":{"line":91,"column":15},"end":{"line":106,"column":3}},"34":{"start":{"line":92,"column":4},"end":{"line":105,"column":5}},"35":{"start":{"line":93,"column":6},"end":{"line":93,"column":67}},"36":{"start":{"line":94,"column":6},"end":{"line":98,"column":10}},"37":{"start":{"line":100,"column":6},"end":{"line":100,"column":25}},"38":{"start":{"line":101,"column":6},"end":{"line":104,"column":9}},"39":{"start":{"line":107,"column":15},"end":{"line":118,"column":3}},"40":{"start":{"line":108,"column":4},"end":{"line":117,"column":5}},"41":{"start":{"line":109,"column":6},"end":{"line":109,"column":57}},"42":{"start":{"line":110,"column":6},"end":{"line":110,"column":28}},"43":{"start":{"line":112,"column":6},"end":{"line":112,"column":25}},"44":{"start":{"line":113,"column":6},"end":{"line":116,"column":9}},"45":{"start":{"line":121,"column":30},"end":{"line":121,"column":59}}},"fnMap":{"0":{"name":"(anonymous_0)","decl":{"start":{"line":3,"column":41},"end":{"line":3,"column":42}},"loc":{"start":{"line":3,"column":52},"end":{"line":18,"column":1}},"line":3},"1":{"name":"(anonymous_1)","decl":{"start":{"line":21,"column":2},"end":{"line":21,"column":3}},"loc":{"start":{"line":21,"column":25},"end":{"line":23,"column":3}},"line":21},"2":{"name":"(anonymous_2)","decl":{"start":{"line":24,"column":17},"end":{"line":24,"column":18}},"loc":{"start":{"line":24,"column":37},"end":{"line":47,"column":3}},"line":24},"3":{"name":"(anonymous_3)","decl":{"start":{"line":49,"column":16},"end":{"line":49,"column":17}},"loc":{"start":{"line":49,"column":36},"end":{"line":61,"column":3}},"line":49},"4":{"name":"(anonymous_4)","decl":{"start":{"line":63,"column":16},"end":{"line":63,"column":17}},"loc":{"start":{"line":63,"column":36},"end":{"line":74,"column":3}},"line":63},"5":{"name":"(anonymous_5)","decl":{"start":{"line":75,"column":22},"end":{"line":75,"column":23}},"loc":{"start":{"line":75,"column":42},"end":{"line":89,"column":3}},"line":75},"6":{"name":"(anonymous_6)","decl":{"start":{"line":91,"column":15},"end":{"line":91,"column":16}},"loc":{"start":{"line":91,"column":35},"end":{"line":106,"column":3}},"line":91},"7":{"name":"(anonymous_7)","decl":{"start":{"line":107,"column":15},"end":{"line":107,"column":16}},"loc":{"start":{"line":107,"column":35},"end":{"line":118,"column":3}},"line":107}},"branchMap":{"0":{"loc":{"start":{"line":14,"column":4},"end":{"line":16,"column":5}},"type":"if","locations":[{"start":{"line":14,"column":4},"end":{"line":16,"column":5}},{"start":{},"end":{}}],"line":14},"1":{"loc":{"start":{"line":78,"column":6},"end":{"line":80,"column":7}},"type":"if","locations":[{"start":{"line":78,"column":6},"end":{"line":80,"column":7}},{"start":{},"end":{}}],"line":78}},"s":{"0":1,"1":0,"2":0,"3":0,"4":0,"5":1,"6":1,"7":0,"8":0,"9":0,"10":0,"11":0,"12":0,"13":1,"14":0,"15":0,"16":0,"17":0,"18":0,"19":1,"20":0,"21":0,"22":0,"23":0,"24":0,"25":1,"26":0,"27":0,"28":0,"29":0,"30":0,"31":0,"32":0,"33":1,"34":0,"35":0,"36":0,"37":0,"38":0,"39":1,"40":0,"41":0,"42":0,"43":0,"44":0,"45":1},"f":{"0":0,"1":1,"2":0,"3":0,"4":0,"5":0,"6":0,"7":0},"b":{"0":[0,0],"1":[0,0]},"_coverageSchema":"1a1c01bbd47fc00a2c39e90264f33305004495a9","hash":"5d3d195848a66d230cdb00b9d8ded29cb2307ba2"}
,"E:\\JavaScript\\FinanceAdvisor\\src\\dto\\applicationDTO.js": {"path":"E:\\JavaScript\\FinanceAdvisor\\src\\dto\\applicationDTO.js","statementMap":{"0":{"start":{"line":8,"column":4},"end":{"line":8,"column":41}},"1":{"start":{"line":9,"column":4},"end":{"line":9,"column":51}},"2":{"start":{"line":10,"column":4},"end":{"line":10,"column":45}},"3":{"start":{"line":11,"column":4},"end":{"line":11,"column":35}}},"fnMap":{"0":{"name":"(anonymous_0)","decl":{"start":{"line":2,"column":2},"end":{"line":2,"column":3}},"loc":{"start":{"line":7,"column":4},"end":{"line":12,"column":3}},"line":7}},"branchMap":{"0":{"loc":{"start":{"line":3,"column":4},"end":{"line":3,"column":25}},"type":"default-arg","locations":[{"start":{"line":3,"column":21},"end":{"line":3,"column":25}}],"line":3}},"s":{"0":4,"1":4,"2":4,"3":4},"f":{"0":4},"b":{"0":[0]},"_coverageSchema":"1a1c01bbd47fc00a2c39e90264f33305004495a9","hash":"e1910746eab2a80ec20ac9c83e1484228dc0fba4"}
,"E:\\JavaScript\\FinanceAdvisor\\src\\dto\\clientDTO.js": {"path":"E:\\JavaScript\\FinanceAdvisor\\src\\dto\\clientDTO.js","statementMap":{"0":{"start":{"line":3,"column":4},"end":{"line":3,"column":31}},"1":{"start":{"line":4,"column":4},"end":{"line":4,"column":27}},"2":{"start":{"line":5,"column":4},"end":{"line":5,"column":25}},"3":{"start":{"line":6,"column":4},"end":{"line":6,"column":37}}},"fnMap":{"0":{"name":"(anonymous_0)","decl":{"start":{"line":2,"column":2},"end":{"line":2,"column":3}},"loc":{"start":{"line":2,"column":64},"end":{"line":7,"column":3}},"line":2}},"branchMap":{"0":{"loc":{"start":{"line":2,"column":42},"end":{"line":2,"column":62}},"type":"default-arg","locations":[{"start":{"line":2,"column":57},"end":{"line":2,"column":62}}],"line":2}},"s":{"0":0,"1":0,"2":0,"3":0},"f":{"0":0},"b":{"0":[0]},"_coverageSchema":"1a1c01bbd47fc00a2c39e90264f33305004495a9","hash":"719671fe8df8db54875c065ccbd82aeda59f1871"}
,"E:\\JavaScript\\FinanceAdvisor\\src\\dto\\docDTO.js": {"path":"E:\\JavaScript\\FinanceAdvisor\\src\\dto\\docDTO.js","statementMap":{"0":{"start":{"line":3,"column":18},"end":{"line":8,"column":2}},"1":{"start":{"line":17,"column":4},"end":{"line":17,"column":35}},"2":{"start":{"line":18,"column":4},"end":{"line":18,"column":41}},"3":{"start":{"line":19,"column":4},"end":{"line":19,"column":39}},"4":{"start":{"line":20,"column":4},"end":{"line":20,"column":57}},"5":{"start":{"line":24,"column":4},"end":{"line":28,"column":5}},"6":{"start":{"line":25,"column":6},"end":{"line":25,"column":34}},"7":{"start":{"line":27,"column":6},"end":{"line":27,"column":47}}},"fnMap":{"0":{"name":"(anonymous_0)","decl":{"start":{"line":11,"column":2},"end":{"line":11,"column":3}},"loc":{"start":{"line":16,"column":4},"end":{"line":21,"column":3}},"line":16},"1":{"name":"(anonymous_1)","decl":{"start":{"line":23,"column":2},"end":{"line":23,"column":3}},"loc":{"start":{"line":23,"column":19},"end":{"line":29,"column":3}},"line":23}},"branchMap":{"0":{"loc":{"start":{"line":12,"column":4},"end":{"line":12,"column":22}},"type":"default-arg","locations":[{"start":{"line":12,"column":18},"end":{"line":12,"column":22}}],"line":12}},"s":{"0":2,"1":8,"2":8,"3":8,"4":8,"5":8,"6":8,"7":1},"f":{"0":8,"1":8},"b":{"0":[0]},"_coverageSchema":"1a1c01bbd47fc00a2c39e90264f33305004495a9","hash":"e8ac9dd7b2bc970449e4a1f7b7e5c0ca1932e4de"}
,"E:\\JavaScript\\FinanceAdvisor\\src\\dto\\loanTypesDTO.js": {"path":"E:\\JavaScript\\FinanceAdvisor\\src\\dto\\loanTypesDTO.js","statementMap":{"0":{"start":{"line":3,"column":19},"end":{"line":8,"column":2}},"1":{"start":{"line":10,"column":18},"end":{"line":15,"column":2}},"2":{"start":{"line":25,"column":4},"end":{"line":25,"column":37}},"3":{"start":{"line":26,"column":4},"end":{"line":26,"column":54}},"4":{"start":{"line":27,"column":4},"end":{"line":27,"column":39}},"5":{"start":{"line":28,"column":4},"end":{"line":28,"column":50}},"6":{"start":{"line":29,"column":4},"end":{"line":29,"column":55}},"7":{"start":{"line":33,"column":23},"end":{"line":33,"column":44}},"8":{"start":{"line":34,"column":4},"end":{"line":38,"column":5}},"9":{"start":{"line":35,"column":6},"end":{"line":35,"column":41}},"10":{"start":{"line":37,"column":6},"end":{"line":37,"column":63}},"11":{"start":{"line":42,"column":4},"end":{"line":46,"column":5}},"12":{"start":{"line":43,"column":6},"end":{"line":43,"column":36}},"13":{"start":{"line":45,"column":6},"end":{"line":45,"column":43}},"14":{"start":{"line":50,"column":4},"end":{"line":54,"column":5}},"15":{"start":{"line":51,"column":6},"end":{"line":51,"column":34}},"16":{"start":{"line":53,"column":6},"end":{"line":53,"column":47}}},"fnMap":{"0":{"name":"(anonymous_0)","decl":{"start":{"line":18,"column":2},"end":{"line":18,"column":3}},"loc":{"start":{"line":24,"column":4},"end":{"line":30,"column":3}},"line":24},"1":{"name":"(anonymous_1)","decl":{"start":{"line":32,"column":2},"end":{"line":32,"column":3}},"loc":{"start":{"line":32,"column":26},"end":{"line":39,"column":3}},"line":32},"2":{"name":"(anonymous_2)","decl":{"start":{"line":41,"column":2},"end":{"line":41,"column":3}},"loc":{"start":{"line":41,"column":25},"end":{"line":47,"column":3}},"line":41},"3":{"name":"(anonymous_3)","decl":{"start":{"line":49,"column":2},"end":{"line":49,"column":3}},"loc":{"start":{"line":49,"column":19},"end":{"line":55,"column":3}},"line":49}},"branchMap":{"0":{"loc":{"start":{"line":19,"column":4},"end":{"line":19,"column":23}},"type":"default-arg","locations":[{"start":{"line":19,"column":19},"end":{"line":19,"column":23}}],"line":19}},"s":{"0":7,"1":7,"2":10,"3":10,"4":10,"5":10,"6":10,"7":10,"8":10,"9":10,"10":0,"11":10,"12":10,"13":0,"14":10,"15":10,"16":0},"f":{"0":10,"1":10,"2":10,"3":10},"b":{"0":[0]},"_coverageSchema":"1a1c01bbd47fc00a2c39e90264f33305004495a9","hash":"cd3112caa6107470b0e8939d1746bae2008873d2"}
,"E:\\JavaScript\\FinanceAdvisor\\src\\dto\\maxLoanDTO.js": {"path":"E:\\JavaScript\\FinanceAdvisor\\src\\dto\\maxLoanDTO.js","statementMap":{"0":{"start":{"line":8,"column":4},"end":{"line":8,"column":49}},"1":{"start":{"line":9,"column":4},"end":{"line":9,"column":31}},"2":{"start":{"line":10,"column":4},"end":{"line":10,"column":43}},"3":{"start":{"line":11,"column":4},"end":{"line":11,"column":55}}},"fnMap":{"0":{"name":"(anonymous_0)","decl":{"start":{"line":2,"column":2},"end":{"line":2,"column":3}},"loc":{"start":{"line":7,"column":4},"end":{"line":12,"column":3}},"line":7}},"branchMap":{"0":{"loc":{"start":{"line":3,"column":4},"end":{"line":3,"column":29}},"type":"default-arg","locations":[{"start":{"line":3,"column":25},"end":{"line":3,"column":29}}],"line":3}},"s":{"0":0,"1":0,"2":0,"3":0},"f":{"0":0},"b":{"0":[0]},"_coverageSchema":"1a1c01bbd47fc00a2c39e90264f33305004495a9","hash":"869783960322cc9d2490388715354c4014775dca"}
,"E:\\JavaScript\\FinanceAdvisor\\src\\dto\\notesDTO.js": {"path":"E:\\JavaScript\\FinanceAdvisor\\src\\dto\\notesDTO.js","statementMap":{"0":{"start":{"line":8,"column":4},"end":{"line":8,"column":55}},"1":{"start":{"line":9,"column":4},"end":{"line":9,"column":37}},"2":{"start":{"line":10,"column":4},"end":{"line":10,"column":41}},"3":{"start":{"line":11,"column":4},"end":{"line":11,"column":45}}},"fnMap":{"0":{"name":"(anonymous_0)","decl":{"start":{"line":2,"column":2},"end":{"line":2,"column":3}},"loc":{"start":{"line":7,"column":4},"end":{"line":12,"column":3}},"line":7}},"branchMap":{"0":{"loc":{"start":{"line":3,"column":4},"end":{"line":3,"column":32}},"type":"default-arg","locations":[{"start":{"line":3,"column":28},"end":{"line":3,"column":32}}],"line":3}},"s":{"0":2,"1":2,"2":2,"3":2},"f":{"0":2},"b":{"0":[0]},"_coverageSchema":"1a1c01bbd47fc00a2c39e90264f33305004495a9","hash":"2816bbd7e33356d8f938c55349c4d9b72fb0cf8b"}
,"E:\\JavaScript\\FinanceAdvisor\\src\\dto\\repaymentScheduleDTO.js": {"path":"E:\\JavaScript\\FinanceAdvisor\\src\\dto\\repaymentScheduleDTO.js","statementMap":{"0":{"start":{"line":8,"column":4},"end":{"line":8,"column":55}},"1":{"start":{"line":9,"column":4},"end":{"line":9,"column":41}},"2":{"start":{"line":10,"column":4},"end":{"line":10,"column":43}},"3":{"start":{"line":11,"column":4},"end":{"line":11,"column":47}}},"fnMap":{"0":{"name":"(anonymous_0)","decl":{"start":{"line":2,"column":2},"end":{"line":2,"column":3}},"loc":{"start":{"line":7,"column":4},"end":{"line":12,"column":3}},"line":7}},"branchMap":{"0":{"loc":{"start":{"line":3,"column":4},"end":{"line":3,"column":32}},"type":"default-arg","locations":[{"start":{"line":3,"column":28},"end":{"line":3,"column":32}}],"line":3}},"s":{"0":0,"1":0,"2":0,"3":0},"f":{"0":0},"b":{"0":[0]},"_coverageSchema":"1a1c01bbd47fc00a2c39e90264f33305004495a9","hash":"bd793b015edd579345d5d861fd99ead56cf70f03"}
,"E:\\JavaScript\\FinanceAdvisor\\src\\dto\\tokenDTO.js": {"path":"E:\\JavaScript\\FinanceAdvisor\\src\\dto\\tokenDTO.js","statementMap":{"0":{"start":{"line":3,"column":6},"end":{"line":3,"column":49}},"1":{"start":{"line":4,"column":6},"end":{"line":4,"column":51}},"2":{"start":{"line":8,"column":6},"end":{"line":11,"column":8}}},"fnMap":{"0":{"name":"(anonymous_0)","decl":{"start":{"line":2,"column":4},"end":{"line":2,"column":5}},"loc":{"start":{"line":2,"column":29},"end":{"line":5,"column":5}},"line":2},"1":{"name":"(anonymous_1)","decl":{"start":{"line":7,"column":4},"end":{"line":7,"column":5}},"loc":{"start":{"line":7,"column":13},"end":{"line":12,"column":5}},"line":7}},"branchMap":{},"s":{"0":0,"1":0,"2":0},"f":{"0":0,"1":0},"b":{},"_coverageSchema":"1a1c01bbd47fc00a2c39e90264f33305004495a9","hash":"f5652373cd90872d6b89ea3ecc72591e415915fb"}
,"E:\\JavaScript\\FinanceAdvisor\\src\\dto\\userDTO.js": {"path":"E:\\JavaScript\\FinanceAdvisor\\src\\dto\\userDTO.js","statementMap":{"0":{"start":{"line":3,"column":19},"end":{"line":3,"column":56}},"1":{"start":{"line":15,"column":4},"end":{"line":15,"column":27}},"2":{"start":{"line":16,"column":4},"end":{"line":16,"column":29}},"3":{"start":{"line":17,"column":4},"end":{"line":17,"column":33}},"4":{"start":{"line":18,"column":4},"end":{"line":18,"column":31}},"5":{"start":{"line":19,"column":4},"end":{"line":19,"column":46}},"6":{"start":{"line":20,"column":4},"end":{"line":20,"column":60}},"7":{"start":{"line":21,"column":4},"end":{"line":21,"column":43}},"8":{"start":{"line":25,"column":24},"end":{"line":25,"column":42}},"9":{"start":{"line":26,"column":4},"end":{"line":31,"column":5}},"10":{"start":{"line":27,"column":6},"end":{"line":27,"column":38}},"11":{"start":{"line":29,"column":6},"end":{"line":29,"column":23}},"12":{"start":{"line":30,"column":6},"end":{"line":30,"column":46}},"13":{"start":{"line":35,"column":24},"end":{"line":35,"column":45}},"14":{"start":{"line":36,"column":4},"end":{"line":40,"column":5}},"15":{"start":{"line":37,"column":6},"end":{"line":37,"column":45}},"16":{"start":{"line":39,"column":6},"end":{"line":39,"column":61}},"17":{"start":{"line":44,"column":4},"end":{"line":48,"column":5}},"18":{"start":{"line":45,"column":6},"end":{"line":45,"column":36}},"19":{"start":{"line":47,"column":6},"end":{"line":47,"column":38}}},"fnMap":{"0":{"name":"(anonymous_0)","decl":{"start":{"line":6,"column":2},"end":{"line":6,"column":3}},"loc":{"start":{"line":14,"column":4},"end":{"line":22,"column":3}},"line":14},"1":{"name":"(anonymous_1)","decl":{"start":{"line":24,"column":2},"end":{"line":24,"column":3}},"loc":{"start":{"line":24,"column":30},"end":{"line":32,"column":3}},"line":24},"2":{"name":"(anonymous_2)","decl":{"start":{"line":34,"column":2},"end":{"line":34,"column":3}},"loc":{"start":{"line":34,"column":37},"end":{"line":41,"column":3}},"line":34},"3":{"name":"(anonymous_3)","decl":{"start":{"line":43,"column":2},"end":{"line":43,"column":3}},"loc":{"start":{"line":43,"column":28},"end":{"line":49,"column":3}},"line":43}},"branchMap":{"0":{"loc":{"start":{"line":7,"column":4},"end":{"line":7,"column":18}},"type":"default-arg","locations":[{"start":{"line":7,"column":14},"end":{"line":7,"column":18}}],"line":7}},"s":{"0":4,"1":5,"2":5,"3":5,"4":5,"5":5,"6":5,"7":5,"8":5,"9":5,"10":5,"11":0,"12":0,"13":5,"14":5,"15":5,"16":0,"17":5,"18":5,"19":0},"f":{"0":5,"1":5,"2":5,"3":5},"b":{"0":[0]},"_coverageSchema":"1a1c01bbd47fc00a2c39e90264f33305004495a9","hash":"aa69303235213882695f6b06ca063255e74ffae6"}
,"E:\\JavaScript\\FinanceAdvisor\\src\\middlewere\\checkRole.js": {"path":"E:\\JavaScript\\FinanceAdvisor\\src\\middlewere\\checkRole.js","statementMap":{"0":{"start":{"line":3,"column":22},"end":{"line":19,"column":1}},"1":{"start":{"line":3,"column":33},"end":{"line":19,"column":1}},"2":{"start":{"line":4,"column":2},"end":{"line":18,"column":3}},"3":{"start":{"line":5,"column":24},"end":{"line":5,"column":32}},"4":{"start":{"line":6,"column":4},"end":{"line":8,"column":5}},"5":{"start":{"line":7,"column":6},"end":{"line":7,"column":64}},"6":{"start":{"line":9,"column":21},"end":{"line":9,"column":63}},"7":{"start":{"line":11,"column":4},"end":{"line":15,"column":5}},"8":{"start":{"line":12,"column":6},"end":{"line":12,"column":13}},"9":{"start":{"line":14,"column":6},"end":{"line":14,"column":64}},"10":{"start":{"line":17,"column":4},"end":{"line":17,"column":72}}},"fnMap":{"0":{"name":"(anonymous_0)","decl":{"start":{"line":3,"column":22},"end":{"line":3,"column":23}},"loc":{"start":{"line":3,"column":33},"end":{"line":19,"column":1}},"line":3},"1":{"name":"(anonymous_1)","decl":{"start":{"line":3,"column":33},"end":{"line":3,"column":34}},"loc":{"start":{"line":3,"column":59},"end":{"line":19,"column":1}},"line":3}},"branchMap":{"0":{"loc":{"start":{"line":6,"column":4},"end":{"line":8,"column":5}},"type":"if","locations":[{"start":{"line":6,"column":4},"end":{"line":8,"column":5}},{"start":{},"end":{}}],"line":6},"1":{"loc":{"start":{"line":11,"column":4},"end":{"line":15,"column":5}},"type":"if","locations":[{"start":{"line":11,"column":4},"end":{"line":15,"column":5}},{"start":{"line":13,"column":11},"end":{"line":15,"column":5}}],"line":11}},"s":{"0":1,"1":13,"2":0,"3":0,"4":0,"5":0,"6":0,"7":0,"8":0,"9":0,"10":0},"f":{"0":13,"1":0},"b":{"0":[0,0],"1":[0,0]},"_coverageSchema":"1a1c01bbd47fc00a2c39e90264f33305004495a9","hash":"597ccd8dab65143428fd5be5945ae34c72004521"}
,"E:\\JavaScript\\FinanceAdvisor\\src\\models\\documentModel.js": {"path":"E:\\JavaScript\\FinanceAdvisor\\src\\models\\documentModel.js","statementMap":{"0":{"start":{"line":7,"column":4},"end":{"line":7,"column":39}},"1":{"start":{"line":11,"column":4},"end":{"line":24,"column":5}},"2":{"start":{"line":12,"column":21},"end":{"line":17,"column":7}},"3":{"start":{"line":19,"column":20},"end":{"line":19,"column":67}},"4":{"start":{"line":21,"column":6},"end":{"line":21,"column":19}},"5":{"start":{"line":23,"column":6},"end":{"line":23,"column":60}},"6":{"start":{"line":27,"column":4},"end":{"line":51,"column":5}},"7":{"start":{"line":28,"column":19},"end":{"line":30,"column":7}},"8":{"start":{"line":32,"column":6},"end":{"line":32,"column":57}},"9":{"start":{"line":34,"column":22},"end":{"line":46,"column":8}},"10":{"start":{"line":35,"column":20},"end":{"line":40,"column":9}},"11":{"start":{"line":41,"column":8},"end":{"line":45,"column":10}},"12":{"start":{"line":48,"column":6},"end":{"line":48,"column":21}},"13":{"start":{"line":50,"column":6},"end":{"line":50,"column":75}},"14":{"start":{"line":54,"column":4},"end":{"line":66,"column":5}},"15":{"start":{"line":55,"column":18},"end":{"line":55,"column":72}},"16":{"start":{"line":57,"column":6},"end":{"line":60,"column":8}},"17":{"start":{"line":62,"column":6},"end":{"line":62,"column":75}},"18":{"start":{"line":63,"column":6},"end":{"line":63,"column":13}},"19":{"start":{"line":65,"column":6},"end":{"line":65,"column":74}},"20":{"start":{"line":69,"column":4},"end":{"line":81,"column":5}},"21":{"start":{"line":70,"column":18},"end":{"line":70,"column":72}},"22":{"start":{"line":72,"column":6},"end":{"line":75,"column":8}},"23":{"start":{"line":77,"column":6},"end":{"line":77,"column":58}},"24":{"start":{"line":78,"column":6},"end":{"line":78,"column":13}},"25":{"start":{"line":80,"column":6},"end":{"line":80,"column":74}},"26":{"start":{"line":84,"column":29},"end":{"line":84,"column":61}}},"fnMap":{"0":{"name":"(anonymous_0)","decl":{"start":{"line":6,"column":2},"end":{"line":6,"column":3}},"loc":{"start":{"line":6,"column":29},"end":{"line":8,"column":3}},"line":6},"1":{"name":"(anonymous_1)","decl":{"start":{"line":10,"column":2},"end":{"line":10,"column":3}},"loc":{"start":{"line":10,"column":66},"end":{"line":25,"column":3}},"line":10},"2":{"name":"(anonymous_2)","decl":{"start":{"line":26,"column":2},"end":{"line":26,"column":3}},"loc":{"start":{"line":26,"column":55},"end":{"line":52,"column":3}},"line":26},"3":{"name":"(anonymous_3)","decl":{"start":{"line":34,"column":31},"end":{"line":34,"column":32}},"loc":{"start":{"line":34,"column":40},"end":{"line":46,"column":7}},"line":34},"4":{"name":"(anonymous_4)","decl":{"start":{"line":53,"column":2},"end":{"line":53,"column":3}},"loc":{"start":{"line":53,"column":52},"end":{"line":67,"column":3}},"line":53},"5":{"name":"(anonymous_5)","decl":{"start":{"line":68,"column":2},"end":{"line":68,"column":3}},"loc":{"start":{"line":68,"column":35},"end":{"line":82,"column":3}},"line":68}},"branchMap":{},"s":{"0":3,"1":6,"2":6,"3":5,"4":5,"5":1,"6":2,"7":2,"8":2,"9":1,"10":1,"11":1,"12":1,"13":1,"14":2,"15":2,"16":2,"17":1,"18":1,"19":1,"20":2,"21":2,"22":2,"23":1,"24":1,"25":1,"26":2},"f":{"0":3,"1":6,"2":2,"3":1,"4":2,"5":2},"b":{},"_coverageSchema":"1a1c01bbd47fc00a2c39e90264f33305004495a9","hash":"b4a489e9c74fe225739b981539a529dd62fa7885"}
,"E:\\JavaScript\\FinanceAdvisor\\src\\models\\loanApplicationModel.js": {"path":"E:\\JavaScript\\FinanceAdvisor\\src\\models\\loanApplicationModel.js","statementMap":{"0":{"start":{"line":9,"column":42},"end":{"line":16,"column":1}},"1":{"start":{"line":10,"column":2},"end":{"line":14,"column":3}},"2":{"start":{"line":11,"column":4},"end":{"line":13,"column":6}},"3":{"start":{"line":15,"column":2},"end":{"line":15,"column":14}},"4":{"start":{"line":26,"column":4},"end":{"line":30,"column":43}},"5":{"start":{"line":34,"column":4},"end":{"line":80,"column":5}},"6":{"start":{"line":35,"column":29},"end":{"line":40,"column":7}},"7":{"start":{"line":43,"column":8},"end":{"line":43,"column":70}},"8":{"start":{"line":44,"column":30},"end":{"line":44,"column":66}},"9":{"start":{"line":47,"column":8},"end":{"line":49,"column":9}},"10":{"start":{"line":51,"column":6},"end":{"line":54,"column":8}},"11":{"start":{"line":56,"column":28},"end":{"line":56,"column":61}},"12":{"start":{"line":58,"column":6},"end":{"line":61,"column":8}},"13":{"start":{"line":63,"column":25},"end":{"line":63,"column":55}},"14":{"start":{"line":64,"column":30},"end":{"line":64,"column":79}},"15":{"start":{"line":66,"column":6},"end":{"line":69,"column":8}},"16":{"start":{"line":71,"column":26},"end":{"line":71,"column":54}},"17":{"start":{"line":73,"column":20},"end":{"line":76,"column":7}},"18":{"start":{"line":77,"column":6},"end":{"line":77,"column":36}},"19":{"start":{"line":79,"column":6},"end":{"line":79,"column":68}},"20":{"start":{"line":84,"column":4},"end":{"line":132,"column":5}},"21":{"start":{"line":85,"column":26},"end":{"line":87,"column":7}},"22":{"start":{"line":89,"column":6},"end":{"line":92,"column":8}},"23":{"start":{"line":95,"column":8},"end":{"line":97,"column":9}},"24":{"start":{"line":98,"column":25},"end":{"line":98,"column":55}},"25":{"start":{"line":99,"column":30},"end":{"line":99,"column":79}},"26":{"start":{"line":100,"column":6},"end":{"line":103,"column":8}},"27":{"start":{"line":104,"column":26},"end":{"line":104,"column":54}},"28":{"start":{"line":107,"column":8},"end":{"line":107,"column":79}},"29":{"start":{"line":109,"column":6},"end":{"line":112,"column":8}},"30":{"start":{"line":114,"column":28},"end":{"line":114,"column":72}},"31":{"start":{"line":114,"column":54},"end":{"line":114,"column":71}},"32":{"start":{"line":116,"column":6},"end":{"line":120,"column":7}},"33":{"start":{"line":117,"column":8},"end":{"line":119,"column":10}},"34":{"start":{"line":123,"column":8},"end":{"line":123,"column":72}},"35":{"start":{"line":125,"column":6},"end":{"line":129,"column":7}},"36":{"start":{"line":126,"column":8},"end":{"line":126,"column":15}},"37":{"start":{"line":128,"column":8},"end":{"line":128,"column":49}},"38":{"start":{"line":131,"column":6},"end":{"line":131,"column":69}},"39":{"start":{"line":136,"column":4},"end":{"line":150,"column":5}},"40":{"start":{"line":137,"column":26},"end":{"line":139,"column":7}},"41":{"start":{"line":141,"column":6},"end":{"line":144,"column":8}},"42":{"start":{"line":146,"column":6},"end":{"line":146,"column":75}},"43":{"start":{"line":147,"column":6},"end":{"line":147,"column":13}},"44":{"start":{"line":149,"column":6},"end":{"line":149,"column":67}},"45":{"start":{"line":153,"column":4},"end":{"line":168,"column":5}},"46":{"start":{"line":154,"column":27},"end":{"line":154,"column":79}},"47":{"start":{"line":155,"column":30},"end":{"line":164,"column":8}},"48":{"start":{"line":156,"column":20},"end":{"line":161,"column":9}},"49":{"start":{"line":163,"column":8},"end":{"line":163,"column":19}},"50":{"start":{"line":165,"column":6},"end":{"line":165,"column":29}},"51":{"start":{"line":167,"column":6},"end":{"line":167,"column":69}},"52":{"start":{"line":172,"column":36},"end":{"line":178,"column":1}}},"fnMap":{"0":{"name":"(anonymous_0)","decl":{"start":{"line":9,"column":42},"end":{"line":9,"column":43}},"loc":{"start":{"line":9,"column":76},"end":{"line":16,"column":1}},"line":9},"1":{"name":"(anonymous_1)","decl":{"start":{"line":19,"column":2},"end":{"line":19,"column":3}},"loc":{"start":{"line":25,"column":4},"end":{"line":31,"column":3}},"line":25},"2":{"name":"(anonymous_2)","decl":{"start":{"line":33,"column":2},"end":{"line":33,"column":3}},"loc":{"start":{"line":33,"column":65},"end":{"line":81,"column":3}},"line":33},"3":{"name":"(anonymous_3)","decl":{"start":{"line":83,"column":2},"end":{"line":83,"column":3}},"loc":{"start":{"line":83,"column":41},"end":{"line":133,"column":3}},"line":83},"4":{"name":"(anonymous_4)","decl":{"start":{"line":114,"column":45},"end":{"line":114,"column":46}},"loc":{"start":{"line":114,"column":54},"end":{"line":114,"column":71}},"line":114},"5":{"name":"(anonymous_5)","decl":{"start":{"line":135,"column":2},"end":{"line":135,"column":3}},"loc":{"start":{"line":135,"column":45},"end":{"line":151,"column":3}},"line":135},"6":{"name":"(anonymous_6)","decl":{"start":{"line":152,"column":2},"end":{"line":152,"column":3}},"loc":{"start":{"line":152,"column":29},"end":{"line":169,"column":3}},"line":152},"7":{"name":"(anonymous_7)","decl":{"start":{"line":155,"column":47},"end":{"line":155,"column":48}},"loc":{"start":{"line":155,"column":64},"end":{"line":164,"column":7}},"line":155}},"branchMap":{"0":{"loc":{"start":{"line":10,"column":2},"end":{"line":14,"column":3}},"type":"if","locations":[{"start":{"line":10,"column":2},"end":{"line":14,"column":3}},{"start":{},"end":{}}],"line":10},"1":{"loc":{"start":{"line":116,"column":6},"end":{"line":120,"column":7}},"type":"if","locations":[{"start":{"line":116,"column":6},"end":{"line":120,"column":7}},{"start":{},"end":{}}],"line":116},"2":{"loc":{"start":{"line":125,"column":6},"end":{"line":129,"column":7}},"type":"if","locations":[{"start":{"line":125,"column":6},"end":{"line":129,"column":7}},{"start":{"line":127,"column":13},"end":{"line":129,"column":7}}],"line":125}},"s":{"0":2,"1":3,"2":1,"3":2,"4":3,"5":1,"6":1,"7":1,"8":1,"9":1,"10":1,"11":1,"12":1,"13":1,"14":1,"15":1,"16":1,"17":1,"18":1,"19":0,"20":0,"21":0,"22":0,"23":0,"24":0,"25":0,"26":0,"27":0,"28":0,"29":0,"30":0,"31":0,"32":0,"33":0,"34":0,"35":0,"36":0,"37":0,"38":0,"39":2,"40":2,"41":2,"42":1,"43":1,"44":1,"45":1,"46":1,"47":1,"48":2,"49":2,"50":1,"51":0,"52":2},"f":{"0":3,"1":3,"2":1,"3":0,"4":0,"5":2,"6":1,"7":2},"b":{"0":[1,2],"1":[0,0],"2":[0,0]},"_coverageSchema":"1a1c01bbd47fc00a2c39e90264f33305004495a9","hash":"6ebbe1a3c5bec6dfab67afafb5d9e62115af8fae"}
,"E:\\JavaScript\\FinanceAdvisor\\src\\models\\loanTypeModel.js": {"path":"E:\\JavaScript\\FinanceAdvisor\\src\\models\\loanTypeModel.js","statementMap":{"0":{"start":{"line":6,"column":28},"end":{"line":19,"column":1}},"1":{"start":{"line":7,"column":20},"end":{"line":12,"column":4}},"2":{"start":{"line":13,"column":2},"end":{"line":18,"column":3}},"3":{"start":{"line":14,"column":4},"end":{"line":14,"column":25}},"4":{"start":{"line":15,"column":4},"end":{"line":15,"column":16}},"5":{"start":{"line":17,"column":4},"end":{"line":17,"column":17}},"6":{"start":{"line":23,"column":4},"end":{"line":23,"column":39}},"7":{"start":{"line":26,"column":4},"end":{"line":47,"column":5}},"8":{"start":{"line":27,"column":26},"end":{"line":33,"column":7}},"9":{"start":{"line":35,"column":31},"end":{"line":37,"column":7}},"10":{"start":{"line":38,"column":6},"end":{"line":40,"column":7}},"11":{"start":{"line":39,"column":8},"end":{"line":39,"column":77}},"12":{"start":{"line":42,"column":25},"end":{"line":42,"column":77}},"13":{"start":{"line":44,"column":6},"end":{"line":44,"column":24}},"14":{"start":{"line":46,"column":6},"end":{"line":46,"column":60}},"15":{"start":{"line":51,"column":4},"end":{"line":74,"column":5}},"16":{"start":{"line":52,"column":20},"end":{"line":52,"column":62}},"17":{"start":{"line":54,"column":23},"end":{"line":69,"column":8}},"18":{"start":{"line":55,"column":20},"end":{"line":61,"column":9}},"19":{"start":{"line":62,"column":8},"end":{"line":68,"column":10}},"20":{"start":{"line":71,"column":6},"end":{"line":71,"column":22}},"21":{"start":{"line":73,"column":6},"end":{"line":73,"column":62}},"22":{"start":{"line":78,"column":4},"end":{"line":102,"column":5}},"23":{"start":{"line":79,"column":19},"end":{"line":79,"column":69}},"24":{"start":{"line":80,"column":6},"end":{"line":82,"column":7}},"25":{"start":{"line":81,"column":8},"end":{"line":81,"column":45}},"26":{"start":{"line":84,"column":22},"end":{"line":90,"column":7}},"27":{"start":{"line":92,"column":19},"end":{"line":98,"column":7}},"28":{"start":{"line":99,"column":6},"end":{"line":99,"column":20}},"29":{"start":{"line":101,"column":6},"end":{"line":101,"column":57}},"30":{"start":{"line":106,"column":4},"end":{"line":130,"column":5}},"31":{"start":{"line":107,"column":19},"end":{"line":107,"column":65}},"32":{"start":{"line":108,"column":6},"end":{"line":110,"column":7}},"33":{"start":{"line":109,"column":8},"end":{"line":109,"column":43}},"34":{"start":{"line":112,"column":22},"end":{"line":118,"column":7}},"35":{"start":{"line":120,"column":19},"end":{"line":126,"column":7}},"36":{"start":{"line":127,"column":6},"end":{"line":127,"column":20}},"37":{"start":{"line":129,"column":6},"end":{"line":129,"column":68}},"38":{"start":{"line":134,"column":4},"end":{"line":146,"column":5}},"39":{"start":{"line":135,"column":19},"end":{"line":135,"column":68}},"40":{"start":{"line":136,"column":6},"end":{"line":138,"column":7}},"41":{"start":{"line":137,"column":8},"end":{"line":137,"column":43}},"42":{"start":{"line":139,"column":6},"end":{"line":141,"column":7}},"43":{"start":{"line":140,"column":8},"end":{"line":140,"column":79}},"44":{"start":{"line":143,"column":6},"end":{"line":143,"column":68}},"45":{"start":{"line":145,"column":6},"end":{"line":145,"column":61}},"46":{"start":{"line":149,"column":4},"end":{"line":159,"column":5}},"47":{"start":{"line":150,"column":23},"end":{"line":150,"column":72}},"48":{"start":{"line":151,"column":6},"end":{"line":151,"column":78}},"49":{"start":{"line":153,"column":6},"end":{"line":153,"column":58}},"50":{"start":{"line":154,"column":6},"end":{"line":154,"column":13}},"51":{"start":{"line":156,"column":6},"end":{"line":158,"column":8}},"52":{"start":{"line":162,"column":29},"end":{"line":162,"column":61}}},"fnMap":{"0":{"name":"(anonymous_0)","decl":{"start":{"line":6,"column":28},"end":{"line":6,"column":29}},"loc":{"start":{"line":6,"column":37},"end":{"line":19,"column":1}},"line":6},"1":{"name":"(anonymous_1)","decl":{"start":{"line":22,"column":2},"end":{"line":22,"column":3}},"loc":{"start":{"line":22,"column":29},"end":{"line":24,"column":3}},"line":22},"2":{"name":"(anonymous_2)","decl":{"start":{"line":25,"column":2},"end":{"line":25,"column":3}},"loc":{"start":{"line":25,"column":70},"end":{"line":48,"column":3}},"line":25},"3":{"name":"(anonymous_3)","decl":{"start":{"line":50,"column":2},"end":{"line":50,"column":3}},"loc":{"start":{"line":50,"column":26},"end":{"line":75,"column":3}},"line":50},"4":{"name":"(anonymous_4)","decl":{"start":{"line":54,"column":33},"end":{"line":54,"column":34}},"loc":{"start":{"line":54,"column":43},"end":{"line":69,"column":7}},"line":54},"5":{"name":"(anonymous_5)","decl":{"start":{"line":77,"column":2},"end":{"line":77,"column":3}},"loc":{"start":{"line":77,"column":34},"end":{"line":103,"column":3}},"line":77},"6":{"name":"(anonymous_6)","decl":{"start":{"line":105,"column":2},"end":{"line":105,"column":3}},"loc":{"start":{"line":105,"column":30},"end":{"line":131,"column":3}},"line":105},"7":{"name":"(anonymous_7)","decl":{"start":{"line":133,"column":2},"end":{"line":133,"column":3}},"loc":{"start":{"line":133,"column":45},"end":{"line":147,"column":3}},"line":133},"8":{"name":"(anonymous_8)","decl":{"start":{"line":148,"column":2},"end":{"line":148,"column":3}},"loc":{"start":{"line":148,"column":35},"end":{"line":160,"column":3}},"line":148}},"branchMap":{"0":{"loc":{"start":{"line":38,"column":6},"end":{"line":40,"column":7}},"type":"if","locations":[{"start":{"line":38,"column":6},"end":{"line":40,"column":7}},{"start":{},"end":{}}],"line":38},"1":{"loc":{"start":{"line":80,"column":6},"end":{"line":82,"column":7}},"type":"if","locations":[{"start":{"line":80,"column":6},"end":{"line":82,"column":7}},{"start":{},"end":{}}],"line":80},"2":{"loc":{"start":{"line":108,"column":6},"end":{"line":110,"column":7}},"type":"if","locations":[{"start":{"line":108,"column":6},"end":{"line":110,"column":7}},{"start":{},"end":{}}],"line":108},"3":{"loc":{"start":{"line":136,"column":6},"end":{"line":138,"column":7}},"type":"if","locations":[{"start":{"line":136,"column":6},"end":{"line":138,"column":7}},{"start":{},"end":{}}],"line":136},"4":{"loc":{"start":{"line":139,"column":6},"end":{"line":141,"column":7}},"type":"if","locations":[{"start":{"line":139,"column":6},"end":{"line":141,"column":7}},{"start":{},"end":{}}],"line":139}},"s":{"0":3,"1":7,"2":7,"3":7,"4":4,"5":3,"6":4,"7":1,"8":1,"9":1,"10":1,"11":1,"12":0,"13":0,"14":1,"15":1,"16":1,"17":1,"18":2,"19":2,"20":1,"21":0,"22":4,"23":4,"24":4,"25":0,"26":4,"27":4,"28":4,"29":0,"30":2,"31":2,"32":2,"33":0,"34":2,"35":2,"36":2,"37":0,"38":1,"39":1,"40":1,"41":0,"42":1,"43":0,"44":1,"45":0,"46":2,"47":2,"48":2,"49":2,"50":2,"51":0,"52":3},"f":{"0":7,"1":4,"2":1,"3":1,"4":2,"5":4,"6":2,"7":1,"8":2},"b":{"0":[1,0],"1":[0,4],"2":[0,2],"3":[0,1],"4":[0,1]},"_coverageSchema":"1a1c01bbd47fc00a2c39e90264f33305004495a9","hash":"ad3fcde5e0336a3166e97c66a75b7dc284a8bb85"}
,"E:\\JavaScript\\FinanceAdvisor\\src\\models\\maxLoanAmountModel.js": {"path":"E:\\JavaScript\\FinanceAdvisor\\src\\models\\maxLoanAmountModel.js","statementMap":{"0":{"start":{"line":9,"column":42},"end":{"line":12,"column":1}},"1":{"start":{"line":10,"column":18},"end":{"line":10,"column":30}},"2":{"start":{"line":11,"column":2},"end":{"line":11,"column":17}},"3":{"start":{"line":14,"column":37},"end":{"line":17,"column":1}},"4":{"start":{"line":15,"column":12},"end":{"line":15,"column":27}},"5":{"start":{"line":16,"column":2},"end":{"line":16,"column":11}},"6":{"start":{"line":19,"column":37},"end":{"line":22,"column":1}},"7":{"start":{"line":20,"column":27},"end":{"line":20,"column":48}},"8":{"start":{"line":21,"column":2},"end":{"line":21,"column":38}},"9":{"start":{"line":24,"column":38},"end":{"line":35,"column":1}},"10":{"start":{"line":25,"column":2},"end":{"line":29,"column":3}},"11":{"start":{"line":26,"column":4},"end":{"line":28,"column":6}},"12":{"start":{"line":31,"column":4},"end":{"line":33,"column":48}},"13":{"start":{"line":34,"column":2},"end":{"line":34,"column":29}},"14":{"start":{"line":37,"column":38},"end":{"line":50,"column":1}},"15":{"start":{"line":42,"column":22},"end":{"line":42,"column":45}},"16":{"start":{"line":44,"column":4},"end":{"line":45,"column":51}},"17":{"start":{"line":46,"column":25},"end":{"line":46,"column":61}},"18":{"start":{"line":47,"column":24},"end":{"line":47,"column":55}},"19":{"start":{"line":48,"column":24},"end":{"line":48,"column":55}},"20":{"start":{"line":49,"column":2},"end":{"line":49,"column":23}},"21":{"start":{"line":59,"column":4},"end":{"line":62,"column":69}},"22":{"start":{"line":65,"column":4},"end":{"line":119,"column":5}},"23":{"start":{"line":66,"column":30},"end":{"line":68,"column":7}},"24":{"start":{"line":70,"column":6},"end":{"line":70,"column":66}},"25":{"start":{"line":72,"column":19},"end":{"line":72,"column":48}},"26":{"start":{"line":73,"column":19},"end":{"line":73,"column":44}},"27":{"start":{"line":74,"column":28},"end":{"line":74,"column":74}},"28":{"start":{"line":76,"column":6},"end":{"line":76,"column":61}},"29":{"start":{"line":77,"column":27},"end":{"line":77,"column":53}},"30":{"start":{"line":78,"column":21},"end":{"line":78,"column":41}},"31":{"start":{"line":80,"column":32},"end":{"line":80,"column":66}},"32":{"start":{"line":82,"column":23},"end":{"line":82,"column":50}},"33":{"start":{"line":84,"column":28},"end":{"line":88,"column":7}},"34":{"start":{"line":90,"column":6},"end":{"line":92,"column":7}},"35":{"start":{"line":91,"column":8},"end":{"line":91,"column":47}},"36":{"start":{"line":94,"column":36},"end":{"line":98,"column":7}},"37":{"start":{"line":100,"column":25},"end":{"line":105,"column":7}},"38":{"start":{"line":107,"column":33},"end":{"line":109,"column":7}},"39":{"start":{"line":111,"column":6},"end":{"line":114,"column":8}},"40":{"start":{"line":116,"column":6},"end":{"line":116,"column":32}},"41":{"start":{"line":118,"column":6},"end":{"line":118,"column":64}},"42":{"start":{"line":122,"column":4},"end":{"line":154,"column":5}},"43":{"start":{"line":124,"column":8},"end":{"line":124,"column":79}},"44":{"start":{"line":126,"column":6},"end":{"line":126,"column":73}},"45":{"start":{"line":128,"column":25},"end":{"line":133,"column":7}},"46":{"start":{"line":135,"column":26},"end":{"line":141,"column":7}},"47":{"start":{"line":143,"column":19},"end":{"line":149,"column":7}},"48":{"start":{"line":151,"column":6},"end":{"line":151,"column":20}},"49":{"start":{"line":153,"column":6},"end":{"line":153,"column":69}},"50":{"start":{"line":157,"column":4},"end":{"line":175,"column":5}},"51":{"start":{"line":159,"column":8},"end":{"line":161,"column":9}},"52":{"start":{"line":162,"column":6},"end":{"line":165,"column":8}},"53":{"start":{"line":167,"column":6},"end":{"line":169,"column":8}},"54":{"start":{"line":170,"column":6},"end":{"line":170,"column":13}},"55":{"start":{"line":172,"column":6},"end":{"line":174,"column":8}},"56":{"start":{"line":179,"column":34},"end":{"line":184,"column":1}}},"fnMap":{"0":{"name":"(anonymous_0)","decl":{"start":{"line":9,"column":42},"end":{"line":9,"column":43}},"loc":{"start":{"line":9,"column":54},"end":{"line":12,"column":1}},"line":9},"1":{"name":"(anonymous_1)","decl":{"start":{"line":14,"column":37},"end":{"line":14,"column":38}},"loc":{"start":{"line":14,"column":47},"end":{"line":17,"column":1}},"line":14},"2":{"name":"(anonymous_2)","decl":{"start":{"line":19,"column":37},"end":{"line":19,"column":38}},"loc":{"start":{"line":19,"column":58},"end":{"line":22,"column":1}},"line":19},"3":{"name":"(anonymous_3)","decl":{"start":{"line":24,"column":38},"end":{"line":24,"column":39}},"loc":{"start":{"line":24,"column":77},"end":{"line":35,"column":1}},"line":24},"4":{"name":"(anonymous_4)","decl":{"start":{"line":37,"column":38},"end":{"line":37,"column":39}},"loc":{"start":{"line":41,"column":5},"end":{"line":50,"column":1}},"line":41},"5":{"name":"(anonymous_5)","decl":{"start":{"line":53,"column":2},"end":{"line":53,"column":3}},"loc":{"start":{"line":58,"column":4},"end":{"line":63,"column":3}},"line":58},"6":{"name":"(anonymous_6)","decl":{"start":{"line":64,"column":2},"end":{"line":64,"column":3}},"loc":{"start":{"line":64,"column":45},"end":{"line":120,"column":3}},"line":64},"7":{"name":"(anonymous_7)","decl":{"start":{"line":121,"column":2},"end":{"line":121,"column":3}},"loc":{"start":{"line":121,"column":42},"end":{"line":155,"column":3}},"line":121},"8":{"name":"(anonymous_8)","decl":{"start":{"line":156,"column":2},"end":{"line":156,"column":3}},"loc":{"start":{"line":156,"column":53},"end":{"line":176,"column":3}},"line":156}},"branchMap":{"0":{"loc":{"start":{"line":25,"column":2},"end":{"line":29,"column":3}},"type":"if","locations":[{"start":{"line":25,"column":2},"end":{"line":29,"column":3}},{"start":{},"end":{}}],"line":25},"1":{"loc":{"start":{"line":25,"column":6},"end":{"line":25,"column":61}},"type":"binary-expr","locations":[{"start":{"line":25,"column":6},"end":{"line":25,"column":29}},{"start":{"line":25,"column":33},"end":{"line":25,"column":47}},{"start":{"line":25,"column":51},"end":{"line":25,"column":61}}],"line":25},"2":{"loc":{"start":{"line":90,"column":6},"end":{"line":92,"column":7}},"type":"if","locations":[{"start":{"line":90,"column":6},"end":{"line":92,"column":7}},{"start":{},"end":{}}],"line":90}},"s":{"0":2,"1":2,"2":2,"3":2,"4":2,"5":2,"6":2,"7":1,"8":1,"9":2,"10":4,"11":3,"12":1,"13":1,"14":2,"15":0,"16":0,"17":0,"18":0,"19":0,"20":0,"21":2,"22":0,"23":0,"24":0,"25":0,"26":0,"27":0,"28":0,"29":0,"30":0,"31":0,"32":0,"33":0,"34":0,"35":0,"36":0,"37":0,"38":0,"39":0,"40":0,"41":0,"42":0,"43":0,"44":0,"45":0,"46":0,"47":0,"48":0,"49":0,"50":0,"51":0,"52":0,"53":0,"54":0,"55":0,"56":2},"f":{"0":2,"1":2,"2":1,"3":4,"4":0,"5":2,"6":0,"7":0,"8":0},"b":{"0":[3,1],"1":[4,3,2],"2":[0,0]},"_coverageSchema":"1a1c01bbd47fc00a2c39e90264f33305004495a9","hash":"bf5c4f9d413f7955a6ca8a63fa8324726505ca78"}
,"E:\\JavaScript\\FinanceAdvisor\\src\\models\\notesModel.js": {"path":"E:\\JavaScript\\FinanceAdvisor\\src\\models\\notesModel.js","statementMap":{"0":{"start":{"line":11,"column":36},"end":{"line":16,"column":1}},"1":{"start":{"line":12,"column":20},"end":{"line":14,"column":3}},"2":{"start":{"line":15,"column":2},"end":{"line":15,"column":21}},"3":{"start":{"line":18,"column":32},"end":{"line":25,"column":1}},"4":{"start":{"line":19,"column":2},"end":{"line":24,"column":3}},"5":{"start":{"line":23,"column":4},"end":{"line":23,"column":53}},"6":{"start":{"line":36,"column":4},"end":{"line":37,"column":37}},"7":{"start":{"line":38,"column":4},"end":{"line":41,"column":35}},"8":{"start":{"line":45,"column":4},"end":{"line":93,"column":5}},"9":{"start":{"line":47,"column":8},"end":{"line":49,"column":9}},"10":{"start":{"line":50,"column":6},"end":{"line":53,"column":8}},"11":{"start":{"line":55,"column":28},"end":{"line":55,"column":56}},"12":{"start":{"line":56,"column":29},"end":{"line":56,"column":58}},"13":{"start":{"line":58,"column":26},"end":{"line":60,"column":7}},"14":{"start":{"line":62,"column":30},"end":{"line":62,"column":74}},"15":{"start":{"line":65,"column":8},"end":{"line":67,"column":9}},"16":{"start":{"line":69,"column":25},"end":{"line":69,"column":55}},"17":{"start":{"line":71,"column":30},"end":{"line":71,"column":79}},"18":{"start":{"line":73,"column":23},"end":{"line":73,"column":48}},"19":{"start":{"line":75,"column":26},"end":{"line":75,"column":73}},"20":{"start":{"line":77,"column":6},"end":{"line":77,"column":66}},"21":{"start":{"line":79,"column":35},"end":{"line":79,"column":71}},"22":{"start":{"line":81,"column":23},"end":{"line":86,"column":7}},"23":{"start":{"line":88,"column":21},"end":{"line":88,"column":64}},"24":{"start":{"line":90,"column":6},"end":{"line":90,"column":20}},"25":{"start":{"line":92,"column":6},"end":{"line":92,"column":65}},"26":{"start":{"line":96,"column":4},"end":{"line":123,"column":5}},"27":{"start":{"line":98,"column":8},"end":{"line":100,"column":9}},"28":{"start":{"line":102,"column":6},"end":{"line":105,"column":8}},"29":{"start":{"line":107,"column":20},"end":{"line":109,"column":7}},"30":{"start":{"line":110,"column":23},"end":{"line":118,"column":7}},"31":{"start":{"line":112,"column":10},"end":{"line":117,"column":11}},"32":{"start":{"line":120,"column":6},"end":{"line":120,"column":22}},"33":{"start":{"line":122,"column":6},"end":{"line":122,"column":62}},"34":{"start":{"line":127,"column":4},"end":{"line":136,"column":5}},"35":{"start":{"line":128,"column":19},"end":{"line":128,"column":61}},"36":{"start":{"line":130,"column":6},"end":{"line":130,"column":68}},"37":{"start":{"line":132,"column":6},"end":{"line":132,"column":57}},"38":{"start":{"line":133,"column":6},"end":{"line":133,"column":13}},"39":{"start":{"line":135,"column":6},"end":{"line":135,"column":74}},"40":{"start":{"line":140,"column":4},"end":{"line":148,"column":5}},"41":{"start":{"line":141,"column":19},"end":{"line":141,"column":60}},"42":{"start":{"line":142,"column":6},"end":{"line":142,"column":65}},"43":{"start":{"line":144,"column":6},"end":{"line":144,"column":47}},"44":{"start":{"line":145,"column":6},"end":{"line":145,"column":13}},"45":{"start":{"line":147,"column":6},"end":{"line":147,"column":66}},"46":{"start":{"line":152,"column":26},"end":{"line":159,"column":1}}},"fnMap":{"0":{"name":"(anonymous_0)","decl":{"start":{"line":11,"column":36},"end":{"line":11,"column":37}},"loc":{"start":{"line":11,"column":56},"end":{"line":16,"column":1}},"line":11},"1":{"name":"(anonymous_1)","decl":{"start":{"line":18,"column":32},"end":{"line":18,"column":33}},"loc":{"start":{"line":18,"column":79},"end":{"line":25,"column":1}},"line":18},"2":{"name":"(anonymous_2)","decl":{"start":{"line":28,"column":2},"end":{"line":28,"column":3}},"loc":{"start":{"line":35,"column":4},"end":{"line":42,"column":3}},"line":35},"3":{"name":"(anonymous_3)","decl":{"start":{"line":44,"column":2},"end":{"line":44,"column":3}},"loc":{"start":{"line":44,"column":54},"end":{"line":94,"column":3}},"line":44},"4":{"name":"(anonymous_4)","decl":{"start":{"line":95,"column":2},"end":{"line":95,"column":3}},"loc":{"start":{"line":95,"column":63},"end":{"line":124,"column":3}},"line":95},"5":{"name":"(anonymous_5)","decl":{"start":{"line":111,"column":8},"end":{"line":111,"column":9}},"loc":{"start":{"line":112,"column":10},"end":{"line":117,"column":11}},"line":112},"6":{"name":"(anonymous_6)","decl":{"start":{"line":126,"column":2},"end":{"line":126,"column":3}},"loc":{"start":{"line":126,"column":37},"end":{"line":137,"column":3}},"line":126},"7":{"name":"(anonymous_7)","decl":{"start":{"line":139,"column":2},"end":{"line":139,"column":3}},"loc":{"start":{"line":139,"column":27},"end":{"line":149,"column":3}},"line":139}},"branchMap":{"0":{"loc":{"start":{"line":19,"column":2},"end":{"line":24,"column":3}},"type":"if","locations":[{"start":{"line":19,"column":2},"end":{"line":24,"column":3}},{"start":{},"end":{}}],"line":19},"1":{"loc":{"start":{"line":20,"column":4},"end":{"line":21,"column":39}},"type":"binary-expr","locations":[{"start":{"line":20,"column":4},"end":{"line":20,"column":43}},{"start":{"line":21,"column":4},"end":{"line":21,"column":39}}],"line":20}},"s":{"0":2,"1":2,"2":2,"3":2,"4":5,"5":2,"6":3,"7":3,"8":0,"9":0,"10":0,"11":0,"12":0,"13":0,"14":0,"15":0,"16":0,"17":0,"18":0,"19":0,"20":0,"21":0,"22":0,"23":0,"24":0,"25":0,"26":2,"27":2,"28":2,"29":1,"30":1,"31":1,"32":1,"33":1,"34":0,"35":0,"36":0,"37":0,"38":0,"39":0,"40":0,"41":0,"42":0,"43":0,"44":0,"45":0,"46":2},"f":{"0":2,"1":5,"2":3,"3":0,"4":2,"5":1,"6":0,"7":0},"b":{"0":[2,3],"1":[5,4]},"_coverageSchema":"1a1c01bbd47fc00a2c39e90264f33305004495a9","hash":"cec5b9d00a4ae8306c09e2873f9dcca1d46d3192"}
[...]
,"E:\\JavaScript\\FinanceAdvisor\\src\\routers\\authRouter.js": {"path":"E:\\JavaScript\\FinanceAdvisor\\src\\routers\\authRouter.js","statementMap":{"0":{"start":{"line":5,"column":15},"end":{"line":5,"column":23}},"1":{"start":{"line":7,"column":0},"end":{"line":7,"column":76}},"2":{"start":{"line":8,"column":0},"end":{"line":8,"column":46}}},"fnMap":{},"branchMap":{},"s":{"0":1,"1":1,"2":1},"f":{},"b":{},"_coverageSchema":"1a1c01bbd47fc00a2c39e90264f33305004495a9","hash":"cb231e758e5fe5ef40c087d7731be0677b4e1e04"}
,"E:\\JavaScript\\FinanceAdvisor\\src\\routers\\documentRouter.js": {"path":"E:\\JavaScript\\FinanceAdvisor\\src\\routers\\documentRouter.js","statementMap":{"0":{"start":{"line":6,"column":15},"end":{"line":6,"column":23}},"1":{"start":{"line":8,"column":0},"end":{"line":13,"column":2}},"2":{"start":{"line":14,"column":0},"end":{"line":19,"column":2}},"3":{"start":{"line":20,"column":0},"end":{"line":24,"column":2}},"4":{"start":{"line":25,"column":0},"end":{"line":29,"column":2}}},"fnMap":{},"branchMap":{},"s":{"0":1,"1":1,"2":1,"3":1,"4":1},"f":{},"b":{},"_coverageSchema":"1a1c01bbd47fc00a2c39e90264f33305004495a9","hash":"ed5631d04bd512b948fe06e5bebb344cb056dc84"}
,"E:\\JavaScript\\FinanceAdvisor\\src\\routers\\loanApplicationRouter.js": {"path":"E:\\JavaScript\\FinanceAdvisor\\src\\routers\\loanApplicationRouter.js","statementMap":{"0":{"start":{"line":7,"column":15},"end":{"line":7,"column":23}},"1":{"start":{"line":9,"column":0},"end":{"line":14,"column":2}},"2":{"start":{"line":15,"column":0},"end":{"line":20,"column":2}},"3":{"start":{"line":21,"column":0},"end":{"line":26,"column":2}},"4":{"start":{"line":27,"column":0},"end":{"line":32,"column":2}},"5":{"start":{"line":33,"column":0},"end":{"line":37,"column":2}}},"fnMap":{},"branchMap":{},"s":{"0":1,"1":1,"2":1,"3":1,"4":1,"5":1},"f":{},"b":{},"_coverageSchema":"1a1c01bbd47fc00a2c39e90264f33305004495a9","hash":"8fb3043092ce2c085e6732ea05ab9d8f8a27576f"}
,"E:\\JavaScript\\FinanceAdvisor\\src\\routers\\loanTypeRouter.js": {"path":"E:\\JavaScript\\FinanceAdvisor\\src\\routers\\loanTypeRouter.js","statementMap":{"0":{"start":{"line":6,"column":15},"end":{"line":6,"column":23}},"1":{"start":{"line":8,"column":0},"end":{"line":13,"column":2}},"2":{"start":{"line":14,"column":0},"end":{"line":14,"column":67}},"3":{"start":{"line":15,"column":0},"end":{"line":15,"column":52}},"4":{"start":{"line":17,"column":0},"end":{"line":22,"column":2}},"5":{"start":{"line":24,"column":0},"end":{"line":28,"column":2}}},"fnMap":{},"branchMap":{},"s":{"0":1,"1":1,"2":1,"3":1,"4":1,"5":1},"f":{},"b":{},"_coverageSchema":"1a1c01bbd47fc00a2c39e90264f33305004495a9","hash":"8e9ad3970f9783a72f6d8ce0c3eaa3c6a8496b0a"}
,"E:\\JavaScript\\FinanceAdvisor\\src\\routers\\maxLoanRouter.js": {"path":"E:\\JavaScript\\FinanceAdvisor\\src\\routers\\maxLoanRouter.js","statementMap":{"0":{"start":{"line":6,"column":15},"end":{"line":6,"column":23}},"1":{"start":{"line":8,"column":0},"end":{"line":8,"column":77}},"2":{"start":{"line":9,"column":0},"end":{"line":14,"column":2}},"3":{"start":{"line":15,"column":0},"end":{"line":18,"column":2}}},"fnMap":{},"branchMap":{},"s":{"0":1,"1":1,"2":1,"3":1},"f":{},"b":{},"_coverageSchema":"1a1c01bbd47fc00a2c39e90264f33305004495a9","hash":"ecae7696acc7ede7d3478483f6eb0c2fce9eb056"}
,"E:\\JavaScript\\FinanceAdvisor\\src\\routers\\notesRouter.js": {"path":"E:\\JavaScript\\FinanceAdvisor\\src\\routers\\notesRouter.js","statementMap":{"0":{"start":{"line":6,"column":15},"end":{"line":6,"column":23}},"1":{"start":{"line":8,"column":0},"end":{"line":13,"column":2}},"2":{"start":{"line":15,"column":0},"end":{"line":18,"column":2}},"3":{"start":{"line":20,"column":0},"end":{"line":25,"column":2}},"4":{"start":{"line":27,"column":0},"end":{"line":27,"column":80}}},"fnMap":{},"branchMap":{},"s":{"0":1,"1":1,"2":1,"3":1,"4":1},"f":{},"b":{},"_coverageSchema":"1a1c01bbd47fc00a2c39e90264f33305004495a9","hash":"4cfe0c8396617f940dee083fddd019e4bce6041a"}
,"E:\\JavaScript\\FinanceAdvisor\\src\\routers\\registrationRouter.js": {"path":"E:\\JavaScript\\FinanceAdvisor\\src\\routers\\registrationRouter.js","statementMap":{"0":{"start":{"line":4,"column":15},"end":{"line":4,"column":23}},"1":{"start":{"line":6,"column":0},"end":{"line":6,"column":46}}},"fnMap":{},"branchMap":{},"s":{"0":1,"1":1},"f":{},"b":{},"_coverageSchema":"1a1c01bbd47fc00a2c39e90264f33305004495a9","hash":"782f4b75e8f5b3a3854297e46073f4ed42eff85b"}
,"E:\\JavaScript\\FinanceAdvisor\\src\\routers\\repaymentScheduleRouter.js": {"path":"E:\\JavaScript\\FinanceAdvisor\\src\\routers\\repaymentScheduleRouter.js","statementMap":{"0":{"start":{"line":6,"column":15},"end":{"line":6,"column":23}},"1":{"start":{"line":8,"column":0},"end":{"line":13,"column":2}},"2":{"start":{"line":14,"column":0},"end":{"line":19,"column":2}},"3":{"start":{"line":20,"column":0},"end":{"line":23,"column":2}},"4":{"start":{"line":24,"column":0},"end":{"line":28,"column":2}}},"fnMap":{},"branchMap":{},"s":{"0":1,"1":1,"2":1,"3":1,"4":1},"f":{},"b":{},"_coverageSchema":"1a1c01bbd47fc00a2c39e90264f33305004495a9","hash":"5ea576d5798649cf08b9576de59164c0ceb65aa0"}
,"E:\\JavaScript\\FinanceAdvisor\\src\\routers\\userRouter.js": {"path":"E:\\JavaScript\\FinanceAdvisor\\src\\routers\\userRouter.js","statementMap":{"0":{"start":{"line":5,"column":15},"end":{"line":5,"column":23}},"1":{"start":{"line":7,"column":0},"end":{"line":11,"column":2}},"2":{"start":{"line":12,"column":0},"end":{"line":16,"column":2}},"3":{"start":{"line":17,"column":0},"end":{"line":17,"column":44}},"4":{"start":{"line":18,"column":0},"end":{"line":18,"column":74}},"5":{"start":{"line":19,"column":0},"end":{"line":19,"column":77}}},"fnMap":{},"branchMap":{},"s":{"0":1,"1":1,"2":1,"3":1,"4":1,"5":1},"f":{},"b":{},"_coverageSchema":"1a1c01bbd47fc00a2c39e90264f33305004495a9","hash":"29b37f777eb1007bf5b5afbb10992cdb692bd5a1"}
,"E:\\JavaScript\\FinanceAdvisor\\utils\\helper.js": {"path":"E:\\JavaScript\\FinanceAdvisor\\utils\\helper.js","statementMap":{"0":{"start":{"line":1,"column":33},"end":{"line":5,"column":1}},"1":{"start":{"line":2,"column":2},"end":{"line":4,"column":3}},"2":{"start":{"line":3,"column":4},"end":{"line":3,"column":27}}},"fnMap":{"0":{"name":"(anonymous_0)","decl":{"start":{"line":1,"column":33},"end":{"line":1,"column":34}},"loc":{"start":{"line":1,"column":51},"end":{"line":5,"column":1}},"line":1}},"branchMap":{"0":{"loc":{"start":{"line":2,"column":2},"end":{"line":4,"column":3}},"type":"if","locations":[{"start":{"line":2,"column":2},"end":{"line":4,"column":3}},{"start":{},"end":{}}],"line":2}},"s":{"0":10,"1":29,"2":10},"f":{"0":29},"b":{"0":[10,19]},"_coverageSchema":"1a1c01bbd47fc00a2c39e90264f33305004495a9","hash":"a68b9e2e152881a13553333cf122cf8b9e0e25e3"}
,"E:\\JavaScript\\FinanceAdvisor\\utils\\tokenController.js": {"path":"E:\\JavaScript\\FinanceAdvisor\\utils\\tokenController.js","statementMap":{"0":{"start":{"line":6,"column":0},"end":{"line":6,"column":16}},"1":{"start":{"line":9,"column":30},"end":{"line":9,"column":33}},"2":{"start":{"line":10,"column":14},"end":{"line":12,"column":2}},"3":{"start":{"line":14,"column":14},"end":{"line":16,"column":1}},"4":{"start":{"line":19,"column":13},"end":{"line":40,"column":3}},"5":{"start":{"line":20,"column":20},"end":{"line":25,"column":6}},"6":{"start":{"line":27,"column":21},"end":{"line":27,"column":38}},"7":{"start":{"line":29,"column":4},"end":{"line":39,"column":9}},"8":{"start":{"line":32,"column":25},"end":{"line":32,"column":44}},"9":{"start":{"line":33,"column":8},"end":{"line":33,"column":27}},"10":{"start":{"line":34,"column":8},"end":{"line":34,"column":67}},"11":{"start":{"line":37,"column":8},"end":{"line":37,"column":27}},"12":{"start":{"line":38,"column":8},"end":{"line":38,"column":53}},"13":{"start":{"line":41,"column":21},"end":{"line":61,"column":3}},"14":{"start":{"line":42,"column":20},"end":{"line":47,"column":6}},"15":{"start":{"line":48,"column":21},"end":{"line":48,"column":38}},"16":{"start":{"line":50,"column":4},"end":{"line":60,"column":9}},"17":{"start":{"line":53,"column":8},"end":{"line":53,"column":44}},"18":{"start":{"line":54,"column":8},"end":{"line":54,"column":45}},"19":{"start":{"line":55,"column":8},"end":{"line":55,"column":15}},"20":{"start":{"line":58,"column":8},"end":{"line":58,"column":27}},"21":{"start":{"line":59,"column":8},"end":{"line":59,"column":53}},"22":{"start":{"line":64,"column":21},"end":{"line":64,"column":42}}},"fnMap":{"0":{"name":"(anonymous_0)","decl":{"start":{"line":19,"column":13},"end":{"line":19,"column":14}},"loc":{"start":{"line":19,"column":33},"end":{"line":40,"column":3}},"line":19},"1":{"name":"(anonymous_1)","decl":{"start":{"line":31,"column":12},"end":{"line":31,"column":13}},"loc":{"start":{"line":31,"column":23},"end":{"line":35,"column":7}},"line":31},"2":{"name":"(anonymous_2)","decl":{"start":{"line":36,"column":13},"end":{"line":36,"column":14}},"loc":{"start":{"line":36,"column":22},"end":{"line":39,"column":7}},"line":36},"3":{"name":"(anonymous_3)","decl":{"start":{"line":41,"column":21},"end":{"line":41,"column":22}},"loc":{"start":{"line":41,"column":47},"end":{"line":61,"column":3}},"line":41},"4":{"name":"(anonymous_4)","decl":{"start":{"line":52,"column":12},"end":{"line":52,"column":13}},"loc":{"start":{"line":52,"column":29},"end":{"line":56,"column":7}},"line":52},"5":{"name":"(anonymous_5)","decl":{"start":{"line":57,"column":13},"end":{"line":57,"column":14}},"loc":{"start":{"line":57,"column":22},"end":{"line":60,"column":7}},"line":57}},"branchMap":{},"s":{"0":1,"1":1,"2":1,"3":1,"4":1,"5":0,"6":0,"7":0,"8":0,"9":0,"10":0,"11":0,"12":0,"13":1,"14":0,"15":0,"16":0,"17":0,"18":0,"19":0,"20":0,"21":0,"22":1},"f":{"0":0,"1":0,"2":0,"3":0,"4":0,"5":0},"b":{},"_coverageSchema":"1a1c01bbd47fc00a2c39e90264f33305004495a9","hash":"7d4ff1a6f52d98622916de7cbdf45f8fa8d10ff5"}
,"E:\\JavaScript\\FinanceAdvisor\\utils\\tokenModel.js": {"path":"E:\\JavaScript\\FinanceAdvisor\\utils\\tokenModel.js","statementMap":{"0":{"start":{"line":4,"column":22},"end":{"line":4,"column":41}},"1":{"start":{"line":7,"column":2},"end":{"line":25,"column":3}},"2":{"start":{"line":8,"column":23},"end":{"line":8,"column":64}},"3":{"start":{"line":10,"column":4},"end":{"line":12,"column":5}},"4":{"start":{"line":11,"column":6},"end":{"line":11,"column":18}},"5":{"start":{"line":14,"column":4},"end":{"line":14,"column":54}},"6":{"start":{"line":15,"column":19},"end":{"line":19,"column":5}},"7":{"start":{"line":21,"column":4},"end":{"line":21,"column":18}},"8":{"start":{"line":23,"column":4},"end":{"line":23,"column":51}},"9":{"start":{"line":24,"column":4},"end":{"line":24,"column":52}},"10":{"start":{"line":29,"column":2},"end":{"line":31,"column":3}},"11":{"start":{"line":30,"column":4},"end":{"line":30,"column":17}},"12":{"start":{"line":32,"column":2},"end":{"line":41,"column":3}},"13":{"start":{"line":33,"column":4},"end":{"line":37,"column":5}},"14":{"start":{"line":34,"column":6},"end":{"line":34,"column":43}},"15":{"start":{"line":36,"column":6},"end":{"line":36,"column":59}},"16":{"start":{"line":36,"column":32},"end":{"line":36,"column":57}},"17":{"start":{"line":39,"column":4},"end":{"line":39,"column":52}},"18":{"start":{"line":40,"column":4},"end":{"line":40,"column":17}},"19":{"start":{"line":45,"column":2},"end":{"line":60,"column":3}},"20":{"start":{"line":46,"column":18},"end":{"line":46,"column":67}},"21":{"start":{"line":47,"column":4},"end":{"line":49,"column":5}},"22":{"start":{"line":48,"column":6},"end":{"line":48,"column":18}},"23":{"start":{"line":51,"column":4},"end":{"line":56,"column":6}},"24":{"start":{"line":58,"column":4},"end":{"line":58,"column":56}},"25":{"start":{"line":59,"column":4},"end":{"line":59,"column":53}},"26":{"start":{"line":64,"column":2},"end":{"line":81,"column":3}},"27":{"start":{"line":65,"column":18},"end":{"line":65,"column":68}},"28":{"start":{"line":66,"column":4},"end":{"line":68,"column":5}},"29":{"start":{"line":67,"column":6},"end":{"line":67,"column":18}},"30":{"start":{"line":70,"column":4},"end":{"line":77,"column":6}},"31":{"start":{"line":79,"column":4},"end":{"line":79,"column":57}},"32":{"start":{"line":80,"column":4},"end":{"line":80,"column":54}},"33":{"start":{"line":85,"column":17},"end":{"line":85,"column":21}},"34":{"start":{"line":86,"column":2},"end":{"line":88,"column":3}},"35":{"start":{"line":87,"column":4},"end":{"line":87,"column":28}},"36":{"start":{"line":90,"column":15},"end":{"line":97,"column":3}},"37":{"start":{"line":98,"column":2},"end":{"line":114,"column":3}},"38":{"start":{"line":99,"column":4},"end":{"line":101,"column":5}},"39":{"start":{"line":100,"column":6},"end":{"line":100,"column":50}},"40":{"start":{"line":103,"column":4},"end":{"line":105,"column":5}},"41":{"start":{"line":104,"column":6},"end":{"line":104,"column":51}},"42":{"start":{"line":107,"column":4},"end":{"line":107,"column":26}},"43":{"start":{"line":108,"column":4},"end":{"line":108,"column":22}},"44":{"start":{"line":110,"column":4},"end":{"line":110,"column":17}},"45":{"start":{"line":112,"column":4},"end":{"line":112,"column":48}},"46":{"start":{"line":113,"column":4},"end":{"line":113,"column":42}},"47":{"start":{"line":118,"column":2},"end":{"line":131,"column":3}},"48":{"start":{"line":119,"column":17},"end":{"line":119,"column":61}},"49":{"start":{"line":120,"column":4},"end":{"line":122,"column":5}},"50":{"start":{"line":121,"column":6},"end":{"line":121,"column":43}},"51":{"start":{"line":124,"column":4},"end":{"line":127,"column":6}},"52":{"start":{"line":129,"column":4},"end":{"line":129,"column":49}},"53":{"start":{"line":130,"column":4},"end":{"line":130,"column":45}},"54":{"start":{"line":135,"column":2},"end":{"line":141,"column":3}},"55":{"start":{"line":136,"column":4},"end":{"line":136,"column":45}},"56":{"start":{"line":137,"column":4},"end":{"line":137,"column":16}},"57":{"start":{"line":139,"column":4},"end":{"line":139,"column":50}},"58":{"start":{"line":140,"column":4},"end":{"line":140,"column":44}}},"fnMap":{"0":{"name":"getClient","decl":{"start":{"line":6,"column":22},"end":{"line":6,"column":31}},"loc":{"start":{"line":6,"column":56},"end":{"line":26,"column":1}},"line":6},"1":{"name":"validateScope","decl":{"start":{"line":28,"column":22},"end":{"line":28,"column":35}},"loc":{"start":{"line":28,"column":57},"end":{"line":42,"column":1}},"line":28},"2":{"name":"(anonymous_2)","decl":{"start":{"line":36,"column":25},"end":{"line":36,"column":26}},"loc":{"start":{"line":36,"column":32},"end":{"line":36,"column":57}},"line":36},"3":{"name":"getAccessToken","decl":{"start":{"line":44,"column":22},"end":{"line":44,"column":36}},"loc":{"start":{"line":44,"column":50},"end":{"line":61,"column":1}},"line":44},"4":{"name":"getRefreshToken","decl":{"start":{"line":63,"column":22},"end":{"line":63,"column":37}},"loc":{"start":{"line":63,"column":51},"end":{"line":82,"column":1}},"line":63},"5":{"name":"saveToken","decl":{"start":{"line":84,"column":22},"end":{"line":84,"column":31}},"loc":{"start":{"line":84,"column":53},"end":{"line":115,"column":1}},"line":84},"6":{"name":"getUser","decl":{"start":{"line":117,"column":22},"end":{"line":117,"column":29}},"loc":{"start":{"line":117,"column":40},"end":{"line":132,"column":1}},"line":117},"7":{"name":"revokeToken","decl":{"start":{"line":134,"column":22},"end":{"line":134,"column":33}},"loc":{"start":{"line":134,"column":41},"end":{"line":142,"column":1}},"line":134}},"branchMap":{"0":{"loc":{"start":{"line":10,"column":4},"end":{"line":12,"column":5}},"type":"if","locations":[{"start":{"line":10,"column":4},"end":{"line":12,"column":5}},{"start":{},"end":{}}],"line":10},"1":{"loc":{"start":{"line":10,"column":8},"end":{"line":10,"column":63}},"type":"binary-expr","locations":[{"start":{"line":10,"column":8},"end":{"line":10,"column":19}},{"start":{"line":10,"column":23},"end":{"line":10,"column":63}}],"line":10},"2":{"loc":{"start":{"line":29,"column":2},"end":{"line":31,"column":3}},"type":"if","locations":[{"start":{"line":29,"column":2},"end":{"line":31,"column":3}},{"start":{},"end":{}}],"line":29},"3":{"loc":{"start":{"line":29,"column":6},"end":{"line":29,"column":22}},"type":"binary-expr","locations":[{"start":{"line":29,"column":6},"end":{"line":29,"column":11}},{"start":{"line":29,"column":15},"end":{"line":29,"column":22}}],"line":29},"4":{"loc":{"start":{"line":33,"column":4},"end":{"line":37,"column":5}},"type":"if","locations":[{"start":{"line":33,"column":4},"end":{"line":37,"column":5}},{"start":{"line":35,"column":11},"end":{"line":37,"column":5}}],"line":33},"5":{"loc":{"start":{"line":47,"column":4},"end":{"line":49,"column":5}},"type":"if","locations":[{"start":{"line":47,"column":4},"end":{"line":49,"column":5}},{"start":{},"end":{}}],"line":47},"6":{"loc":{"start":{"line":66,"column":4},"end":{"line":68,"column":5}},"type":"if","locations":[{"start":{"line":66,"column":4},"end":{"line":68,"column":5}},{"start":{},"end":{}}],"line":66},"7":{"loc":{"start":{"line":86,"column":2},"end":{"line":88,"column":3}},"type":"if","locations":[{"start":{"line":86,"column":2},"end":{"line":88,"column":3}},{"start":{},"end":{}}],"line":86},"8":{"loc":{"start":{"line":99,"column":4},"end":{"line":101,"column":5}},"type":"if","locations":[{"start":{"line":99,"column":4},"end":{"line":101,"column":5}},{"start":{},"end":{}}],"line":99},"9":{"loc":{"start":{"line":103,"column":4},"end":{"line":105,"column":5}},"type":"if","locations":[{"start":{"line":103,"column":4},"end":{"line":105,"column":5}},{"start":{},"end":{}}],"line":103},"10":{"loc":{"start":{"line":120,"column":4},"end":{"line":122,"column":5}},"type":"if","locations":[{"start":{"line":120,"column":4},"end":{"line":122,"column":5}},{"start":{},"end":{}}],"line":120}},"s":{"0":1,"1":0,"2":0,"3":0,"4":0,"5":0,"6":0,"7":0,"8":0,"9":0,"10":0,"11":0,"12":0,"13":0,"14":0,"15":0,"16":0,"17":0,"18":0,"19":0,"20":0,"21":0,"22":0,"23":0,"24":0,"25":0,"26":0,"27":0,"28":0,"29":0,"30":0,"31":0,"32":0,"33":0,"34":0,"35":0,"36":0,"37":0,"38":0,"39":0,"40":0,"41":0,"42":0,"43":0,"44":0,"45":0,"46":0,"47":0,"48":0,"49":0,"50":0,"51":0,"52":0,"53":0,"54":0,"55":0,"56":0,"57":0,"58":0},"f":{"0":0,"1":0,"2":0,"3":0,"4":0,"5":0,"6":0,"7":0},"b":{"0":[0,0],"1":[0,0],"2":[0,0],"3":[0,0],"4":[0,0],"5":[0,0],"6":[0,0],"7":[0,0],"8":[0,0],"9":[0,0],"10":[0,0]},"_coverageSchema":"1a1c01bbd47fc00a2c39e90264f33305004495a9","hash":"2fff20876051f37f7d2a46f033d432eaa44b2a31"}
}
