{"E:\\JavaScript\\FinanceAdvisor\\db\\postgress\\dbPool.js": {"path":"E:\\JavaScript\\FinanceAdvisor\\db\\postgress\\dbPool.js","statementMap":{"0":{"start":{"line":4,"column":0},"end":{"line":4,"column":16}},"1":{"start":{"line":6,"column":17},"end":{"line":6,"column":19}},"2":{"start":{"line":8,"column":13},"end":{"line":14,"column":2}}},"fnMap":{},"branchMap":{},"s":{"0":9,"1":9,"2":9},"f":{},"b":{},"_coverageSchema":"1a1c01bbd47fc00a2c39e90264f33305004495a9","hash":"bcd0e2b32bf648aba1d0a30c1ca060149911991f"}
,"E:\\JavaScript\\FinanceAdvisor\\src\\controllers\\loanTypeController.js": {"path":"E:\\JavaScript\\FinanceAdvisor\\src\\controllers\\loanTypeController.js","statementMap":{"0":{"start":{"line":5,"column":4},"end":{"line":5,"column":39}},"1":{"start":{"line":8,"column":19},"end":{"line":25,"column":3}},"2":{"start":{"line":9,"column":4},"end":{"line":24,"column":5}},"3":{"start":{"line":10,"column":21},"end":{"line":15,"column":7}},"4":{"start":{"line":16,"column":6},"end":{"line":18,"column":78}},"5":{"start":{"line":20,"column":6},"end":{"line":23,"column":9}},"6":{"start":{"line":26,"column":20},"end":{"line":36,"column":3}},"7":{"start":{"line":27,"column":4},"end":{"line":35,"column":5}},"8":{"start":{"line":28,"column":24},"end":{"line":28,"column":66}},"9":{"start":{"line":29,"column":6},"end":{"line":29,"column":38}},"10":{"start":{"line":31,"column":6},"end":{"line":34,"column":9}},"11":{"start":{"line":37,"column":24},"end":{"line":53,"column":3}},"12":{"start":{"line":38,"column":4},"end":{"line":52,"column":5}},"13":{"start":{"line":39,"column":23},"end":{"line":39,"column":43}},"14":{"start":{"line":41,"column":6},"end":{"line":43,"column":7}},"15":{"start":{"line":42,"column":8},"end":{"line":42,"column":70}},"16":{"start":{"line":45,"column":23},"end":{"line":45,"column":72}},"17":{"start":{"line":46,"column":6},"end":{"line":46,"column":37}},"18":{"start":{"line":48,"column":6},"end":{"line":51,"column":9}},"19":{"start":{"line":54,"column":23},"end":{"line":72,"column":3}},"20":{"start":{"line":55,"column":4},"end":{"line":71,"column":5}},"21":{"start":{"line":56,"column":6},"end":{"line":59,"column":8}},"22":{"start":{"line":61,"column":6},"end":{"line":65,"column":10}},"23":{"start":{"line":67,"column":6},"end":{"line":70,"column":9}},"24":{"start":{"line":73,"column":19},"end":{"line":83,"column":3}},"25":{"start":{"line":74,"column":4},"end":{"line":82,"column":5}},"26":{"start":{"line":75,"column":6},"end":{"line":75,"column":71}},"27":{"start":{"line":76,"column":6},"end":{"line":76,"column":28}},"28":{"start":{"line":78,"column":6},"end":{"line":81,"column":9}},"29":{"start":{"line":86,"column":34},"end":{"line":86,"column":71}}},"fnMap":{"0":{"name":"(anonymous_0)","decl":{"start":{"line":4,"column":2},"end":{"line":4,"column":3}},"loc":{"start":{"line":4,"column":29},"end":{"line":6,"column":3}},"line":4},"1":{"name":"(anonymous_1)","decl":{"start":{"line":8,"column":19},"end":{"line":8,"column":20}},"loc":{"start":{"line":8,"column":39},"end":{"line":25,"column":3}},"line":8},"2":{"name":"(anonymous_2)","decl":{"start":{"line":26,"column":20},"end":{"line":26,"column":21}},"loc":{"start":{"line":26,"column":40},"end":{"line":36,"column":3}},"line":26},"3":{"name":"(anonymous_3)","decl":{"start":{"line":37,"column":24},"end":{"line":37,"column":25}},"loc":{"start":{"line":37,"column":44},"end":{"line":53,"column":3}},"line":37},"4":{"name":"(anonymous_4)","decl":{"start":{"line":54,"column":23},"end":{"line":54,"column":24}},"loc":{"start":{"line":54,"column":43},"end":{"line":72,"column":3}},"line":54},"5":{"name":"(anonymous_5)","decl":{"start":{"line":73,"column":19},"end":{"line":73,"column":20}},"loc":{"start":{"line":73,"column":39},"end":{"line":83,"column":3}},"line":73}},"branchMap":{"0":{"loc":{"start":{"line":41,"column":6},"end":{"line":43,"column":7}},"type":"if","locations":[{"start":{"line":41,"column":6},"end":{"line":43,"column":7}},{"start":{},"end":{}}],"line":41}},"s":{"0":5,"1":5,"2":2,"3":2,"4":1,"5":1,"6":5,"7":0,"8":0,"9":0,"10":0,"11":5,"12":3,"13":3,"14":3,"15":1,"16":2,"17":1,"18":1,"19":5,"20":2,"21":2,"22":1,"23":1,"24":5,"25":0,"26":0,"27":0,"28":0,"29":1},"f":{"0":5,"1":2,"2":0,"3":3,"4":2,"5":0},"b":{"0":[1,2]},"_coverageSchema":"1a1c01bbd47fc00a2c39e90264f33305004495a9","hash":"2ad46efc074115e8dddb6b8fc8d17ecc916a7d35"}
,"E:\\JavaScript\\FinanceAdvisor\\src\\dto\\applicationDTO.js": {"path":"E:\\JavaScript\\FinanceAdvisor\\src\\dto\\applicationDTO.js","statementMap":{"0":{"start":{"line":8,"column":4},"end":{"line":8,"column":41}},"1":{"start":{"line":9,"column":4},"end":{"line":9,"column":51}},"2":{"start":{"line":10,"column":4},"end":{"line":10,"column":45}},"3":{"start":{"line":11,"column":4},"end":{"line":11,"column":35}}},"fnMap":{"0":{"name":"(anonymous_0)","decl":{"start":{"line":2,"column":2},"end":{"line":2,"column":3}},"loc":{"start":{"line":7,"column":4},"end":{"line":12,"column":3}},"line":7}},"branchMap":{"0":{"loc":{"start":{"line":3,"column":4},"end":{"line":3,"column":25}},"type":"default-arg","locations":[{"start":{"line":3,"column":21},"end":{"line":3,"column":25}}],"line":3}},"s":{"0":4,"1":4,"2":4,"3":4},"f":{"0":4},"b":{"0":[0]},"_coverageSchema":"1a1c01bbd47fc00a2c39e90264f33305004495a9","hash":"e1910746eab2a80ec20ac9c83e1484228dc0fba4"}
,"E:\\JavaScript\\FinanceAdvisor\\src\\dto\\clientDTO.js": {"path":"E:\\JavaScript\\FinanceAdvisor\\src\\dto\\clientDTO.js","statementMap":{"0":{"start":{"line":3,"column":4},"end":{"line":3,"column":31}},"1":{"start":{"line":4,"column":4},"end":{"line":4,"column":27}},"2":{"start":{"line":5,"column":4},"end":{"line":5,"column":25}},"3":{"start":{"line":6,"column":4},"end":{"line":6,"column":37}}},"fnMap":{"0":{"name":"(anonymous_0)","decl":{"start":{"line":2,"column":2},"end":{"line":2,"column":3}},"loc":{"start":{"line":2,"column":64},"end":{"line":7,"column":3}},"line":2}},"branchMap":{"0":{"loc":{"start":{"line":2,"column":42},"end":{"line":2,"column":62}},"type":"default-arg","locations":[{"start":{"line":2,"column":57},"end":{"line":2,"column":62}}],"line":2}},"s":{"0":1,"1":1,"2":1,"3":1},"f":{"0":1},"b":{"0":[0]},"_coverageSchema":"1a1c01bbd47fc00a2c39e90264f33305004495a9","hash":"719671fe8df8db54875c065ccbd82aeda59f1871"}
,"E:\\JavaScript\\FinanceAdvisor\\src\\dto\\docDTO.js": {"path":"E:\\JavaScript\\FinanceAdvisor\\src\\dto\\docDTO.js","statementMap":{"0":{"start":{"line":3,"column":18},"end":{"line":8,"column":2}},"1":{"start":{"line":17,"column":4},"end":{"line":17,"column":35}},"2":{"start":{"line":18,"column":4},"end":{"line":18,"column":41}},"3":{"start":{"line":19,"column":4},"end":{"line":19,"column":39}},"4":{"start":{"line":20,"column":4},"end":{"line":20,"column":57}},"5":{"start":{"line":24,"column":4},"end":{"line":28,"column":5}},"6":{"start":{"line":25,"column":6},"end":{"line":25,"column":34}},"7":{"start":{"line":27,"column":6},"end":{"line":27,"column":47}}},"fnMap":{"0":{"name":"(anonymous_0)","decl":{"start":{"line":11,"column":2},"end":{"line":11,"column":3}},"loc":{"start":{"line":16,"column":4},"end":{"line":21,"column":3}},"line":16},"1":{"name":"(anonymous_1)","decl":{"start":{"line":23,"column":2},"end":{"line":23,"column":3}},"loc":{"start":{"line":23,"column":19},"end":{"line":29,"column":3}},"line":23}},"branchMap":{"0":{"loc":{"start":{"line":12,"column":4},"end":{"line":12,"column":22}},"type":"default-arg","locations":[{"start":{"line":12,"column":18},"end":{"line":12,"column":22}}],"line":12}},"s":{"0":1,"1":8,"2":8,"3":8,"4":8,"5":8,"6":8,"7":1},"f":{"0":8,"1":8},"b":{"0":[0]},"_coverageSchema":"1a1c01bbd47fc00a2c39e90264f33305004495a9","hash":"e8ac9dd7b2bc970449e4a1f7b7e5c0ca1932e4de"}
,"E:\\JavaScript\\FinanceAdvisor\\src\\dto\\loanTypesDTO.js": {"path":"E:\\JavaScript\\FinanceAdvisor\\src\\dto\\loanTypesDTO.js","statementMap":{"0":{"start":{"line":3,"column":19},"end":{"line":8,"column":2}},"1":{"start":{"line":10,"column":18},"end":{"line":15,"column":2}},"2":{"start":{"line":25,"column":4},"end":{"line":25,"column":37}},"3":{"start":{"line":26,"column":4},"end":{"line":26,"column":54}},"4":{"start":{"line":27,"column":4},"end":{"line":27,"column":39}},"5":{"start":{"line":28,"column":4},"end":{"line":28,"column":50}},"6":{"start":{"line":29,"column":4},"end":{"line":29,"column":55}},"7":{"start":{"line":33,"column":23},"end":{"line":33,"column":44}},"8":{"start":{"line":34,"column":4},"end":{"line":38,"column":5}},"9":{"start":{"line":35,"column":6},"end":{"line":35,"column":41}},"10":{"start":{"line":37,"column":6},"end":{"line":37,"column":63}},"11":{"start":{"line":42,"column":4},"end":{"line":46,"column":5}},"12":{"start":{"line":43,"column":6},"end":{"line":43,"column":36}},"13":{"start":{"line":45,"column":6},"end":{"line":45,"column":43}},"14":{"start":{"line":50,"column":4},"end":{"line":54,"column":5}},"15":{"start":{"line":51,"column":6},"end":{"line":51,"column":34}},"16":{"start":{"line":53,"column":6},"end":{"line":53,"column":47}}},"fnMap":{"0":{"name":"(anonymous_0)","decl":{"start":{"line":18,"column":2},"end":{"line":18,"column":3}},"loc":{"start":{"line":24,"column":4},"end":{"line":30,"column":3}},"line":24},"1":{"name":"(anonymous_1)","decl":{"start":{"line":32,"column":2},"end":{"line":32,"column":3}},"loc":{"start":{"line":32,"column":26},"end":{"line":39,"column":3}},"line":32},"2":{"name":"(anonymous_2)","decl":{"start":{"line":41,"column":2},"end":{"line":41,"column":3}},"loc":{"start":{"line":41,"column":25},"end":{"line":47,"column":3}},"line":41},"3":{"name":"(anonymous_3)","decl":{"start":{"line":49,"column":2},"end":{"line":49,"column":3}},"loc":{"start":{"line":49,"column":19},"end":{"line":55,"column":3}},"line":49}},"branchMap":{"0":{"loc":{"start":{"line":19,"column":4},"end":{"line":19,"column":23}},"type":"default-arg","locations":[{"start":{"line":19,"column":19},"end":{"line":19,"column":23}}],"line":19}},"s":{"0":6,"1":6,"2":11,"3":11,"4":11,"5":11,"6":11,"7":11,"8":11,"9":11,"10":0,"11":11,"12":11,"13":0,"14":11,"15":11,"16":0},"f":{"0":11,"1":11,"2":11,"3":11},"b":{"0":[0]},"_coverageSchema":"1a1c01bbd47fc00a2c39e90264f33305004495a9","hash":"cd3112caa6107470b0e8939d1746bae2008873d2"}
,"E:\\JavaScript\\FinanceAdvisor\\src\\dto\\maxLoanDTO.js": {"path":"E:\\JavaScript\\FinanceAdvisor\\src\\dto\\maxLoanDTO.js","statementMap":{"0":{"start":{"line":8,"column":4},"end":{"line":8,"column":49}},"1":{"start":{"line":9,"column":4},"end":{"line":9,"column":31}},"2":{"start":{"line":10,"column":4},"end":{"line":10,"column":43}},"3":{"start":{"line":11,"column":4},"end":{"line":11,"column":55}}},"fnMap":{"0":{"name":"(anonymous_0)","decl":{"start":{"line":2,"column":2},"end":{"line":2,"column":3}},"loc":{"start":{"line":7,"column":4},"end":{"line":12,"column":3}},"line":7}},"branchMap":{"0":{"loc":{"start":{"line":3,"column":4},"end":{"line":3,"column":29}},"type":"default-arg","locations":[{"start":{"line":3,"column":25},"end":{"line":3,"column":29}}],"line":3}},"s":{"0":2,"1":2,"2":2,"3":2},"f":{"0":2},"b":{"0":[0]},"_coverageSchema":"1a1c01bbd47fc00a2c39e90264f33305004495a9","hash":"869783960322cc9d2490388715354c4014775dca"}
,"E:\\JavaScript\\FinanceAdvisor\\src\\dto\\notesDTO.js": {"path":"E:\\JavaScript\\FinanceAdvisor\\src\\dto\\notesDTO.js","statementMap":{"0":{"start":{"line":8,"column":4},"end":{"line":8,"column":55}},"1":{"start":{"line":9,"column":4},"end":{"line":9,"column":37}},"2":{"start":{"line":10,"column":4},"end":{"line":10,"column":41}},"3":{"start":{"line":11,"column":4},"end":{"line":11,"column":45}}},"fnMap":{"0":{"name":"(anonymous_0)","decl":{"start":{"line":2,"column":2},"end":{"line":2,"column":3}},"loc":{"start":{"line":7,"column":4},"end":{"line":12,"column":3}},"line":7}},"branchMap":{"0":{"loc":{"start":{"line":3,"column":4},"end":{"line":3,"column":32}},"type":"default-arg","locations":[{"start":{"line":3,"column":28},"end":{"line":3,"column":32}}],"line":3}},"s":{"0":1,"1":1,"2":1,"3":1},"f":{"0":1},"b":{"0":[0]},"_coverageSchema":"1a1c01bbd47fc00a2c39e90264f33305004495a9","hash":"2816bbd7e33356d8f938c55349c4d9b72fb0cf8b"}
,"E:\\JavaScript\\FinanceAdvisor\\src\\dto\\repaymentScheduleDTO.js": {"path":"E:\\JavaScript\\FinanceAdvisor\\src\\dto\\repaymentScheduleDTO.js","statementMap":{"0":{"start":{"line":8,"column":4},"end":{"line":8,"column":55}},"1":{"start":{"line":9,"column":4},"end":{"line":9,"column":41}},"2":{"start":{"line":10,"column":4},"end":{"line":10,"column":43}},"3":{"start":{"line":11,"column":4},"end":{"line":11,"column":47}}},"fnMap":{"0":{"name":"(anonymous_0)","decl":{"start":{"line":2,"column":2},"end":{"line":2,"column":3}},"loc":{"start":{"line":7,"column":4},"end":{"line":12,"column":3}},"line":7}},"branchMap":{"0":{"loc":{"start":{"line":3,"column":4},"end":{"line":3,"column":32}},"type":"default-arg","locations":[{"start":{"line":3,"column":28},"end":{"line":3,"column":32}}],"line":3}},"s":{"0":1,"1":1,"2":1,"3":1},"f":{"0":1},"b":{"0":[0]},"_coverageSchema":"1a1c01bbd47fc00a2c39e90264f33305004495a9","hash":"bd793b015edd579345d5d861fd99ead56cf70f03"}
,"E:\\JavaScript\\FinanceAdvisor\\src\\dto\\userDTO.js": {"path":"E:\\JavaScript\\FinanceAdvisor\\src\\dto\\userDTO.js","statementMap":{"0":{"start":{"line":3,"column":19},"end":{"line":3,"column":56}},"1":{"start":{"line":15,"column":4},"end":{"line":15,"column":27}},"2":{"start":{"line":16,"column":4},"end":{"line":16,"column":29}},"3":{"start":{"line":17,"column":4},"end":{"line":17,"column":33}},"4":{"start":{"line":18,"column":4},"end":{"line":18,"column":31}},"5":{"start":{"line":19,"column":4},"end":{"line":19,"column":46}},"6":{"start":{"line":20,"column":4},"end":{"line":20,"column":60}},"7":{"start":{"line":21,"column":4},"end":{"line":21,"column":43}},"8":{"start":{"line":25,"column":24},"end":{"line":25,"column":42}},"9":{"start":{"line":26,"column":4},"end":{"line":31,"column":5}},"10":{"start":{"line":27,"column":6},"end":{"line":27,"column":38}},"11":{"start":{"line":29,"column":6},"end":{"line":29,"column":23}},"12":{"start":{"line":30,"column":6},"end":{"line":30,"column":46}},"13":{"start":{"line":35,"column":24},"end":{"line":35,"column":45}},"14":{"start":{"line":36,"column":4},"end":{"line":40,"column":5}},"15":{"start":{"line":37,"column":6},"end":{"line":37,"column":45}},"16":{"start":{"line":39,"column":6},"end":{"line":39,"column":61}},"17":{"start":{"line":44,"column":4},"end":{"line":48,"column":5}},"18":{"start":{"line":45,"column":6},"end":{"line":45,"column":36}},"19":{"start":{"line":47,"column":6},"end":{"line":47,"column":38}}},"fnMap":{"0":{"name":"(anonymous_0)","decl":{"start":{"line":6,"column":2},"end":{"line":6,"column":3}},"loc":{"start":{"line":14,"column":4},"end":{"line":22,"column":3}},"line":14},"1":{"name":"(anonymous_1)","decl":{"start":{"line":24,"column":2},"end":{"line":24,"column":3}},"loc":{"start":{"line":24,"column":30},"end":{"line":32,"column":3}},"line":24},"2":{"name":"(anonymous_2)","decl":{"start":{"line":34,"column":2},"end":{"line":34,"column":3}},"loc":{"start":{"line":34,"column":37},"end":{"line":41,"column":3}},"line":34},"3":{"name":"(anonymous_3)","decl":{"start":{"line":43,"column":2},"end":{"line":43,"column":3}},"loc":{"start":{"line":43,"column":28},"end":{"line":49,"column":3}},"line":43}},"branchMap":{"0":{"loc":{"start":{"line":7,"column":4},"end":{"line":7,"column":18}},"type":"default-arg","locations":[{"start":{"line":7,"column":14},"end":{"line":7,"column":18}}],"line":7}},"s":{"0":4,"1":7,"2":7,"3":7,"4":7,"5":7,"6":7,"7":7,"8":7,"9":7,"10":7,"11":0,"12":0,"13":7,"14":7,"15":7,"16":0,"17":7,"18":7,"19":0},"f":{"0":7,"1":7,"2":7,"3":7},"b":{"0":[0]},"_coverageSchema":"1a1c01bbd47fc00a2c39e90264f33305004495a9","hash":"aa69303235213882695f6b06ca063255e74ffae6"}
,"E:\\JavaScript\\FinanceAdvisor\\src\\middlewere\\checkRole.js": {"path":"E:\\JavaScript\\FinanceAdvisor\\src\\middlewere\\checkRole.js","statementMap":{"0":{"start":{"line":5,"column":4},"end":{"line":5,"column":23}},"1":{"start":{"line":6,"column":4},"end":{"line":6,"column":23}},"2":{"start":{"line":9,"column":4},"end":{"line":23,"column":5}},"3":{"start":{"line":10,"column":26},"end":{"line":10,"column":34}},"4":{"start":{"line":11,"column":6},"end":{"line":13,"column":7}},"5":{"start":{"line":12,"column":8},"end":{"line":12,"column":66}},"6":{"start":{"line":14,"column":23},"end":{"line":14,"column":66}},"7":{"start":{"line":16,"column":6},"end":{"line":20,"column":7}},"8":{"start":{"line":17,"column":8},"end":{"line":17,"column":15}},"9":{"start":{"line":19,"column":8},"end":{"line":19,"column":66}},"10":{"start":{"line":22,"column":6},"end":{"line":22,"column":74}},"11":{"start":{"line":26,"column":25},"end":{"line":26,"column":62}},"12":{"start":{"line":27,"column":26},"end":{"line":27,"column":64}}},"fnMap":{"0":{"name":"(anonymous_0)","decl":{"start":{"line":4,"column":2},"end":{"line":4,"column":3}},"loc":{"start":{"line":4,"column":28},"end":{"line":7,"column":3}},"line":4},"1":{"name":"(anonymous_1)","decl":{"start":{"line":8,"column":2},"end":{"line":8,"column":3}},"loc":{"start":{"line":8,"column":41},"end":{"line":24,"column":3}},"line":8}},"branchMap":{"0":{"loc":{"start":{"line":11,"column":6},"end":{"line":13,"column":7}},"type":"if","locations":[{"start":{"line":11,"column":6},"end":{"line":13,"column":7}},{"start":{},"end":{}}],"line":11},"1":{"loc":{"start":{"line":16,"column":6},"end":{"line":20,"column":7}},"type":"if","locations":[{"start":{"line":16,"column":6},"end":{"line":20,"column":7}},{"start":{"line":18,"column":13},"end":{"line":20,"column":7}}],"line":16}},"s":{"0":4,"1":4,"2":5,"3":5,"4":5,"5":1,"6":4,"7":3,"8":2,"9":1,"10":2,"11":1,"12":1},"f":{"0":4,"1":5},"b":{"0":[1,4],"1":[2,1]},"_coverageSchema":"1a1c01bbd47fc00a2c39e90264f33305004495a9","hash":"e1831ee5f996a6a665f0a3b3c0218628e69981ab"}
,"E:\\JavaScript\\FinanceAdvisor\\src\\models\\documentModel.js": {"path":"E:\\JavaScript\\FinanceAdvisor\\src\\models\\documentModel.js","statementMap":{"0":{"start":{"line":7,"column":4},"end":{"line":7,"column":39}},"1":{"start":{"line":11,"column":4},"end":{"line":24,"column":5}},"2":{"start":{"line":12,"column":21},"end":{"line":17,"column":7}},"3":{"start":{"line":19,"column":20},"end":{"line":19,"column":67}},"4":{"start":{"line":21,"column":6},"end":{"line":21,"column":19}},"5":{"start":{"line":23,"column":6},"end":{"line":23,"column":60}},"6":{"start":{"line":27,"column":4},"end":{"line":51,"column":5}},"7":{"start":{"line":28,"column":19},"end":{"line":30,"column":7}},"8":{"start":{"line":32,"column":6},"end":{"line":32,"column":57}},"9":{"start":{"line":34,"column":22},"end":{"line":46,"column":8}},"10":{"start":{"line":35,"column":20},"end":{"line":40,"column":9}},"11":{"start":{"line":41,"column":8},"end":{"line":45,"column":10}},"12":{"start":{"line":48,"column":6},"end":{"line":48,"column":21}},"13":{"start":{"line":50,"column":6},"end":{"line":50,"column":75}},"14":{"start":{"line":54,"column":4},"end":{"line":66,"column":5}},"15":{"start":{"line":55,"column":18},"end":{"line":55,"column":72}},"16":{"start":{"line":57,"column":6},"end":{"line":60,"column":8}},"17":{"start":{"line":62,"column":6},"end":{"line":62,"column":75}},"18":{"start":{"line":63,"column":6},"end":{"line":63,"column":13}},"19":{"start":{"line":65,"column":6},"end":{"line":65,"column":74}},"20":{"start":{"line":69,"column":4},"end":{"line":81,"column":5}},"21":{"start":{"line":70,"column":18},"end":{"line":70,"column":72}},"22":{"start":{"line":72,"column":6},"end":{"line":75,"column":8}},"23":{"start":{"line":77,"column":6},"end":{"line":77,"column":58}},"24":{"start":{"line":78,"column":6},"end":{"line":78,"column":13}},"25":{"start":{"line":80,"column":6},"end":{"line":80,"column":74}},"26":{"start":{"line":84,"column":29},"end":{"line":84,"column":61}}},"fnMap":{"0":{"name":"(anonymous_0)","decl":{"start":{"line":6,"column":2},"end":{"line":6,"column":3}},"loc":{"start":{"line":6,"column":29},"end":{"line":8,"column":3}},"line":6},"1":{"name":"(anonymous_1)","decl":{"start":{"line":10,"column":2},"end":{"line":10,"column":3}},"loc":{"start":{"line":10,"column":66},"end":{"line":25,"column":3}},"line":10},"2":{"name":"(anonymous_2)","decl":{"start":{"line":26,"column":2},"end":{"line":26,"column":3}},"loc":{"start":{"line":26,"column":55},"end":{"line":52,"column":3}},"line":26},"3":{"name":"(anonymous_3)","decl":{"start":{"line":34,"column":31},"end":{"line":34,"column":32}},"loc":{"start":{"line":34,"column":40},"end":{"line":46,"column":7}},"line":34},"4":{"name":"(anonymous_4)","decl":{"start":{"line":53,"column":2},"end":{"line":53,"column":3}},"loc":{"start":{"line":53,"column":52},"end":{"line":67,"column":3}},"line":53},"5":{"name":"(anonymous_5)","decl":{"start":{"line":68,"column":2},"end":{"line":68,"column":3}},"loc":{"start":{"line":68,"column":35},"end":{"line":82,"column":3}},"line":68}},"branchMap":{},"s":{"0":2,"1":6,"2":6,"3":5,"4":5,"5":1,"6":2,"7":2,"8":2,"9":1,"10":1,"11":1,"12":1,"13":1,"14":2,"15":2,"16":2,"17":1,"18":1,"19":1,"20":2,"21":2,"22":2,"23":1,"24":1,"25":1,"26":1},"f":{"0":2,"1":6,"2":2,"3":1,"4":2,"5":2},"b":{},"_coverageSchema":"1a1c01bbd47fc00a2c39e90264f33305004495a9","hash":"b4a489e9c74fe225739b981539a529dd62fa7885"}
,"E:\\JavaScript\\FinanceAdvisor\\src\\models\\loanApplicationModel.js": {"path":"E:\\JavaScript\\FinanceAdvisor\\src\\models\\loanApplicationModel.js","statementMap":{"0":{"start":{"line":9,"column":42},"end":{"line":16,"column":1}},"1":{"start":{"line":10,"column":2},"end":{"line":14,"column":3}},"2":{"start":{"line":11,"column":4},"end":{"line":13,"column":6}},"3":{"start":{"line":15,"column":2},"end":{"line":15,"column":14}},"4":{"start":{"line":26,"column":4},"end":{"line":30,"column":43}},"5":{"start":{"line":34,"column":4},"end":{"line":80,"column":5}},"6":{"start":{"line":35,"column":29},"end":{"line":40,"column":7}},"7":{"start":{"line":43,"column":8},"end":{"line":43,"column":70}},"8":{"start":{"line":44,"column":30},"end":{"line":44,"column":66}},"9":{"start":{"line":47,"column":8},"end":{"line":49,"column":9}},"10":{"start":{"line":51,"column":6},"end":{"line":54,"column":8}},"11":{"start":{"line":56,"column":28},"end":{"line":56,"column":61}},"12":{"start":{"line":58,"column":6},"end":{"line":61,"column":8}},"13":{"start":{"line":63,"column":25},"end":{"line":63,"column":55}},"14":{"start":{"line":64,"column":30},"end":{"line":64,"column":79}},"15":{"start":{"line":66,"column":6},"end":{"line":69,"column":8}},"16":{"start":{"line":71,"column":26},"end":{"line":71,"column":54}},"17":{"start":{"line":73,"column":20},"end":{"line":76,"column":7}},"18":{"start":{"line":77,"column":6},"end":{"line":77,"column":36}},"19":{"start":{"line":79,"column":6},"end":{"line":79,"column":68}},"20":{"start":{"line":84,"column":4},"end":{"line":132,"column":5}},"21":{"start":{"line":85,"column":26},"end":{"line":87,"column":7}},"22":{"start":{"line":89,"column":6},"end":{"line":92,"column":8}},"23":{"start":{"line":95,"column":8},"end":{"line":97,"column":9}},"24":{"start":{"line":98,"column":25},"end":{"line":98,"column":55}},"25":{"start":{"line":99,"column":30},"end":{"line":99,"column":79}},"26":{"start":{"line":100,"column":6},"end":{"line":103,"column":8}},"27":{"start":{"line":104,"column":26},"end":{"line":104,"column":54}},"28":{"start":{"line":107,"column":8},"end":{"line":107,"column":79}},"29":{"start":{"line":109,"column":6},"end":{"line":112,"column":8}},"30":{"start":{"line":114,"column":28},"end":{"line":114,"column":72}},"31":{"start":{"line":114,"column":54},"end":{"line":114,"column":71}},"32":{"start":{"line":116,"column":6},"end":{"line":120,"column":7}},"33":{"start":{"line":117,"column":8},"end":{"line":119,"column":10}},"34":{"start":{"line":123,"column":8},"end":{"line":123,"column":72}},"35":{"start":{"line":125,"column":6},"end":{"line":129,"column":7}},"36":{"start":{"line":126,"column":8},"end":{"line":126,"column":15}},"37":{"start":{"line":128,"column":8},"end":{"line":128,"column":49}},"38":{"start":{"line":131,"column":6},"end":{"line":131,"column":69}},"39":{"start":{"line":136,"column":4},"end":{"line":150,"column":5}},"40":{"start":{"line":137,"column":26},"end":{"line":139,"column":7}},"41":{"start":{"line":141,"column":6},"end":{"line":144,"column":8}},"42":{"start":{"line":146,"column":6},"end":{"line":146,"column":75}},"43":{"start":{"line":147,"column":6},"end":{"line":147,"column":13}},"44":{"start":{"line":149,"column":6},"end":{"line":149,"column":67}},"45":{"start":{"line":153,"column":4},"end":{"line":168,"column":5}},"46":{"start":{"line":154,"column":27},"end":{"line":154,"column":79}},"47":{"start":{"line":155,"column":30},"end":{"line":164,"column":8}},"48":{"start":{"line":156,"column":20},"end":{"line":161,"column":9}},"49":{"start":{"line":163,"column":8},"end":{"line":163,"column":19}},"50":{"start":{"line":165,"column":6},"end":{"line":165,"column":29}},"51":{"start":{"line":167,"column":6},"end":{"line":167,"column":69}},"52":{"start":{"line":172,"column":36},"end":{"line":178,"column":1}}},"fnMap":{"0":{"name":"(anonymous_0)","decl":{"start":{"line":9,"column":42},"end":{"line":9,"column":43}},"loc":{"start":{"line":9,"column":76},"end":{"line":16,"column":1}},"line":9},"1":{"name":"(anonymous_1)","decl":{"start":{"line":19,"column":2},"end":{"line":19,"column":3}},"loc":{"start":{"line":25,"column":4},"end":{"line":31,"column":3}},"line":25},"2":{"name":"(anonymous_2)","decl":{"start":{"line":33,"column":2},"end":{"line":33,"column":3}},"loc":{"start":{"line":33,"column":65},"end":{"line":81,"column":3}},"line":33},"3":{"name":"(anonymous_3)","decl":{"start":{"line":83,"column":2},"end":{"line":83,"column":3}},"loc":{"start":{"line":83,"column":41},"end":{"line":133,"column":3}},"line":83},"4":{"name":"(anonymous_4)","decl":{"start":{"line":114,"column":45},"end":{"line":114,"column":46}},"loc":{"start":{"line":114,"column":54},"end":{"line":114,"column":71}},"line":114},"5":{"name":"(anonymous_5)","decl":{"start":{"line":135,"column":2},"end":{"line":135,"column":3}},"loc":{"start":{"line":135,"column":45},"end":{"line":151,"column":3}},"line":135},"6":{"name":"(anonymous_6)","decl":{"start":{"line":152,"column":2},"end":{"line":152,"column":3}},"loc":{"start":{"line":152,"column":29},"end":{"line":169,"column":3}},"line":152},"7":{"name":"(anonymous_7)","decl":{"start":{"line":155,"column":47},"end":{"line":155,"column":48}},"loc":{"start":{"line":155,"column":64},"end":{"line":164,"column":7}},"line":155}},"branchMap":{"0":{"loc":{"start":{"line":10,"column":2},"end":{"line":14,"column":3}},"type":"if","locations":[{"start":{"line":10,"column":2},"end":{"line":14,"column":3}},{"start":{},"end":{}}],"line":10},"1":{"loc":{"start":{"line":116,"column":6},"end":{"line":120,"column":7}},"type":"if","locations":[{"start":{"line":116,"column":6},"end":{"line":120,"column":7}},{"start":{},"end":{}}],"line":116},"2":{"loc":{"start":{"line":125,"column":6},"end":{"line":129,"column":7}},"type":"if","locations":[{"start":{"line":125,"column":6},"end":{"line":129,"column":7}},{"start":{"line":127,"column":13},"end":{"line":129,"column":7}}],"line":125}},"s":{"0":1,"1":3,"2":1,"3":2,"4":2,"5":1,"6":1,"7":1,"8":1,"9":1,"10":1,"11":1,"12":1,"13":1,"14":1,"15":1,"16":1,"17":1,"18":1,"19":0,"20":0,"21":0,"22":0,"23":0,"24":0,"25":0,"26":0,"27":0,"28":0,"29":0,"30":0,"31":0,"32":0,"33":0,"34":0,"35":0,"36":0,"37":0,"38":0,"39":2,"40":2,"41":2,"42":1,"43":1,"44":1,"45":1,"46":1,"47":1,"48":2,"49":2,"50":1,"51":0,"52":1},"f":{"0":3,"1":2,"2":1,"3":0,"4":0,"5":2,"6":1,"7":2},"b":{"0":[1,2],"1":[0,0],"2":[0,0]},"_coverageSchema":"1a1c01bbd47fc00a2c39e90264f33305004495a9","hash":"6ebbe1a3c5bec6dfab67afafb5d9e62115af8fae"}
,"E:\\JavaScript\\FinanceAdvisor\\src\\models\\loanTypeModel.js": {"path":"E:\\JavaScript\\FinanceAdvisor\\src\\models\\loanTypeModel.js","statementMap":{"0":{"start":{"line":6,"column":28},"end":{"line":19,"column":1}},"1":{"start":{"line":7,"column":20},"end":{"line":12,"column":4}},"2":{"start":{"line":13,"column":2},"end":{"line":18,"column":3}},"3":{"start":{"line":14,"column":4},"end":{"line":14,"column":25}},"4":{"start":{"line":15,"column":4},"end":{"line":15,"column":16}},"5":{"start":{"line":17,"column":4},"end":{"line":17,"column":17}},"6":{"start":{"line":23,"column":4},"end":{"line":23,"column":39}},"7":{"start":{"line":26,"column":4},"end":{"line":47,"column":5}},"8":{"start":{"line":27,"column":26},"end":{"line":33,"column":7}},"9":{"start":{"line":35,"column":31},"end":{"line":37,"column":7}},"10":{"start":{"line":38,"column":6},"end":{"line":40,"column":7}},"11":{"start":{"line":39,"column":8},"end":{"line":39,"column":77}},"12":{"start":{"line":42,"column":25},"end":{"line":42,"column":77}},"13":{"start":{"line":44,"column":6},"end":{"line":44,"column":24}},"14":{"start":{"line":46,"column":6},"end":{"line":46,"column":60}},"15":{"start":{"line":51,"column":4},"end":{"line":74,"column":5}},"16":{"start":{"line":52,"column":20},"end":{"line":52,"column":62}},"17":{"start":{"line":54,"column":23},"end":{"line":69,"column":8}},"18":{"start":{"line":55,"column":20},"end":{"line":61,"column":9}},"19":{"start":{"line":62,"column":8},"end":{"line":68,"column":10}},"20":{"start":{"line":71,"column":6},"end":{"line":71,"column":22}},"21":{"start":{"line":73,"column":6},"end":{"line":73,"column":62}},"22":{"start":{"line":78,"column":4},"end":{"line":102,"column":5}},"23":{"start":{"line":79,"column":19},"end":{"line":79,"column":69}},"24":{"start":{"line":80,"column":6},"end":{"line":82,"column":7}},"25":{"start":{"line":81,"column":8},"end":{"line":81,"column":45}},"26":{"start":{"line":84,"column":22},"end":{"line":90,"column":7}},"27":{"start":{"line":92,"column":19},"end":{"line":98,"column":7}},"28":{"start":{"line":99,"column":6},"end":{"line":99,"column":20}},"29":{"start":{"line":101,"column":6},"end":{"line":101,"column":57}},"30":{"start":{"line":106,"column":4},"end":{"line":130,"column":5}},"31":{"start":{"line":107,"column":19},"end":{"line":107,"column":65}},"32":{"start":{"line":108,"column":6},"end":{"line":110,"column":7}},"33":{"start":{"line":109,"column":8},"end":{"line":109,"column":43}},"34":{"start":{"line":112,"column":22},"end":{"line":118,"column":7}},"35":{"start":{"line":120,"column":19},"end":{"line":126,"column":7}},"36":{"start":{"line":127,"column":6},"end":{"line":127,"column":20}},"37":{"start":{"line":129,"column":6},"end":{"line":129,"column":68}},"38":{"start":{"line":134,"column":4},"end":{"line":146,"column":5}},"39":{"start":{"line":135,"column":19},"end":{"line":135,"column":68}},"40":{"start":{"line":136,"column":6},"end":{"line":138,"column":7}},"41":{"start":{"line":137,"column":8},"end":{"line":137,"column":43}},"42":{"start":{"line":139,"column":6},"end":{"line":141,"column":7}},"43":{"start":{"line":140,"column":8},"end":{"line":140,"column":79}},"44":{"start":{"line":143,"column":6},"end":{"line":143,"column":68}},"45":{"start":{"line":145,"column":6},"end":{"line":145,"column":61}},"46":{"start":{"line":149,"column":4},"end":{"line":159,"column":5}},"47":{"start":{"line":150,"column":23},"end":{"line":150,"column":72}},"48":{"start":{"line":151,"column":6},"end":{"line":151,"column":78}},"49":{"start":{"line":153,"column":6},"end":{"line":153,"column":58}},"50":{"start":{"line":154,"column":6},"end":{"line":154,"column":13}},"51":{"start":{"line":156,"column":6},"end":{"line":158,"column":8}},"52":{"start":{"line":162,"column":29},"end":{"line":162,"column":61}}},"fnMap":{"0":{"name":"(anonymous_0)","decl":{"start":{"line":6,"column":28},"end":{"line":6,"column":29}},"loc":{"start":{"line":6,"column":37},"end":{"line":19,"column":1}},"line":6},"1":{"name":"(anonymous_1)","decl":{"start":{"line":22,"column":2},"end":{"line":22,"column":3}},"loc":{"start":{"line":22,"column":29},"end":{"line":24,"column":3}},"line":22},"2":{"name":"(anonymous_2)","decl":{"start":{"line":25,"column":2},"end":{"line":25,"column":3}},"loc":{"start":{"line":25,"column":70},"end":{"line":48,"column":3}},"line":25},"3":{"name":"(anonymous_3)","decl":{"start":{"line":50,"column":2},"end":{"line":50,"column":3}},"loc":{"start":{"line":50,"column":26},"end":{"line":75,"column":3}},"line":50},"4":{"name":"(anonymous_4)","decl":{"start":{"line":54,"column":33},"end":{"line":54,"column":34}},"loc":{"start":{"line":54,"column":43},"end":{"line":69,"column":7}},"line":54},"5":{"name":"(anonymous_5)","decl":{"start":{"line":77,"column":2},"end":{"line":77,"column":3}},"loc":{"start":{"line":77,"column":34},"end":{"line":103,"column":3}},"line":77},"6":{"name":"(anonymous_6)","decl":{"start":{"line":105,"column":2},"end":{"line":105,"column":3}},"loc":{"start":{"line":105,"column":30},"end":{"line":131,"column":3}},"line":105},"7":{"name":"(anonymous_7)","decl":{"start":{"line":133,"column":2},"end":{"line":133,"column":3}},"loc":{"start":{"line":133,"column":45},"end":{"line":147,"column":3}},"line":133},"8":{"name":"(anonymous_8)","decl":{"start":{"line":148,"column":2},"end":{"line":148,"column":3}},"loc":{"start":{"line":148,"column":35},"end":{"line":160,"column":3}},"line":148}},"branchMap":{"0":{"loc":{"start":{"line":38,"column":6},"end":{"line":40,"column":7}},"type":"if","locations":[{"start":{"line":38,"column":6},"end":{"line":40,"column":7}},{"start":{},"end":{}}],"line":38},"1":{"loc":{"start":{"line":80,"column":6},"end":{"line":82,"column":7}},"type":"if","locations":[{"start":{"line":80,"column":6},"end":{"line":82,"column":7}},{"start":{},"end":{}}],"line":80},"2":{"loc":{"start":{"line":108,"column":6},"end":{"line":110,"column":7}},"type":"if","locations":[{"start":{"line":108,"column":6},"end":{"line":110,"column":7}},{"start":{},"end":{}}],"line":108},"3":{"loc":{"start":{"line":136,"column":6},"end":{"line":138,"column":7}},"type":"if","locations":[{"start":{"line":136,"column":6},"end":{"line":138,"column":7}},{"start":{},"end":{}}],"line":136},"4":{"loc":{"start":{"line":139,"column":6},"end":{"line":141,"column":7}},"type":"if","locations":[{"start":{"line":139,"column":6},"end":{"line":141,"column":7}},{"start":{},"end":{}}],"line":139}},"s":{"0":2,"1":7,"2":7,"3":7,"4":4,"5":3,"6":3,"7":1,"8":1,"9":1,"10":1,"11":1,"12":0,"13":0,"14":1,"15":1,"16":1,"17":1,"18":2,"19":2,"20":1,"21":0,"22":4,"23":4,"24":4,"25":0,"26":4,"27":4,"28":4,"29":0,"30":2,"31":2,"32":2,"33":0,"34":2,"35":2,"36":2,"37":0,"38":1,"39":1,"40":1,"41":0,"42":1,"43":0,"44":1,"45":0,"46":2,"47":2,"48":2,"49":2,"50":2,"51":0,"52":2},"f":{"0":7,"1":3,"2":1,"3":1,"4":2,"5":4,"6":2,"7":1,"8":2},"b":{"0":[1,0],"1":[0,4],"2":[0,2],"3":[0,1],"4":[0,1]},"_coverageSchema":"1a1c01bbd47fc00a2c39e90264f33305004495a9","hash":"ad3fcde5e0336a3166e97c66a75b7dc284a8bb85"}
,"E:\\JavaScript\\FinanceAdvisor\\src\\models\\maxLoanAmountModel.js": {"path":"E:\\JavaScript\\FinanceAdvisor\\src\\models\\maxLoanAmountModel.js","statementMap":{"0":{"start":{"line":9,"column":42},"end":{"line":12,"column":1}},"1":{"start":{"line":10,"column":18},"end":{"line":10,"column":30}},"2":{"start":{"line":11,"column":2},"end":{"line":11,"column":17}},"3":{"start":{"line":14,"column":37},"end":{"line":17,"column":1}},"4":{"start":{"line":15,"column":12},"end":{"line":15,"column":27}},"5":{"start":{"line":16,"column":2},"end":{"line":16,"column":11}},"6":{"start":{"line":19,"column":37},"end":{"line":22,"column":1}},"7":{"start":{"line":20,"column":27},"end":{"line":20,"column":48}},"8":{"start":{"line":21,"column":2},"end":{"line":21,"column":38}},"9":{"start":{"line":24,"column":38},"end":{"line":35,"column":1}},"10":{"start":{"line":25,"column":2},"end":{"line":29,"column":3}},"11":{"start":{"line":26,"column":4},"end":{"line":28,"column":6}},"12":{"start":{"line":31,"column":4},"end":{"line":33,"column":48}},"13":{"start":{"line":34,"column":2},"end":{"line":34,"column":29}},"14":{"start":{"line":37,"column":38},"end":{"line":50,"column":1}},"15":{"start":{"line":42,"column":22},"end":{"line":42,"column":45}},"16":{"start":{"line":44,"column":4},"end":{"line":45,"column":51}},"17":{"start":{"line":46,"column":25},"end":{"line":46,"column":61}},"18":{"start":{"line":47,"column":24},"end":{"line":47,"column":55}},"19":{"start":{"line":48,"column":24},"end":{"line":48,"column":55}},"20":{"start":{"line":49,"column":2},"end":{"line":49,"column":23}},"21":{"start":{"line":59,"column":4},"end":{"line":62,"column":69}},"22":{"start":{"line":65,"column":4},"end":{"line":120,"column":5}},"23":{"start":{"line":66,"column":30},"end":{"line":68,"column":7}},"24":{"start":{"line":71,"column":6},"end":{"line":71,"column":66}},"25":{"start":{"line":73,"column":19},"end":{"line":73,"column":48}},"26":{"start":{"line":74,"column":19},"end":{"line":74,"column":44}},"27":{"start":{"line":75,"column":28},"end":{"line":75,"column":74}},"28":{"start":{"line":77,"column":6},"end":{"line":77,"column":61}},"29":{"start":{"line":78,"column":27},"end":{"line":78,"column":53}},"30":{"start":{"line":79,"column":21},"end":{"line":79,"column":41}},"31":{"start":{"line":81,"column":32},"end":{"line":81,"column":66}},"32":{"start":{"line":83,"column":23},"end":{"line":83,"column":50}},"33":{"start":{"line":85,"column":28},"end":{"line":89,"column":7}},"34":{"start":{"line":91,"column":6},"end":{"line":93,"column":7}},"35":{"start":{"line":92,"column":8},"end":{"line":92,"column":47}},"36":{"start":{"line":95,"column":36},"end":{"line":99,"column":7}},"37":{"start":{"line":101,"column":25},"end":{"line":106,"column":7}},"38":{"start":{"line":108,"column":33},"end":{"line":110,"column":7}},"39":{"start":{"line":112,"column":6},"end":{"line":115,"column":8}},"40":{"start":{"line":117,"column":6},"end":{"line":117,"column":32}},"41":{"start":{"line":119,"column":6},"end":{"line":119,"column":64}},"42":{"start":{"line":123,"column":4},"end":{"line":155,"column":5}},"43":{"start":{"line":125,"column":8},"end":{"line":125,"column":79}},"44":{"start":{"line":127,"column":6},"end":{"line":127,"column":73}},"45":{"start":{"line":129,"column":25},"end":{"line":134,"column":7}},"46":{"start":{"line":136,"column":26},"end":{"line":142,"column":7}},"47":{"start":{"line":144,"column":19},"end":{"line":150,"column":7}},"48":{"start":{"line":152,"column":6},"end":{"line":152,"column":20}},"49":{"start":{"line":154,"column":6},"end":{"line":154,"column":69}},"50":{"start":{"line":158,"column":4},"end":{"line":176,"column":5}},"51":{"start":{"line":160,"column":8},"end":{"line":162,"column":9}},"52":{"start":{"line":163,"column":6},"end":{"line":166,"column":8}},"53":{"start":{"line":168,"column":6},"end":{"line":170,"column":8}},"54":{"start":{"line":171,"column":6},"end":{"line":171,"column":13}},"55":{"start":{"line":173,"column":6},"end":{"line":175,"column":8}},"56":{"start":{"line":180,"column":34},"end":{"line":185,"column":1}}},"fnMap":{"0":{"name":"(anonymous_0)","decl":{"start":{"line":9,"column":42},"end":{"line":9,"column":43}},"loc":{"start":{"line":9,"column":54},"end":{"line":12,"column":1}},"line":9},"1":{"name":"(anonymous_1)","decl":{"start":{"line":14,"column":37},"end":{"line":14,"column":38}},"loc":{"start":{"line":14,"column":47},"end":{"line":17,"column":1}},"line":14},"2":{"name":"(anonymous_2)","decl":{"start":{"line":19,"column":37},"end":{"line":19,"column":38}},"loc":{"start":{"line":19,"column":58},"end":{"line":22,"column":1}},"line":19},"3":{"name":"(anonymous_3)","decl":{"start":{"line":24,"column":38},"end":{"line":24,"column":39}},"loc":{"start":{"line":24,"column":77},"end":{"line":35,"column":1}},"line":24},"4":{"name":"(anonymous_4)","decl":{"start":{"line":37,"column":38},"end":{"line":37,"column":39}},"loc":{"start":{"line":41,"column":5},"end":{"line":50,"column":1}},"line":41},"5":{"name":"(anonymous_5)","decl":{"start":{"line":53,"column":2},"end":{"line":53,"column":3}},"loc":{"start":{"line":58,"column":4},"end":{"line":63,"column":3}},"line":58},"6":{"name":"(anonymous_6)","decl":{"start":{"line":64,"column":2},"end":{"line":64,"column":3}},"loc":{"start":{"line":64,"column":45},"end":{"line":121,"column":3}},"line":64},"7":{"name":"(anonymous_7)","decl":{"start":{"line":122,"column":2},"end":{"line":122,"column":3}},"loc":{"start":{"line":122,"column":42},"end":{"line":156,"column":3}},"line":122},"8":{"name":"(anonymous_8)","decl":{"start":{"line":157,"column":2},"end":{"line":157,"column":3}},"loc":{"start":{"line":157,"column":53},"end":{"line":177,"column":3}},"line":157}},"branchMap":{"0":{"loc":{"start":{"line":25,"column":2},"end":{"line":29,"column":3}},"type":"if","locations":[{"start":{"line":25,"column":2},"end":{"line":29,"column":3}},{"start":{},"end":{}}],"line":25},"1":{"loc":{"start":{"line":25,"column":6},"end":{"line":25,"column":61}},"type":"binary-expr","locations":[{"start":{"line":25,"column":6},"end":{"line":25,"column":29}},{"start":{"line":25,"column":33},"end":{"line":25,"column":47}},{"start":{"line":25,"column":51},"end":{"line":25,"column":61}}],"line":25},"2":{"loc":{"start":{"line":91,"column":6},"end":{"line":93,"column":7}},"type":"if","locations":[{"start":{"line":91,"column":6},"end":{"line":93,"column":7}},{"start":{},"end":{}}],"line":91}},"s":{"0":1,"1":2,"2":2,"3":1,"4":2,"5":2,"6":1,"7":1,"8":1,"9":1,"10":4,"11":3,"12":1,"13":1,"14":1,"15":0,"16":0,"17":0,"18":0,"19":0,"20":0,"21":2,"22":0,"23":0,"24":0,"25":0,"26":0,"27":0,"28":0,"29":0,"30":0,"31":0,"32":0,"33":0,"34":0,"35":0,"36":0,"37":0,"38":0,"39":0,"40":0,"41":0,"42":1,"43":1,"44":1,"45":1,"46":1,"47":1,"48":1,"49":0,"50":1,"51":1,"52":1,"53":1,"54":1,"55":0,"56":1},"f":{"0":2,"1":2,"2":1,"3":4,"4":0,"5":2,"6":0,"7":1,"8":1},"b":{"0":[3,1],"1":[4,3,2],"2":[0,0]},"_coverageSchema":"1a1c01bbd47fc00a2c39e90264f33305004495a9","hash":"ce244e8c228b10d1222960f7f19db788f3e50aac"}
,"E:\\JavaScript\\FinanceAdvisor\\src\\models\\notesModel.js": {"path":"E:\\JavaScript\\FinanceAdvisor\\src\\models\\notesModel.js","statementMap":{"0":{"start":{"line":11,"column":36},"end":{"line":16,"column":1}},"1":{"start":{"line":12,"column":20},"end":{"line":14,"column":3}},"2":{"start":{"line":15,"column":2},"end":{"line":15,"column":21}},"3":{"start":{"line":18,"column":32},"end":{"line":25,"column":1}},"4":{"start":{"line":19,"column":2},"end":{"line":24,"column":3}},"5":{"start":{"line":23,"column":4},"end":{"line":23,"column":53}},"6":{"start":{"line":36,"column":4},"end":{"line":37,"column":37}},"7":{"start":{"line":38,"column":4},"end":{"line":41,"column":35}},"8":{"start":{"line":45,"column":4},"end":{"line":93,"column":5}},"9":{"start":{"line":47,"column":8},"end":{"line":49,"column":9}},"10":{"start":{"line":50,"column":6},"end":{"line":53,"column":8}},"11":{"start":{"line":55,"column":28},"end":{"line":55,"column":56}},"12":{"start":{"line":56,"column":29},"end":{"line":56,"column":58}},"13":{"start":{"line":58,"column":26},"end":{"line":60,"column":7}},"14":{"start":{"line":62,"column":30},"end":{"line":62,"column":74}},"15":{"start":{"line":65,"column":8},"end":{"line":67,"column":9}},"16":{"start":{"line":69,"column":25},"end":{"line":69,"column":55}},"17":{"start":{"line":71,"column":30},"end":{"line":71,"column":79}},"18":{"start":{"line":73,"column":23},"end":{"line":73,"column":48}},"19":{"start":{"line":75,"column":26},"end":{"line":75,"column":73}},"20":{"start":{"line":77,"column":6},"end":{"line":77,"column":66}},"21":{"start":{"line":79,"column":35},"end":{"line":79,"column":71}},"22":{"start":{"line":81,"column":23},"end":{"line":86,"column":7}},"23":{"start":{"line":88,"column":21},"end":{"line":88,"column":64}},"24":{"start":{"line":90,"column":6},"end":{"line":90,"column":20}},"25":{"start":{"line":92,"column":6},"end":{"line":92,"column":65}},"26":{"start":{"line":96,"column":4},"end":{"line":123,"column":5}},"27":{"start":{"line":98,"column":8},"end":{"line":100,"column":9}},"28":{"start":{"line":102,"column":6},"end":{"line":105,"column":8}},"29":{"start":{"line":107,"column":20},"end":{"line":109,"column":7}},"30":{"start":{"line":110,"column":23},"end":{"line":118,"column":7}},"31":{"start":{"line":112,"column":10},"end":{"line":117,"column":11}},"32":{"start":{"line":120,"column":6},"end":{"line":120,"column":22}},"33":{"start":{"line":122,"column":6},"end":{"line":122,"column":62}},"34":{"start":{"line":127,"column":4},"end":{"line":136,"column":5}},"35":{"start":{"line":128,"column":19},"end":{"line":128,"column":61}},"36":{"start":{"line":130,"column":6},"end":{"line":130,"column":68}},"37":{"start":{"line":132,"column":6},"end":{"line":132,"column":57}},"38":{"start":{"line":133,"column":6},"end":{"line":133,"column":13}},"39":{"start":{"line":135,"column":6},"end":{"line":135,"column":74}},"40":{"start":{"line":140,"column":4},"end":{"line":148,"column":5}},"41":{"start":{"line":141,"column":19},"end":{"line":141,"column":60}},"42":{"start":{"line":142,"column":6},"end":{"line":142,"column":65}},"43":{"start":{"line":144,"column":6},"end":{"line":144,"column":47}},"44":{"start":{"line":145,"column":6},"end":{"line":145,"column":13}},"45":{"start":{"line":147,"column":6},"end":{"line":147,"column":66}},"46":{"start":{"line":152,"column":26},"end":{"line":159,"column":1}}},"fnMap":{"0":{"name":"(anonymous_0)","decl":{"start":{"line":11,"column":36},"end":{"line":11,"column":37}},"loc":{"start":{"line":11,"column":56},"end":{"line":16,"column":1}},"line":11},"1":{"name":"(anonymous_1)","decl":{"start":{"line":18,"column":32},"end":{"line":18,"column":33}},"loc":{"start":{"line":18,"column":79},"end":{"line":25,"column":1}},"line":18},"2":{"name":"(anonymous_2)","decl":{"start":{"line":28,"column":2},"end":{"line":28,"column":3}},"loc":{"start":{"line":35,"column":4},"end":{"line":42,"column":3}},"line":35},"3":{"name":"(anonymous_3)","decl":{"start":{"line":44,"column":2},"end":{"line":44,"column":3}},"loc":{"start":{"line":44,"column":54},"end":{"line":94,"column":3}},"line":44},"4":{"name":"(anonymous_4)","decl":{"start":{"line":95,"column":2},"end":{"line":95,"column":3}},"loc":{"start":{"line":95,"column":63},"end":{"line":124,"column":3}},"line":95},"5":{"name":"(anonymous_5)","decl":{"start":{"line":111,"column":8},"end":{"line":111,"column":9}},"loc":{"start":{"line":112,"column":10},"end":{"line":117,"column":11}},"line":112},"6":{"name":"(anonymous_6)","decl":{"start":{"line":126,"column":2},"end":{"line":126,"column":3}},"loc":{"start":{"line":126,"column":37},"end":{"line":137,"column":3}},"line":126},"7":{"name":"(anonymous_7)","decl":{"start":{"line":139,"column":2},"end":{"line":139,"column":3}},"loc":{"start":{"line":139,"column":27},"end":{"line":149,"column":3}},"line":139}},"branchMap":{"0":{"loc":{"start":{"line":19,"column":2},"end":{"line":24,"column":3}},"type":"if","locations":[{"start":{"line":19,"column":2},"end":{"line":24,"column":3}},{"start":{},"end":{}}],"line":19},"1":{"loc":{"start":{"line":20,"column":4},"end":{"line":21,"column":39}},"type":"binary-expr","locations":[{"start":{"line":20,"column":4},"end":{"line":20,"column":43}},{"start":{"line":21,"column":4},"end":{"line":21,"column":39}}],"line":20}},"s":{"0":1,"1":2,"2":2,"3":1,"4":5,"5":2,"6":2,"7":2,"8":0,"9":0,"10":0,"11":0,"12":0,"13":0,"14":0,"15":0,"16":0,"17":0,"18":0,"19":0,"20":0,"21":0,"22":0,"23":0,"24":0,"25":0,"26":2,"27":2,"28":2,"29":1,"30":1,"31":1,"32":1,"33":1,"34":1,"35":1,"36":1,"37":1,"38":1,"39":0,"40":1,"41":1,"42":1,"43":1,"44":1,"45":0,"46":1},"f":{"0":2,"1":5,"2":2,"3":0,"4":2,"5":1,"6":1,"7":1},"b":{"0":[2,3],"1":[5,4]},"_coverageSchema":"1a1c01bbd47fc00a2c39e90264f33305004495a9","hash":"cec5b9d00a4ae8306c09e2873f9dcca1d46d3192"}
,"E:\\JavaScript\\FinanceAdvisor\\src\\models\\repaymentScheduleModel.js": {"path":"E:\\JavaScript\\FinanceAdvisor\\src\\models\\repaymentScheduleModel.js","statementMap":{"0":{"start":{"line":10,"column":26},"end":{"line":16,"column":1}},"1":{"start":{"line":11,"column":22},"end":{"line":11,"column":36}},"2":{"start":{"line":12,"column":2},"end":{"line":14,"column":3}},"3":{"start":{"line":13,"column":4},"end":{"line":13,"column":57}},"4":{"start":{"line":15,"column":2},"end":{"line":15,"column":21}},"5":{"start":{"line":18,"column":36},"end":{"line":24,"column":1}},"6":{"start":{"line":19,"column":2},"end":{"line":21,"column":3}},"7":{"start":{"line":20,"column":4},"end":{"line":20,"column":42}},"8":{"start":{"line":22,"column":22},"end":{"line":22,"column":37}},"9":{"start":{"line":23,"column":2},"end":{"line":23,"column":21}},"10":{"start":{"line":26,"column":39},"end":{"line":36,"column":1}},"11":{"start":{"line":31,"column":22},"end":{"line":31,"column":45}},"12":{"start":{"line":32,"column":22},"end":{"line":32,"column":35}},"13":{"start":{"line":34,"column":4},"end":{"line":34,"column":78}},"14":{"start":{"line":35,"column":2},"end":{"line":35,"column":24}},"15":{"start":{"line":38,"column":41},"end":{"line":52,"column":1}},"16":{"start":{"line":39,"column":15},"end":{"line":39,"column":33}},"17":{"start":{"line":40,"column":16},"end":{"line":40,"column":31}},"18":{"start":{"line":42,"column":16},"end":{"line":42,"column":20}},"19":{"start":{"line":43,"column":17},"end":{"line":43,"column":26}},"20":{"start":{"line":45,"column":2},"end":{"line":48,"column":3}},"21":{"start":{"line":46,"column":4},"end":{"line":46,"column":14}},"22":{"start":{"line":47,"column":4},"end":{"line":47,"column":17}},"23":{"start":{"line":50,"column":27},"end":{"line":50,"column":57}},"24":{"start":{"line":51,"column":2},"end":{"line":51,"column":26}},"25":{"start":{"line":54,"column":29},"end":{"line":57,"column":1}},"26":{"start":{"line":55,"column":18},"end":{"line":55,"column":50}},"27":{"start":{"line":56,"column":2},"end":{"line":56,"column":17}},"28":{"start":{"line":67,"column":4},"end":{"line":71,"column":37}},"29":{"start":{"line":75,"column":4},"end":{"line":139,"column":5}},"30":{"start":{"line":76,"column":26},"end":{"line":78,"column":7}},"31":{"start":{"line":80,"column":6},"end":{"line":83,"column":8}},"32":{"start":{"line":85,"column":6},"end":{"line":89,"column":7}},"33":{"start":{"line":86,"column":8},"end":{"line":88,"column":10}},"34":{"start":{"line":91,"column":25},"end":{"line":91,"column":56}},"35":{"start":{"line":92,"column":30},"end":{"line":92,"column":70}},"36":{"start":{"line":95,"column":8},"end":{"line":97,"column":9}},"37":{"start":{"line":98,"column":25},"end":{"line":98,"column":55}},"38":{"start":{"line":100,"column":30},"end":{"line":100,"column":79}},"39":{"start":{"line":102,"column":23},"end":{"line":102,"column":48}},"40":{"start":{"line":103,"column":27},"end":{"line":103,"column":56}},"41":{"start":{"line":105,"column":26},"end":{"line":105,"column":60}},"42":{"start":{"line":107,"column":29},"end":{"line":111,"column":7}},"43":{"start":{"line":113,"column":35},"end":{"line":118,"column":7}},"44":{"start":{"line":121,"column":8},"end":{"line":123,"column":9}},"45":{"start":{"line":125,"column":31},"end":{"line":125,"column":73}},"46":{"start":{"line":127,"column":22},"end":{"line":132,"column":7}},"47":{"start":{"line":134,"column":6},"end":{"line":134,"column":49}},"48":{"start":{"line":136,"column":6},"end":{"line":136,"column":55}},"49":{"start":{"line":138,"column":6},"end":{"line":138,"column":69}},"50":{"start":{"line":143,"column":4},"end":{"line":153,"column":5}},"51":{"start":{"line":145,"column":8},"end":{"line":149,"column":9}},"52":{"start":{"line":150,"column":6},"end":{"line":150,"column":26}},"53":{"start":{"line":152,"column":6},"end":{"line":152,"column":79}},"54":{"start":{"line":156,"column":4},"end":{"line":175,"column":5}},"55":{"start":{"line":158,"column":8},"end":{"line":160,"column":9}},"56":{"start":{"line":161,"column":6},"end":{"line":164,"column":8}},"57":{"start":{"line":166,"column":6},"end":{"line":169,"column":8}},"58":{"start":{"line":170,"column":6},"end":{"line":170,"column":13}},"59":{"start":{"line":172,"column":6},"end":{"line":174,"column":8}},"60":{"start":{"line":178,"column":4},"end":{"line":194,"column":5}},"61":{"start":{"line":180,"column":8},"end":{"line":182,"column":9}},"62":{"start":{"line":183,"column":6},"end":{"line":186,"column":8}},"63":{"start":{"line":188,"column":6},"end":{"line":188,"column":76}},"64":{"start":{"line":189,"column":6},"end":{"line":189,"column":13}},"65":{"start":{"line":191,"column":6},"end":{"line":193,"column":8}},"66":{"start":{"line":198,"column":38},"end":{"line":204,"column":1}}},"fnMap":{"0":{"name":"(anonymous_0)","decl":{"start":{"line":10,"column":26},"end":{"line":10,"column":27}},"loc":{"start":{"line":10,"column":36},"end":{"line":16,"column":1}},"line":10},"1":{"name":"(anonymous_1)","decl":{"start":{"line":18,"column":36},"end":{"line":18,"column":37}},"loc":{"start":{"line":18,"column":46},"end":{"line":24,"column":1}},"line":18},"2":{"name":"(anonymous_2)","decl":{"start":{"line":26,"column":39},"end":{"line":26,"column":40}},"loc":{"start":{"line":30,"column":5},"end":{"line":36,"column":1}},"line":30},"3":{"name":"(anonymous_3)","decl":{"start":{"line":38,"column":41},"end":{"line":38,"column":42}},"loc":{"start":{"line":38,"column":51},"end":{"line":52,"column":1}},"line":38},"4":{"name":"(anonymous_4)","decl":{"start":{"line":54,"column":29},"end":{"line":54,"column":30}},"loc":{"start":{"line":54,"column":39},"end":{"line":57,"column":1}},"line":54},"5":{"name":"(anonymous_5)","decl":{"start":{"line":60,"column":2},"end":{"line":60,"column":3}},"loc":{"start":{"line":66,"column":4},"end":{"line":72,"column":3}},"line":66},"6":{"name":"(anonymous_6)","decl":{"start":{"line":74,"column":2},"end":{"line":74,"column":3}},"loc":{"start":{"line":74,"column":47},"end":{"line":140,"column":3}},"line":74},"7":{"name":"(anonymous_7)","decl":{"start":{"line":142,"column":2},"end":{"line":142,"column":3}},"loc":{"start":{"line":142,"column":59},"end":{"line":154,"column":3}},"line":142},"8":{"name":"(anonymous_8)","decl":{"start":{"line":155,"column":2},"end":{"line":155,"column":3}},"loc":{"start":{"line":155,"column":54},"end":{"line":176,"column":3}},"line":155},"9":{"name":"(anonymous_9)","decl":{"start":{"line":177,"column":2},"end":{"line":177,"column":3}},"loc":{"start":{"line":177,"column":44},"end":{"line":195,"column":3}},"line":177}},"branchMap":{"0":{"loc":{"start":{"line":12,"column":2},"end":{"line":14,"column":3}},"type":"if","locations":[{"start":{"line":12,"column":2},"end":{"line":14,"column":3}},{"start":{},"end":{}}],"line":12},"1":{"loc":{"start":{"line":19,"column":2},"end":{"line":21,"column":3}},"type":"if","locations":[{"start":{"line":19,"column":2},"end":{"line":21,"column":3}},{"start":{},"end":{}}],"line":19},"2":{"loc":{"start":{"line":45,"column":2},"end":{"line":48,"column":3}},"type":"if","locations":[{"start":{"line":45,"column":2},"end":{"line":48,"column":3}},{"start":{},"end":{}}],"line":45},"3":{"loc":{"start":{"line":85,"column":6},"end":{"line":89,"column":7}},"type":"if","locations":[{"start":{"line":85,"column":6},"end":{"line":89,"column":7}},{"start":{},"end":{}}],"line":85}},"s":{"0":2,"1":2,"2":2,"3":1,"4":1,"5":2,"6":2,"7":1,"8":1,"9":1,"10":2,"11":2,"12":2,"13":2,"14":2,"15":2,"16":2,"17":2,"18":2,"19":2,"20":2,"21":0,"22":0,"23":2,"24":2,"25":2,"26":3,"27":3,"28":3,"29":0,"30":0,"31":0,"32":0,"33":0,"34":0,"35":0,"36":0,"37":0,"38":0,"39":0,"40":0,"41":0,"42":0,"43":0,"44":0,"45":0,"46":0,"47":0,"48":0,"49":0,"50":1,"51":1,"52":1,"53":0,"54":0,"55":0,"56":0,"57":0,"58":0,"59":0,"60":1,"61":1,"62":1,"63":1,"64":1,"65":0,"66":2},"f":{"0":2,"1":2,"2":2,"3":2,"4":3,"5":3,"6":0,"7":1,"8":0,"9":1},"b":{"0":[1,1],"1":[1,1],"2":[0,2],"3":[0,0]},"_coverageSchema":"1a1c01bbd47fc00a2c39e90264f33305004495a9","hash":"65e37387c61309f0ecd8c3072c1f14f6658136ed"}
,"E:\\JavaScript\\FinanceAdvisor\\src\\models\\userModel.js": {"path":"E:\\JavaScript\\FinanceAdvisor\\src\\models\\userModel.js","statementMap":{"0":{"start":{"line":9,"column":0},"end":{"line":9,"column":16}},"1":{"start":{"line":10,"column":14},"end":{"line":10,"column":40}},"2":{"start":{"line":12,"column":29},"end":{"line":20,"column":1}},"3":{"start":{"line":13,"column":25},"end":{"line":13,"column":42}},"4":{"start":{"line":14,"column":2},"end":{"line":19,"column":3}},"5":{"start":{"line":15,"column":4},"end":{"line":15,"column":32}},"6":{"start":{"line":16,"column":4},"end":{"line":16,"column":16}},"7":{"start":{"line":18,"column":4},"end":{"line":18,"column":17}},"8":{"start":{"line":22,"column":28},"end":{"line":25,"column":1}},"9":{"start":{"line":23,"column":19},"end":{"line":23,"column":50}},"10":{"start":{"line":24,"column":2},"end":{"line":24,"column":18}},"11":{"start":{"line":27,"column":34},"end":{"line":30,"column":1}},"12":{"start":{"line":28,"column":2},"end":{"line":28,"column":42}},"13":{"start":{"line":29,"column":2},"end":{"line":29,"column":14}},"14":{"start":{"line":32,"column":26},"end":{"line":40,"column":1}},"15":{"start":{"line":33,"column":22},"end":{"line":33,"column":40}},"16":{"start":{"line":34,"column":2},"end":{"line":39,"column":3}},"17":{"start":{"line":35,"column":4},"end":{"line":35,"column":29}},"18":{"start":{"line":36,"column":4},"end":{"line":36,"column":16}},"19":{"start":{"line":38,"column":4},"end":{"line":38,"column":17}},"20":{"start":{"line":42,"column":26},"end":{"line":51,"column":1}},"21":{"start":{"line":43,"column":22},"end":{"line":43,"column":58}},"22":{"start":{"line":45,"column":2},"end":{"line":50,"column":3}},"23":{"start":{"line":46,"column":4},"end":{"line":46,"column":29}},"24":{"start":{"line":47,"column":4},"end":{"line":47,"column":16}},"25":{"start":{"line":49,"column":4},"end":{"line":49,"column":17}},"26":{"start":{"line":55,"column":4},"end":{"line":55,"column":31}},"27":{"start":{"line":69,"column":20},"end":{"line":77,"column":5}},"28":{"start":{"line":79,"column":4},"end":{"line":82,"column":6}},"29":{"start":{"line":83,"column":21},"end":{"line":83,"column":52}},"30":{"start":{"line":85,"column":28},"end":{"line":87,"column":5}},"31":{"start":{"line":89,"column":4},"end":{"line":91,"column":5}},"32":{"start":{"line":90,"column":6},"end":{"line":90,"column":56}},"33":{"start":{"line":92,"column":4},"end":{"line":101,"column":5}},"34":{"start":{"line":93,"column":21},"end":{"line":93,"column":71}},"35":{"start":{"line":95,"column":6},"end":{"line":97,"column":7}},"36":{"start":{"line":96,"column":8},"end":{"line":96,"column":73}},"37":{"start":{"line":98,"column":6},"end":{"line":98,"column":20}},"38":{"start":{"line":100,"column":6},"end":{"line":100,"column":61}},"39":{"start":{"line":105,"column":4},"end":{"line":124,"column":5}},"40":{"start":{"line":106,"column":6},"end":{"line":109,"column":8}},"41":{"start":{"line":111,"column":19},"end":{"line":111,"column":68}},"42":{"start":{"line":113,"column":6},"end":{"line":113,"column":56}},"43":{"start":{"line":115,"column":28},"end":{"line":115,"column":74}},"44":{"start":{"line":117,"column":6},"end":{"line":117,"column":65}},"45":{"start":{"line":119,"column":19},"end":{"line":119,"column":71}},"46":{"start":{"line":121,"column":6},"end":{"line":121,"column":18}},"47":{"start":{"line":123,"column":6},"end":{"line":123,"column":54}},"48":{"start":{"line":127,"column":4},"end":{"line":159,"column":5}},"49":{"start":{"line":128,"column":20},"end":{"line":128,"column":54}},"50":{"start":{"line":130,"column":23},"end":{"line":154,"column":8}},"51":{"start":{"line":131,"column":8},"end":{"line":153,"column":9}},"52":{"start":{"line":132,"column":22},"end":{"line":140,"column":11}},"53":{"start":{"line":142,"column":10},"end":{"line":150,"column":12}},"54":{"start":{"line":152,"column":10},"end":{"line":152,"column":70}},"55":{"start":{"line":156,"column":6},"end":{"line":156,"column":22}},"56":{"start":{"line":158,"column":6},"end":{"line":158,"column":57}},"57":{"start":{"line":162,"column":4},"end":{"line":206,"column":5}},"58":{"start":{"line":163,"column":19},"end":{"line":163,"column":60}},"59":{"start":{"line":165,"column":6},"end":{"line":165,"column":49}},"60":{"start":{"line":167,"column":22},"end":{"line":175,"column":7}},"61":{"start":{"line":177,"column":19},"end":{"line":184,"column":7}},"62":{"start":{"line":186,"column":6},"end":{"line":201,"column":7}},"63":{"start":{"line":187,"column":23},"end":{"line":187,"column":70}},"64":{"start":{"line":188,"column":8},"end":{"line":200,"column":9}},"65":{"start":{"line":189,"column":28},"end":{"line":194,"column":11}},"66":{"start":{"line":196,"column":10},"end":{"line":199,"column":12}},"67":{"start":{"line":203,"column":6},"end":{"line":203,"column":20}},"68":{"start":{"line":205,"column":6},"end":{"line":205,"column":59}},"69":{"start":{"line":209,"column":4},"end":{"line":217,"column":5}},"70":{"start":{"line":210,"column":19},"end":{"line":210,"column":60}},"71":{"start":{"line":212,"column":6},"end":{"line":212,"column":49}},"72":{"start":{"line":214,"column":6},"end":{"line":214,"column":60}},"73":{"start":{"line":216,"column":6},"end":{"line":216,"column":66}},"74":{"start":{"line":220,"column":4},"end":{"line":252,"column":5}},"75":{"start":{"line":221,"column":20},"end":{"line":221,"column":66}},"76":{"start":{"line":223,"column":27},"end":{"line":247,"column":8}},"77":{"start":{"line":224,"column":24},"end":{"line":232,"column":9}},"78":{"start":{"line":235,"column":8},"end":{"line":245,"column":9}},"79":{"start":{"line":239,"column":10},"end":{"line":244,"column":12}},"80":{"start":{"line":246,"column":8},"end":{"line":246,"column":49}},"81":{"start":{"line":249,"column":6},"end":{"line":249,"column":26}},"82":{"start":{"line":251,"column":6},"end":{"line":251,"column":68}},"83":{"start":{"line":256,"column":4},"end":{"line":276,"column":5}},"84":{"start":{"line":257,"column":19},"end":{"line":257,"column":60}},"85":{"start":{"line":259,"column":6},"end":{"line":259,"column":69}},"86":{"start":{"line":261,"column":6},"end":{"line":263,"column":7}},"87":{"start":{"line":262,"column":8},"end":{"line":262,"column":74}},"88":{"start":{"line":265,"column":6},"end":{"line":270,"column":7}},"89":{"start":{"line":266,"column":8},"end":{"line":269,"column":10}},"90":{"start":{"line":272,"column":6},"end":{"line":272,"column":52}},"91":{"start":{"line":273,"column":6},"end":{"line":273,"column":13}},"92":{"start":{"line":275,"column":6},"end":{"line":275,"column":77}},"93":{"start":{"line":279,"column":4},"end":{"line":287,"column":5}},"94":{"start":{"line":280,"column":19},"end":{"line":280,"column":60}},"95":{"start":{"line":281,"column":6},"end":{"line":281,"column":69}},"96":{"start":{"line":283,"column":6},"end":{"line":283,"column":46}},"97":{"start":{"line":284,"column":6},"end":{"line":284,"column":13}},"98":{"start":{"line":286,"column":6},"end":{"line":286,"column":68}},"99":{"start":{"line":291,"column":25},"end":{"line":291,"column":49}}},"fnMap":{"0":{"name":"(anonymous_0)","decl":{"start":{"line":12,"column":29},"end":{"line":12,"column":30}},"loc":{"start":{"line":12,"column":40},"end":{"line":20,"column":1}},"line":12},"1":{"name":"(anonymous_1)","decl":{"start":{"line":22,"column":28},"end":{"line":22,"column":29}},"loc":{"start":{"line":22,"column":45},"end":{"line":25,"column":1}},"line":22},"2":{"name":"(anonymous_2)","decl":{"start":{"line":27,"column":34},"end":{"line":27,"column":35}},"loc":{"start":{"line":27,"column":63},"end":{"line":30,"column":1}},"line":27},"3":{"name":"(anonymous_3)","decl":{"start":{"line":32,"column":26},"end":{"line":32,"column":27}},"loc":{"start":{"line":32,"column":37},"end":{"line":40,"column":1}},"line":32},"4":{"name":"(anonymous_4)","decl":{"start":{"line":42,"column":26},"end":{"line":42,"column":27}},"loc":{"start":{"line":42,"column":37},"end":{"line":51,"column":1}},"line":42},"5":{"name":"(anonymous_5)","decl":{"start":{"line":54,"column":2},"end":{"line":54,"column":3}},"loc":{"start":{"line":54,"column":25},"end":{"line":56,"column":3}},"line":54},"6":{"name":"(anonymous_6)","decl":{"start":{"line":58,"column":2},"end":{"line":58,"column":3}},"loc":{"start":{"line":68,"column":4},"end":{"line":102,"column":3}},"line":68},"7":{"name":"(anonymous_7)","decl":{"start":{"line":104,"column":2},"end":{"line":104,"column":3}},"loc":{"start":{"line":104,"column":41},"end":{"line":125,"column":3}},"line":104},"8":{"name":"(anonymous_8)","decl":{"start":{"line":126,"column":2},"end":{"line":126,"column":3}},"loc":{"start":{"line":126,"column":22},"end":{"line":160,"column":3}},"line":126},"9":{"name":"(anonymous_9)","decl":{"start":{"line":130,"column":33},"end":{"line":130,"column":34}},"loc":{"start":{"line":130,"column":43},"end":{"line":154,"column":7}},"line":130},"10":{"name":"(anonymous_10)","decl":{"start":{"line":161,"column":2},"end":{"line":161,"column":3}},"loc":{"start":{"line":161,"column":28},"end":{"line":207,"column":3}},"line":161},"11":{"name":"(anonymous_11)","decl":{"start":{"line":208,"column":2},"end":{"line":208,"column":3}},"loc":{"start":{"line":208,"column":34},"end":{"line":218,"column":3}},"line":208},"12":{"name":"(anonymous_12)","decl":{"start":{"line":219,"column":2},"end":{"line":219,"column":3}},"loc":{"start":{"line":219,"column":34},"end":{"line":253,"column":3}},"line":219},"13":{"name":"(anonymous_13)","decl":{"start":{"line":223,"column":37},"end":{"line":223,"column":38}},"loc":{"start":{"line":223,"column":47},"end":{"line":247,"column":7}},"line":223},"14":{"name":"(anonymous_14)","decl":{"start":{"line":255,"column":2},"end":{"line":255,"column":3}},"loc":{"start":{"line":255,"column":33},"end":{"line":277,"column":3}},"line":255},"15":{"name":"(anonymous_15)","decl":{"start":{"line":278,"column":2},"end":{"line":278,"column":3}},"loc":{"start":{"line":278,"column":27},"end":{"line":288,"column":3}},"line":278}},"branchMap":{"0":{"loc":{"start":{"line":89,"column":4},"end":{"line":91,"column":5}},"type":"if","locations":[{"start":{"line":89,"column":4},"end":{"line":91,"column":5}},{"start":{},"end":{}}],"line":89},"1":{"loc":{"start":{"line":95,"column":6},"end":{"line":97,"column":7}},"type":"if","locations":[{"start":{"line":95,"column":6},"end":{"line":97,"column":7}},{"start":{},"end":{}}],"line":95},"2":{"loc":{"start":{"line":186,"column":6},"end":{"line":201,"column":7}},"type":"if","locations":[{"start":{"line":186,"column":6},"end":{"line":201,"column":7}},{"start":{},"end":{}}],"line":186},"3":{"loc":{"start":{"line":188,"column":8},"end":{"line":200,"column":9}},"type":"if","locations":[{"start":{"line":188,"column":8},"end":{"line":200,"column":9}},{"start":{},"end":{}}],"line":188},"4":{"loc":{"start":{"line":235,"column":8},"end":{"line":245,"column":9}},"type":"if","locations":[{"start":{"line":235,"column":8},"end":{"line":245,"column":9}},{"start":{},"end":{}}],"line":235},"5":{"loc":{"start":{"line":236,"column":10},"end":{"line":237,"column":76}},"type":"binary-expr","locations":[{"start":{"line":236,"column":10},"end":{"line":236,"column":24}},{"start":{"line":237,"column":11},"end":{"line":237,"column":24}},{"start":{"line":237,"column":28},"end":{"line":237,"column":47}},{"start":{"line":237,"column":51},"end":{"line":237,"column":75}}],"line":236},"6":{"loc":{"start":{"line":261,"column":6},"end":{"line":263,"column":7}},"type":"if","locations":[{"start":{"line":261,"column":6},"end":{"line":263,"column":7}},{"start":{},"end":{}}],"line":261},"7":{"loc":{"start":{"line":265,"column":6},"end":{"line":270,"column":7}},"type":"if","locations":[{"start":{"line":265,"column":6},"end":{"line":270,"column":7}},{"start":{},"end":{}}],"line":265}},"s":{"0":2,"1":2,"2":2,"3":6,"4":6,"5":6,"6":4,"7":2,"8":2,"9":4,"10":4,"11":2,"12":1,"13":1,"14":2,"15":5,"16":5,"17":5,"18":2,"19":3,"20":2,"21":5,"22":5,"23":5,"24":2,"25":3,"26":3,"27":2,"28":2,"29":2,"30":2,"31":2,"32":0,"33":2,"34":2,"35":2,"36":1,"37":2,"38":0,"39":0,"40":0,"41":0,"42":0,"43":0,"44":0,"45":0,"46":0,"47":0,"48":1,"49":1,"50":1,"51":2,"52":2,"53":2,"54":0,"55":1,"56":0,"57":1,"58":1,"59":1,"60":1,"61":1,"62":1,"63":1,"64":1,"65":0,"66":0,"67":1,"68":0,"69":1,"70":1,"71":1,"72":1,"73":0,"74":1,"75":1,"76":1,"77":1,"78":1,"79":0,"80":1,"81":1,"82":0,"83":1,"84":1,"85":1,"86":1,"87":1,"88":1,"89":1,"90":1,"91":1,"92":0,"93":1,"94":1,"95":1,"96":1,"97":1,"98":0,"99":2},"f":{"0":6,"1":4,"2":1,"3":5,"4":5,"5":3,"6":2,"7":0,"8":1,"9":2,"10":1,"11":1,"12":1,"13":1,"14":1,"15":1},"b":{"0":[0,2],"1":[1,1],"2":[1,0],"3":[0,1],"4":[0,1],"5":[1,0,0,0],"6":[1,0],"7":[1,0]},"_coverageSchema":"1a1c01bbd47fc00a2c39e90264f33305004495a9","hash":"561f5366d0bdff2f59faa15675acc4cd82bd6b6e"}
,"E:\\JavaScript\\FinanceAdvisor\\utils\\helper.js": {"path":"E:\\JavaScript\\FinanceAdvisor\\utils\\helper.js","statementMap":{"0":{"start":{"line":1,"column":33},"end":{"line":5,"column":1}},"1":{"start":{"line":2,"column":2},"end":{"line":4,"column":3}},"2":{"start":{"line":3,"column":4},"end":{"line":3,"column":27}}},"fnMap":{"0":{"name":"(anonymous_0)","decl":{"start":{"line":1,"column":33},"end":{"line":1,"column":34}},"loc":{"start":{"line":1,"column":51},"end":{"line":5,"column":1}},"line":1}},"branchMap":{"0":{"loc":{"start":{"line":2,"column":2},"end":{"line":4,"column":3}},"type":"if","locations":[{"start":{"line":2,"column":2},"end":{"line":4,"column":3}},{"start":{},"end":{}}],"line":2}},"s":{"0":10,"1":35,"2":10},"f":{"0":35},"b":{"0":[10,25]},"_coverageSchema":"1a1c01bbd47fc00a2c39e90264f33305004495a9","hash":"a68b9e2e152881a13553333cf122cf8b9e0e25e3"}
}
