TN:
SF:db\postgress\dbPool.js
FNF:0
FNH:0
DA:4,9
DA:6,9
DA:8,9
LF:3
LH:3
BRF:0
BRH:0
end_of_record
TN:
SF:src\controllers\loanTypeController.js
FN:4,(anonymous_0)
FN:8,(anonymous_1)
FN:26,(anonymous_2)
FN:38,(anonymous_3)
FN:55,(anonymous_4)
FN:75,(anonymous_5)
FNF:6
FNH:3
FNDA:4,(anonymous_0)
FNDA:2,(anonymous_1)
FNDA:0,(anonymous_2)
FNDA:3,(anonymous_3)
FNDA:0,(anonymous_4)
FNDA:0,(anonymous_5)
DA:5,4
DA:8,4
DA:9,2
DA:10,2
DA:16,1
DA:20,1
DA:26,4
DA:27,0
DA:28,0
DA:29,0
DA:31,0
DA:32,0
DA:38,4
DA:39,3
DA:40,3
DA:42,3
DA:43,1
DA:46,2
DA:47,1
DA:49,2
DA:55,4
DA:56,0
DA:57,0
DA:62,0
DA:68,0
DA:69,0
DA:75,4
DA:76,0
DA:77,0
DA:78,0
DA:80,0
DA:81,0
DA:89,1
LF:33
LH:18
BRDA:42,0,0,1
BRDA:42,0,1,2
BRF:2
BRH:2
end_of_record
TN:
SF:src\dto\applicationDTO.js
FN:2,(anonymous_0)
FNF:1
FNH:1
FNDA:4,(anonymous_0)
DA:8,4
DA:9,4
DA:10,4
DA:11,4
LF:4
LH:4
BRDA:3,0,0,0
BRF:1
BRH:0
end_of_record
TN:
SF:src\dto\clientDTO.js
FN:2,(anonymous_0)
FNF:1
FNH:1
FNDA:1,(anonymous_0)
DA:3,1
DA:4,1
DA:5,1
DA:6,1
LF:4
LH:4
BRDA:2,0,0,0
BRF:1
BRH:0
end_of_record
TN:
SF:src\dto\docDTO.js
FN:11,(anonymous_0)
FN:23,(anonymous_1)
FNF:2
FNH:2
FNDA:8,(anonymous_0)
FNDA:8,(anonymous_1)
DA:3,1
DA:17,8
DA:18,8
DA:19,8
DA:20,8
DA:24,8
DA:25,8
DA:27,1
LF:8
LH:8
BRDA:12,0,0,0
BRF:1
BRH:0
end_of_record
TN:
SF:src\dto\loanTypesDTO.js
FN:18,(anonymous_0)
FN:32,(anonymous_1)
FN:41,(anonymous_2)
FN:49,(anonymous_3)
FNF:4
FNH:4
FNDA:11,(anonymous_0)
FNDA:11,(anonymous_1)
FNDA:11,(anonymous_2)
FNDA:11,(anonymous_3)
DA:3,6
DA:10,6
DA:25,11
DA:26,11
DA:27,11
DA:28,11
DA:29,11
DA:33,11
DA:34,11
DA:35,11
DA:37,0
DA:42,11
DA:43,11
DA:45,0
DA:50,11
DA:51,11
DA:53,0
LF:17
LH:14
BRDA:19,0,0,0
BRF:1
BRH:0
end_of_record
TN:
SF:src\dto\maxLoanDTO.js
FN:2,(anonymous_0)
FNF:1
FNH:1
FNDA:2,(anonymous_0)
DA:8,2
DA:9,2
DA:10,2
DA:11,2
LF:4
LH:4
BRDA:3,0,0,0
BRF:1
BRH:0
end_of_record
TN:
SF:src\dto\notesDTO.js
FN:2,(anonymous_0)
FNF:1
FNH:1
FNDA:1,(anonymous_0)
DA:8,1
DA:9,1
DA:10,1
DA:11,1
LF:4
LH:4
BRDA:3,0,0,0
BRF:1
BRH:0
end_of_record
TN:
SF:src\dto\repaymentScheduleDTO.js
FN:2,(anonymous_0)
FNF:1
FNH:1
FNDA:1,(anonymous_0)
DA:8,1
DA:9,1
DA:10,1
DA:11,1
LF:4
LH:4
BRDA:3,0,0,0
BRF:1
BRH:0
end_of_record
TN:
SF:src\dto\userDTO.js
FN:6,(anonymous_0)
FN:24,(anonymous_1)
FN:34,(anonymous_2)
FN:43,(anonymous_3)
FNF:4
FNH:4
FNDA:7,(anonymous_0)
FNDA:7,(anonymous_1)
FNDA:7,(anonymous_2)
FNDA:7,(anonymous_3)
DA:3,4
DA:15,7
DA:16,7
DA:17,7
DA:18,7
DA:19,7
DA:20,7
DA:21,7
DA:25,7
DA:26,7
DA:27,7
DA:29,0
DA:30,0
DA:35,7
DA:36,7
DA:37,7
DA:39,0
DA:44,7
DA:45,7
DA:47,0
LF:20
LH:16
BRDA:7,0,0,0
BRF:1
BRH:0
end_of_record
TN:
SF:src\middlewere\checkRole.js
FN:4,(anonymous_0)
FN:8,(anonymous_1)
FNF:2
FNH:2
FNDA:4,(anonymous_0)
FNDA:5,(anonymous_1)
DA:5,4
DA:6,4
DA:9,5
DA:10,5
DA:11,5
DA:12,1
DA:14,4
DA:16,3
DA:17,2
DA:19,1
DA:22,2
DA:26,1
DA:27,1
LF:13
LH:13
BRDA:11,0,0,1
BRDA:11,0,1,4
BRDA:16,1,0,2
BRDA:16,1,1,1
BRF:4
BRH:4
end_of_record
TN:
SF:src\models\documentModel.js
FN:6,(anonymous_0)
FN:10,(anonymous_1)
FN:26,(anonymous_2)
FN:34,(anonymous_3)
FN:53,(anonymous_4)
FN:68,(anonymous_5)
FNF:6
FNH:6
FNDA:2,(anonymous_0)
FNDA:6,(anonymous_1)
FNDA:2,(anonymous_2)
FNDA:1,(anonymous_3)
FNDA:2,(anonymous_4)
FNDA:2,(anonymous_5)
DA:7,2
DA:11,6
DA:12,6
DA:19,5
DA:21,5
DA:23,1
DA:27,2
DA:28,2
DA:32,2
DA:34,1
DA:35,1
DA:41,1
DA:48,1
DA:50,1
DA:54,2
DA:55,2
DA:57,2
DA:62,1
DA:63,1
DA:65,1
DA:69,2
DA:70,2
DA:72,2
DA:77,1
DA:78,1
DA:80,1
DA:84,1
LF:27
LH:27
BRF:0
BRH:0
end_of_record
TN:
SF:src\models\loanApplicationModel.js
FN:9,(anonymous_0)
FN:19,(anonymous_1)
FN:33,(anonymous_2)
FN:83,(anonymous_3)
FN:114,(anonymous_4)
FN:135,(anonymous_5)
FN:152,(anonymous_6)
FN:155,(anonymous_7)
FNF:8
FNH:6
FNDA:3,(anonymous_0)
FNDA:2,(anonymous_1)
FNDA:1,(anonymous_2)
FNDA:0,(anonymous_3)
FNDA:0,(anonymous_4)
FNDA:2,(anonymous_5)
FNDA:1,(anonymous_6)
FNDA:2,(anonymous_7)
DA:9,1
DA:10,3
DA:11,1
DA:15,2
DA:26,2
DA:34,1
DA:35,1
DA:43,1
DA:44,1
DA:47,1
DA:51,1
DA:56,1
DA:58,1
DA:63,1
DA:64,1
DA:66,1
DA:71,1
DA:73,1
DA:77,1
DA:79,0
DA:84,0
DA:85,0
DA:89,0
DA:95,0
DA:98,0
DA:99,0
DA:100,0
DA:104,0
DA:107,0
DA:109,0
DA:114,0
DA:116,0
DA:117,0
DA:123,0
DA:125,0
DA:126,0
DA:128,0
DA:131,0
DA:136,2
DA:137,2
DA:141,2
DA:146,1
DA:147,1
DA:149,1
DA:153,1
DA:154,1
DA:155,1
DA:156,2
DA:163,2
DA:165,1
DA:167,0
DA:172,1
LF:52
LH:32
BRDA:10,0,0,1
BRDA:10,0,1,2
BRDA:116,1,0,0
BRDA:116,1,1,0
BRDA:125,2,0,0
BRDA:125,2,1,0
BRF:6
BRH:2
end_of_record
TN:
SF:src\models\loanTypeModel.js
FN:6,(anonymous_0)
FN:22,(anonymous_1)
FN:25,(anonymous_2)
FN:50,(anonymous_3)
FN:54,(anonymous_4)
FN:77,(anonymous_5)
FN:105,(anonymous_6)
FN:133,(anonymous_7)
FN:148,(anonymous_8)
FNF:9
FNH:9
FNDA:7,(anonymous_0)
FNDA:3,(anonymous_1)
FNDA:1,(anonymous_2)
FNDA:1,(anonymous_3)
FNDA:2,(anonymous_4)
FNDA:4,(anonymous_5)
FNDA:2,(anonymous_6)
FNDA:1,(anonymous_7)
FNDA:2,(anonymous_8)
DA:6,2
DA:7,7
DA:13,7
DA:14,7
DA:15,4
DA:17,3
DA:23,3
DA:26,1
DA:27,1
DA:35,1
DA:38,1
DA:39,1
DA:42,0
DA:44,0
DA:46,1
DA:51,1
DA:52,1
DA:54,1
DA:55,2
DA:62,2
DA:71,1
DA:73,0
DA:78,4
DA:79,4
DA:80,4
DA:81,0
DA:84,4
DA:92,4
DA:99,4
DA:101,0
DA:106,2
DA:107,2
DA:108,2
DA:109,0
DA:112,2
DA:120,2
DA:127,2
DA:129,0
DA:134,1
DA:135,1
DA:136,1
DA:137,0
DA:139,1
DA:140,0
DA:143,1
DA:145,0
DA:149,2
DA:150,2
DA:151,2
DA:153,2
DA:154,2
DA:156,0
DA:162,2
LF:53
LH:42
BRDA:38,0,0,1
BRDA:38,0,1,0
BRDA:80,1,0,0
BRDA:80,1,1,4
BRDA:108,2,0,0
BRDA:108,2,1,2
BRDA:136,3,0,0
BRDA:136,3,1,1
BRDA:139,4,0,0
BRDA:139,4,1,1
BRF:10
BRH:5
end_of_record
TN:
SF:src\models\maxLoanAmountModel.js
FN:9,(anonymous_0)
FN:14,(anonymous_1)
FN:19,(anonymous_2)
FN:24,(anonymous_3)
FN:37,(anonymous_4)
FN:53,(anonymous_5)
FN:64,(anonymous_6)
FN:122,(anonymous_7)
FN:157,(anonymous_8)
FNF:9
FNH:7
FNDA:2,(anonymous_0)
FNDA:2,(anonymous_1)
FNDA:1,(anonymous_2)
FNDA:4,(anonymous_3)
FNDA:0,(anonymous_4)
FNDA:2,(anonymous_5)
FNDA:0,(anonymous_6)
FNDA:1,(anonymous_7)
FNDA:1,(anonymous_8)
DA:9,1
DA:10,2
DA:11,2
DA:14,1
DA:15,2
DA:16,2
DA:19,1
DA:20,1
DA:21,1
DA:24,1
DA:25,4
DA:26,3
DA:31,1
DA:34,1
DA:37,1
DA:42,0
DA:44,0
DA:46,0
DA:47,0
DA:48,0
DA:49,0
DA:59,2
DA:65,0
DA:66,0
DA:71,0
DA:73,0
DA:74,0
DA:75,0
DA:77,0
DA:78,0
DA:79,0
DA:81,0
DA:83,0
DA:85,0
DA:91,0
DA:92,0
DA:95,0
DA:101,0
DA:108,0
DA:112,0
DA:117,0
DA:119,0
DA:123,1
DA:125,1
DA:127,1
DA:129,1
DA:136,1
DA:144,1
DA:152,1
DA:154,0
DA:158,1
DA:160,1
DA:163,1
DA:168,1
DA:171,1
DA:173,0
DA:180,1
LF:57
LH:29
BRDA:25,0,0,3
BRDA:25,0,1,1
BRDA:25,1,0,4
BRDA:25,1,1,3
BRDA:25,1,2,2
BRDA:91,2,0,0
BRDA:91,2,1,0
BRF:7
BRH:5
end_of_record
TN:
SF:src\models\notesModel.js
FN:11,(anonymous_0)
FN:18,(anonymous_1)
FN:28,(anonymous_2)
FN:44,(anonymous_3)
FN:95,(anonymous_4)
FN:111,(anonymous_5)
FN:126,(anonymous_6)
FN:139,(anonymous_7)
FNF:8
FNH:7
FNDA:2,(anonymous_0)
FNDA:5,(anonymous_1)
FNDA:2,(anonymous_2)
FNDA:0,(anonymous_3)
FNDA:2,(anonymous_4)
FNDA:1,(anonymous_5)
FNDA:1,(anonymous_6)
FNDA:1,(anonymous_7)
DA:11,1
DA:12,2
DA:15,2
DA:18,1
DA:19,5
DA:23,2
DA:36,2
DA:38,2
DA:45,0
DA:47,0
DA:50,0
DA:55,0
DA:56,0
DA:58,0
DA:62,0
DA:65,0
DA:69,0
DA:71,0
DA:73,0
DA:75,0
DA:77,0
DA:79,0
DA:81,0
DA:88,0
DA:90,0
DA:92,0
DA:96,2
DA:98,2
DA:102,2
DA:107,1
DA:110,1
DA:112,1
DA:120,1
DA:122,1
DA:127,1
DA:128,1
DA:130,1
DA:132,1
DA:133,1
DA:135,0
DA:140,1
DA:141,1
DA:142,1
DA:144,1
DA:145,1
DA:147,0
DA:152,1
LF:47
LH:27
BRDA:19,0,0,2
BRDA:19,0,1,3
BRDA:20,1,0,5
BRDA:20,1,1,4
BRF:4
BRH:4
end_of_record
TN:
SF:src\models\repaymentScheduleModel.js
FN:10,(anonymous_0)
FN:18,(anonymous_1)
FN:26,(anonymous_2)
FN:38,(anonymous_3)
FN:54,(anonymous_4)
FN:60,(anonymous_5)
FN:74,(anonymous_6)
FN:142,(anonymous_7)
FN:155,(anonymous_8)
FN:177,(anonymous_9)
FNF:10
FNH:8
FNDA:2,(anonymous_0)
FNDA:2,(anonymous_1)
FNDA:2,(anonymous_2)
FNDA:2,(anonymous_3)
FNDA:3,(anonymous_4)
FNDA:3,(anonymous_5)
FNDA:0,(anonymous_6)
FNDA:1,(anonymous_7)
FNDA:0,(anonymous_8)
FNDA:1,(anonymous_9)
DA:10,2
DA:11,2
DA:12,2
DA:13,1
DA:15,1
DA:18,2
DA:19,2
DA:20,1
DA:22,1
DA:23,1
DA:26,2
DA:31,2
DA:32,2
DA:34,2
DA:35,2
DA:38,2
DA:39,2
DA:40,2
DA:42,2
DA:43,2
DA:45,2
DA:46,0
DA:47,0
DA:50,2
DA:51,2
DA:54,2
DA:55,3
DA:56,3
DA:67,3
DA:75,0
DA:76,0
DA:80,0
DA:85,0
DA:86,0
DA:91,0
DA:92,0
DA:95,0
DA:98,0
DA:100,0
DA:102,0
DA:103,0
DA:105,0
DA:107,0
DA:113,0
DA:121,0
DA:125,0
DA:127,0
DA:134,0
DA:136,0
DA:138,0
DA:143,1
DA:145,1
DA:150,1
DA:152,0
DA:156,0
DA:158,0
DA:161,0
DA:166,0
DA:170,0
DA:172,0
DA:178,1
DA:180,1
DA:183,1
DA:188,1
DA:189,1
DA:191,0
DA:198,2
LF:67
LH:36
BRDA:12,0,0,1
BRDA:12,0,1,1
BRDA:19,1,0,1
BRDA:19,1,1,1
BRDA:45,2,0,0
BRDA:45,2,1,2
BRDA:85,3,0,0
BRDA:85,3,1,0
BRF:8
BRH:5
end_of_record
TN:
SF:src\models\userModel.js
FN:12,(anonymous_0)
FN:22,(anonymous_1)
FN:27,(anonymous_2)
FN:32,(anonymous_3)
FN:42,(anonymous_4)
FN:54,(anonymous_5)
FN:58,(anonymous_6)
FN:104,(anonymous_7)
FN:126,(anonymous_8)
FN:130,(anonymous_9)
FN:161,(anonymous_10)
FN:208,(anonymous_11)
FN:219,(anonymous_12)
FN:223,(anonymous_13)
FN:255,(anonymous_14)
FN:278,(anonymous_15)
FNF:16
FNH:15
FNDA:6,(anonymous_0)
FNDA:4,(anonymous_1)
FNDA:1,(anonymous_2)
FNDA:5,(anonymous_3)
FNDA:5,(anonymous_4)
FNDA:3,(anonymous_5)
FNDA:2,(anonymous_6)
FNDA:0,(anonymous_7)
FNDA:1,(anonymous_8)
FNDA:2,(anonymous_9)
FNDA:1,(anonymous_10)
FNDA:1,(anonymous_11)
FNDA:1,(anonymous_12)
FNDA:1,(anonymous_13)
FNDA:1,(anonymous_14)
FNDA:1,(anonymous_15)
DA:9,2
DA:10,2
DA:12,2
DA:13,6
DA:14,6
DA:15,6
DA:16,4
DA:18,2
DA:22,2
DA:23,4
DA:24,4
DA:27,2
DA:28,1
DA:29,1
DA:32,2
DA:33,5
DA:34,5
DA:35,5
DA:36,2
DA:38,3
DA:42,2
DA:43,5
DA:45,5
DA:46,5
DA:47,2
DA:49,3
DA:55,3
DA:69,2
DA:79,2
DA:83,2
DA:85,2
DA:89,2
DA:90,0
DA:92,2
DA:93,2
DA:95,2
DA:96,1
DA:98,2
DA:100,0
DA:105,0
DA:106,0
DA:111,0
DA:113,0
DA:115,0
DA:117,0
DA:119,0
DA:121,0
DA:123,0
DA:127,1
DA:128,1
DA:130,1
DA:131,2
DA:132,2
DA:142,2
DA:152,0
DA:156,1
DA:158,0
DA:162,1
DA:163,1
DA:165,1
DA:167,1
DA:177,1
DA:186,1
DA:187,1
DA:188,1
DA:189,0
DA:196,0
DA:203,1
DA:205,0
DA:209,1
DA:210,1
DA:212,1
DA:214,1
DA:216,0
DA:220,1
DA:221,1
DA:223,1
DA:224,1
DA:235,1
DA:239,0
DA:246,1
DA:249,1
DA:251,0
DA:256,1
DA:257,1
DA:259,1
DA:261,1
DA:262,1
DA:265,1
DA:266,1
DA:272,1
DA:273,1
DA:275,0
DA:279,1
DA:280,1
DA:281,1
DA:283,1
DA:284,1
DA:286,0
DA:291,2
LF:100
LH:79
BRDA:89,0,0,0
BRDA:89,0,1,2
BRDA:95,1,0,1
BRDA:95,1,1,1
BRDA:186,2,0,1
BRDA:186,2,1,0
BRDA:188,3,0,0
BRDA:188,3,1,1
BRDA:235,4,0,0
BRDA:235,4,1,1
BRDA:236,5,0,1
BRDA:236,5,1,0
BRDA:236,5,2,0
BRDA:236,5,3,0
BRDA:261,6,0,1
BRDA:261,6,1,0
BRDA:265,7,0,1
BRDA:265,7,1,0
BRF:18
BRH:9
end_of_record
TN:
SF:src\repositories\documentRepos.js
FN:4,(anonymous_0)
FN:7,(anonymous_1)
FN:19,(anonymous_2)
FN:26,(anonymous_3)
FN:42,(anonymous_4)
FN:53,(anonymous_5)
FN:69,(anonymous_6)
FNF:7
FNH:1
FNDA:2,(anonymous_0)
FNDA:0,(anonymous_1)
FNDA:0,(anonymous_2)
FNDA:0,(anonymous_3)
FNDA:0,(anonymous_4)
FNDA:0,(anonymous_5)
FNDA:0,(anonymous_6)
DA:5,2
DA:8,0
DA:9,0
DA:14,0
DA:16,0
DA:20,0
DA:21,0
DA:25,0
DA:26,0
DA:27,0
DA:34,0
DA:36,0
DA:39,0
DA:43,0
DA:44,0
DA:48,0
DA:50,0
DA:54,0
DA:55,0
DA:59,0
DA:60,0
DA:62,0
DA:65,0
DA:70,0
DA:71,0
DA:76,0
DA:78,0
DA:83,2
LF:28
LH:2
BRDA:25,0,0,0
BRDA:25,0,1,0
BRDA:59,1,0,0
BRDA:59,1,1,0
BRF:4
BRH:0
end_of_record
TN:
SF:src\repositories\loanApplicationRepos.js
FN:5,(anonymous_0)
FN:8,(anonymous_1)
FN:20,(anonymous_2)
FN:45,(anonymous_3)
FN:61,(anonymous_4)
FN:77,(anonymous_5)
FN:88,(anonymous_6)
FN:94,(anonymous_7)
FNF:8
FNH:1
FNDA:3,(anonymous_0)
FNDA:0,(anonymous_1)
FNDA:0,(anonymous_2)
FNDA:0,(anonymous_3)
FNDA:0,(anonymous_4)
FNDA:0,(anonymous_5)
FNDA:0,(anonymous_6)
FNDA:0,(anonymous_7)
DA:6,3
DA:9,0
DA:10,0
DA:15,0
DA:17,0
DA:21,0
DA:22,0
DA:26,0
DA:27,0
DA:28,0
DA:34,0
DA:39,0
DA:42,0
DA:46,0
DA:47,0
DA:52,0
DA:53,0
DA:55,0
DA:58,0
DA:62,0
DA:63,0
DA:68,0
DA:69,0
DA:71,0
DA:74,0
DA:78,0
DA:79,0
DA:83,0
DA:85,0
DA:89,0
DA:90,0
DA:93,0
DA:95,0
DA:103,0
DA:107,3
LF:35
LH:2
BRDA:26,0,0,0
BRDA:26,0,1,0
BRDA:52,1,0,0
BRDA:52,1,1,0
BRDA:68,2,0,0
BRDA:68,2,1,0
BRF:6
BRH:0
end_of_record
TN:
SF:src\repositories\loanTypeRepos.js
FN:5,(anonymous_0)
FN:8,(anonymous_1)
FN:25,(anonymous_2)
FN:49,(anonymous_3)
FN:54,(anonymous_4)
FN:70,(anonymous_5)
FN:96,(anonymous_6)
FN:126,(anonymous_7)
FNF:8
FNH:1
FNDA:6,(anonymous_0)
FNDA:0,(anonymous_1)
FNDA:0,(anonymous_2)
FNDA:0,(anonymous_3)
FNDA:0,(anonymous_4)
FNDA:0,(anonymous_5)
FNDA:0,(anonymous_6)
FNDA:0,(anonymous_7)
DA:6,6
DA:9,0
DA:10,0
DA:20,0
DA:22,0
DA:26,0
DA:27,0
DA:31,0
DA:32,0
DA:34,0
DA:41,0
DA:43,0
DA:46,0
DA:50,0
DA:51,0
DA:53,0
DA:55,0
DA:64,0
DA:66,0
DA:71,0
DA:72,0
DA:77,0
DA:78,0
DA:80,0
DA:87,0
DA:89,0
DA:92,0
DA:97,0
DA:98,0
DA:99,0
DA:101,0
DA:102,0
DA:103,0
DA:106,0
DA:107,0
DA:108,0
DA:111,0
DA:112,0
DA:113,0
DA:116,0
DA:118,0
DA:120,0
DA:121,0
DA:123,0
DA:127,0
DA:128,0
DA:132,0
DA:134,0
DA:138,6
LF:49
LH:2
BRDA:31,0,0,0
BRDA:31,0,1,0
BRDA:77,1,0,0
BRDA:77,1,1,0
BRDA:101,2,0,0
BRDA:101,2,1,0
BRDA:106,3,0,0
BRDA:106,3,1,0
BRDA:111,4,0,0
BRDA:111,4,1,0
BRDA:116,5,0,0
BRDA:116,5,1,0
BRF:12
BRH:0
end_of_record
TN:
SF:src\repositories\loanType_MaxLoanAmountRepos.js
FN:4,(anonymous_0)
FN:7,(anonymous_1)
FN:19,(anonymous_2)
FNF:3
FNH:1
FNDA:4,(anonymous_0)
FNDA:0,(anonymous_1)
FNDA:0,(anonymous_2)
DA:5,4
DA:8,0
DA:9,0
DA:13,0
DA:15,0
DA:20,0
DA:21,0
DA:25,0
DA:26,0
DA:28,0
DA:31,0
DA:36,4
LF:12
LH:2
BRDA:25,0,0,0
BRDA:25,0,1,0
BRF:2
BRH:0
end_of_record
TN:
SF:src\repositories\maxLoanAmountRepos.js
FN:5,(anonymous_0)
FN:9,(anonymous_1)
FN:24,(anonymous_2)
FN:45,(anonymous_3)
FN:69,(anonymous_4)
FNF:5
FNH:0
FNDA:0,(anonymous_0)
FNDA:0,(anonymous_1)
FNDA:0,(anonymous_2)
FNDA:0,(anonymous_3)
FNDA:0,(anonymous_4)
DA:6,0
DA:10,0
DA:11,0
DA:19,0
DA:21,0
DA:25,0
DA:26,0
DA:35,0
DA:36,0
DA:38,0
DA:41,0
DA:46,0
DA:47,0
DA:52,0
DA:53,0
DA:55,0
DA:61,0
DA:63,0
DA:66,0
DA:70,0
DA:71,0
DA:75,0
DA:77,0
DA:82,2
LF:24
LH:1
BRDA:35,0,0,0
BRDA:35,0,1,0
BRDA:52,1,0,0
BRDA:52,1,1,0
BRF:4
BRH:0
end_of_record
TN:
SF:src\repositories\notesRepos.js
FN:5,(anonymous_0)
FN:8,(anonymous_1)
FN:25,(anonymous_2)
FN:50,(anonymous_3)
FN:58,(anonymous_4)
FN:72,(anonymous_5)
FN:94,(anonymous_6)
FN:106,(anonymous_7)
FNF:8
FNH:1
FNDA:2,(anonymous_0)
FNDA:0,(anonymous_1)
FNDA:0,(anonymous_2)
FNDA:0,(anonymous_3)
FNDA:0,(anonymous_4)
FNDA:0,(anonymous_5)
FNDA:0,(anonymous_6)
FNDA:0,(anonymous_7)
DA:6,2
DA:9,0
DA:10,0
DA:20,0
DA:22,0
DA:30,0
DA:31,0
DA:38,0
DA:39,0
DA:41,0
DA:42,0
DA:44,0
DA:47,0
DA:51,0
DA:52,0
DA:56,0
DA:57,0
DA:59,0
DA:66,0
DA:69,0
DA:73,0
DA:74,0
DA:78,0
DA:79,0
DA:86,0
DA:88,0
DA:91,0
DA:95,0
DA:96,0
DA:101,0
DA:103,0
DA:107,0
DA:108,0
DA:112,0
DA:114,0
DA:119,2
LF:36
LH:2
BRDA:41,0,0,0
BRDA:41,0,1,0
BRDA:56,1,0,0
BRDA:56,1,1,0
BRDA:78,2,0,0
BRDA:78,2,1,0
BRF:6
BRH:0
end_of_record
TN:
SF:src\repositories\repaymentScheduleRepos.js
FN:5,(anonymous_0)
FN:8,(anonymous_1)
FN:25,(anonymous_2)
FN:45,(anonymous_3)
FN:70,(anonymous_4)
FN:82,(anonymous_5)
FNF:6
FNH:1
FNDA:2,(anonymous_0)
FNDA:0,(anonymous_1)
FNDA:0,(anonymous_2)
FNDA:0,(anonymous_3)
FNDA:0,(anonymous_4)
FNDA:0,(anonymous_5)
DA:6,2
DA:9,0
DA:10,0
DA:20,0
DA:22,0
DA:26,0
DA:27,0
DA:32,0
DA:34,0
DA:40,0
DA:42,0
DA:50,0
DA:51,0
DA:58,0
DA:59,0
DA:61,0
DA:62,0
DA:64,0
DA:67,0
DA:71,0
DA:72,0
DA:77,0
DA:79,0
DA:83,0
DA:84,0
DA:89,0
DA:91,0
DA:96,2
LF:28
LH:2
BRDA:61,0,0,0
BRDA:61,0,1,0
BRF:2
BRH:0
end_of_record
TN:
SF:src\repositories\userRepos.js
FN:6,(anonymous_0)
FN:9,(anonymous_1)
FN:29,(anonymous_2)
FN:41,(anonymous_3)
FN:68,(anonymous_4)
FN:94,(anonymous_5)
FN:98,(anonymous_6)
FN:113,(anonymous_7)
FN:135,(anonymous_8)
FN:197,(anonymous_9)
FN:265,(anonymous_10)
FN:275,(anonymous_11)
FN:290,(anonymous_12)
FNF:13
FNH:1
FNDA:4,(anonymous_0)
FNDA:0,(anonymous_1)
FNDA:0,(anonymous_2)
FNDA:0,(anonymous_3)
FNDA:0,(anonymous_4)
FNDA:0,(anonymous_5)
FNDA:0,(anonymous_6)
FNDA:0,(anonymous_7)
FNDA:0,(anonymous_8)
FNDA:0,(anonymous_9)
FNDA:0,(anonymous_10)
FNDA:0,(anonymous_11)
FNDA:0,(anonymous_12)
DA:7,4
DA:10,0
DA:11,0
DA:24,0
DA:26,0
DA:30,0
DA:31,0
DA:36,0
DA:38,0
DA:42,0
DA:43,0
DA:47,0
DA:48,0
DA:49,0
DA:58,0
DA:60,0
DA:63,0
DA:64,0
DA:69,0
DA:70,0
DA:75,0
DA:76,0
DA:77,0
DA:86,0
DA:88,0
DA:91,0
DA:95,0
DA:96,0
DA:97,0
DA:99,0
DA:110,0
DA:114,0
DA:115,0
DA:120,0
DA:121,0
DA:128,0
DA:131,0
DA:136,0
DA:137,0
DA:138,0
DA:141,0
DA:143,0
DA:145,0
DA:146,0
DA:149,0
DA:152,0
DA:154,0
DA:155,0
DA:156,0
DA:158,0
DA:159,0
DA:160,0
DA:162,0
DA:163,0
DA:164,0
DA:166,0
DA:167,0
DA:168,0
DA:170,0
DA:171,0
DA:172,0
DA:174,0
DA:175,0
DA:176,0
DA:178,0
DA:179,0
DA:180,0
DA:183,0
DA:184,0
DA:187,0
DA:188,0
DA:191,0
DA:192,0
DA:194,0
DA:198,0
DA:199,0
DA:200,0
DA:206,0
DA:207,0
DA:209,0
DA:210,0
DA:211,0
DA:214,0
DA:215,0
DA:216,0
DA:219,0
DA:220,0
DA:221,0
DA:224,0
DA:225,0
DA:226,0
DA:229,0
DA:233,0
DA:235,0
DA:236,0
DA:238,0
DA:239,0
DA:240,0
DA:242,0
DA:243,0
DA:244,0
DA:247,0
DA:248,0
DA:249,0
DA:252,0
DA:255,0
DA:256,0
DA:258,0
DA:260,0
DA:262,0
DA:266,0
DA:267,0
DA:270,0
DA:272,0
DA:276,0
DA:277,0
DA:281,0
DA:282,0
DA:284,0
DA:287,0
DA:291,0
DA:292,0
DA:296,0
DA:297,0
DA:304,0
DA:307,0
DA:312,4
LF:127
LH:2
BRDA:47,0,0,0
BRDA:47,0,1,0
BRDA:75,1,0,0
BRDA:75,1,1,0
BRDA:120,2,0,0
BRDA:120,2,1,0
BRDA:145,3,0,0
BRDA:145,3,1,0
BRDA:154,4,0,0
BRDA:154,4,1,0
BRDA:158,5,0,0
BRDA:158,5,1,0
BRDA:162,6,0,0
BRDA:162,6,1,0
BRDA:166,7,0,0
BRDA:166,7,1,0
BRDA:170,8,0,0
BRDA:170,8,1,0
BRDA:174,9,0,0
BRDA:174,9,1,0
BRDA:178,10,0,0
BRDA:178,10,1,0
BRDA:183,11,0,0
BRDA:183,11,1,0
BRDA:187,12,0,0
BRDA:187,12,1,0
BRDA:200,13,0,0
BRDA:200,13,1,0
BRDA:201,14,0,0
BRDA:201,14,1,0
BRDA:201,14,2,0
BRDA:201,14,3,0
BRDA:209,15,0,0
BRDA:209,15,1,0
BRDA:214,16,0,0
BRDA:214,16,1,0
BRDA:219,17,0,0
BRDA:219,17,1,0
BRDA:224,18,0,0
BRDA:224,18,1,0
BRDA:229,19,0,0
BRDA:229,19,1,0
BRDA:238,20,0,0
BRDA:238,20,1,0
BRDA:238,21,0,0
BRDA:238,21,1,0
BRDA:242,22,0,0
BRDA:242,22,1,0
BRDA:247,23,0,0
BRDA:247,23,1,0
BRDA:252,24,0,0
BRDA:252,24,1,0
BRDA:281,25,0,0
BRDA:281,25,1,0
BRDA:296,26,0,0
BRDA:296,26,1,0
BRF:56
BRH:0
end_of_record
TN:
SF:utils\helper.js
FN:1,(anonymous_0)
FNF:1
FNH:1
FNDA:35,(anonymous_0)
DA:1,10
DA:2,35
DA:3,10
LF:3
LH:3
BRDA:2,0,0,10
BRDA:2,0,1,25
BRF:2
BRH:2
end_of_record
